<?xml version="1.0" encoding="UTF-8"?>
<robot generator="Robot 7.0 (Python 3.12.3 on linux)" generated="2024-05-07T19:04:25.451455" rpa="false" schemaversion="5">
<suite id="s1" name="Test Cases" source="/home/runner/work/fast2mine/fast2mine/test_cases">
<suite id="s1-s1" name="menu Operador" source="/home/runner/work/fast2mine/fast2mine/test_cases/menu_Operador.robot">
<test id="s1-s1-t1" name="Cenario 01 - Inserir novos registros na aba grupo" line="19">
<kw name="Acessar o site Fast2 Mine" owner="base" type="SETUP">
<kw name="Evaluate" owner="BuiltIn">
<msg time="2024-05-07T19:04:25.927155" level="INFO">${chrome_options} = &lt;selenium.webdriver.chrome.options.Options object at 0x7f1266c7ba70&gt;</msg>
<var>${chrome_options}</var>
<arg>sys.modules['selenium.webdriver'].ChromeOptions()</arg>
<arg>sys, selenium.webdriver</arg>
<doc>Evaluates the given expression in Python and returns the result.</doc>
<status status="PASS" start="2024-05-07T19:04:25.926851" elapsed="0.000344"/>
</kw>
<kw name="Create Dictionary" owner="BuiltIn">
<msg time="2024-05-07T19:04:25.927682" level="INFO">${prefs} = {'download.default_directory': 'C:\\Fast2mine - miningcontrol\\fast2_mine_main\\fast2mine\\resources\\data', 'download.prompt_for_download': 'False'}</msg>
<var>${prefs}</var>
<arg>download.default_directory=${download_path}</arg>
<arg>download.prompt_for_download=False</arg>
<doc>Creates and returns a dictionary based on the given ``items``.</doc>
<status status="PASS" start="2024-05-07T19:04:25.927369" elapsed="0.000341"/>
</kw>
<kw name="Call Method" owner="BuiltIn">
<arg>${chrome_options}</arg>
<arg>add_experimental_option</arg>
<arg>prefs</arg>
<arg>${prefs}</arg>
<doc>Calls the named method of the given object with the provided arguments.</doc>
<status status="PASS" start="2024-05-07T19:04:25.927836" elapsed="0.000148"/>
</kw>
<kw name="Call Method" owner="BuiltIn">
<arg>${chrome_options}</arg>
<arg>add_argument</arg>
<arg>--safebrowsing-disable-download-protection</arg>
<doc>Calls the named method of the given object with the provided arguments.</doc>
<status status="PASS" start="2024-05-07T19:04:25.928098" elapsed="0.000116"/>
</kw>
<kw name="Open Browser" owner="SeleniumLibrary">
<msg time="2024-05-07T19:04:25.928611" level="INFO">Opening browser 'chrome' to base url 'https://homologacao-dev.miningcontrol.cloud/login'.</msg>
<msg time="2024-05-07T19:04:31.870097" level="INFO">Cannot capture screenshot because no browser is open.</msg>
<msg time="2024-05-07T19:04:31.870289" level="FAIL">SessionNotCreatedException: Message: session not created: Chrome failed to start: exited normally.
  (session not created: DevToolsActivePort file doesn't exist)
  (The process started from chrome location /usr/bin/google-chrome is no longer running, so ChromeDriver is assuming that Chrome has crashed.)
Stacktrace:
#0 0x55ec6af94e33 &lt;unknown&gt;
#1 0x55ec6ac84567 &lt;unknown&gt;
#2 0x55ec6acb89a9 &lt;unknown&gt;
#3 0x55ec6acb48c0 &lt;unknown&gt;
#4 0x55ec6acfd71d &lt;unknown&gt;
#5 0x55ec6acf1103 &lt;unknown&gt;
#6 0x55ec6acc21ba &lt;unknown&gt;
#7 0x55ec6acc2b8e &lt;unknown&gt;
#8 0x55ec6af5959b &lt;unknown&gt;
#9 0x55ec6af5d34b &lt;unknown&gt;
#10 0x55ec6af45681 &lt;unknown&gt;
#11 0x55ec6af5deb2 &lt;unknown&gt;
#12 0x55ec6af2a6af &lt;unknown&gt;
#13 0x55ec6af84428 &lt;unknown&gt;
#14 0x55ec6af84600 &lt;unknown&gt;
#15 0x55ec6af93f84 &lt;unknown&gt;
#16 0x7fbf27c94ac3 &lt;unknown&gt;
</msg>
<arg>${url_base}</arg>
<arg>browser=chrome</arg>
<arg>options=${chrome_options}</arg>
<doc>Opens a new browser instance to the optional ``url``.</doc>
<status status="FAIL" start="2024-05-07T19:04:25.928358" elapsed="5.943588">SessionNotCreatedException: Message: session not created: Chrome failed to start: exited normally.
  (session not created: DevToolsActivePort file doesn't exist)
  (The process started from chrome location /usr/bin/google-chrome is no longer running, so ChromeDriver is assuming that Chrome has crashed.)
Stacktrace:
#0 0x55ec6af94e33 &lt;unknown&gt;
#1 0x55ec6ac84567 &lt;unknown&gt;
#2 0x55ec6acb89a9 &lt;unknown&gt;
#3 0x55ec6acb48c0 &lt;unknown&gt;
#4 0x55ec6acfd71d &lt;unknown&gt;
#5 0x55ec6acf1103 &lt;unknown&gt;
#6 0x55ec6acc21ba &lt;unknown&gt;
#7 0x55ec6acc2b8e &lt;unknown&gt;
#8 0x55ec6af5959b &lt;unknown&gt;
#9 0x55ec6af5d34b &lt;unknown&gt;
#10 0x55ec6af45681 &lt;unknown&gt;
#11 0x55ec6af5deb2 &lt;unknown&gt;
#12 0x55ec6af2a6af &lt;unknown&gt;
#13 0x55ec6af84428 &lt;unknown&gt;
#14 0x55ec6af84600 &lt;unknown&gt;
#15 0x55ec6af93f84 &lt;unknown&gt;
#16 0x7fbf27c94ac3 &lt;unknown&gt;
</status>
</kw>
<kw name="Maximize Browser Window" owner="SeleniumLibrary">
<doc>Maximizes current browser window.</doc>
<status status="NOT RUN" start="2024-05-07T19:04:31.872186" elapsed="0.000035"/>
</kw>
<status status="FAIL" start="2024-05-07T19:04:25.925872" elapsed="5.946491">SessionNotCreatedException: Message: session not created: Chrome failed to start: exited normally.
  (session not created: DevToolsActivePort file doesn't exist)
  (The process started from chrome location /usr/bin/google-chrome is no longer running, so ChromeDriver is assuming that Chrome has crashed.)
Stacktrace:
#0 0x55ec6af94e33 &lt;unknown&gt;
#1 0x55ec6ac84567 &lt;unknown&gt;
#2 0x55ec6acb89a9 &lt;unknown&gt;
#3 0x55ec6acb48c0 &lt;unknown&gt;
#4 0x55ec6acfd71d &lt;unknown&gt;
#5 0x55ec6acf1103 &lt;unknown&gt;
#6 0x55ec6acc21ba &lt;unknown&gt;
#7 0x55ec6acc2b8e &lt;unknown&gt;
#8 0x55ec6af5959b &lt;unknown&gt;
#9 0x55ec6af5d34b &lt;unknown&gt;
#10 0x55ec6af45681 &lt;unknown&gt;
#11 0x55ec6af5deb2 &lt;unknown&gt;
#12 0x55ec6af2a6af &lt;unknown&gt;
#13 0x55ec6af84428 &lt;unknown&gt;
#14 0x55ec6af84600 &lt;unknown&gt;
#15 0x55ec6af93f84 &lt;unknown&gt;
#16 0x7fbf27c94ac3 &lt;unknown&gt;
</status>
</kw>
<kw name="Fechar o navegador" owner="base" type="TEARDOWN">
<kw name="Capture Page Screenshot" owner="SeleniumLibrary">
<msg time="2024-05-07T19:04:31.873085" level="INFO">Cannot capture screenshot because no browser is open.</msg>
<doc>Takes a screenshot of the current page and embeds it into a log file.</doc>
<status status="PASS" start="2024-05-07T19:04:31.872982" elapsed="0.000148"/>
</kw>
<kw name="Close Browser" owner="SeleniumLibrary">
<doc>Closes the current browser.</doc>
<status status="PASS" start="2024-05-07T19:04:31.873236" elapsed="0.000083"/>
</kw>
<status status="PASS" start="2024-05-07T19:04:31.872689" elapsed="0.000725"/>
</kw>
<tag>grupo</tag>
<status status="FAIL" start="2024-05-07T19:04:25.925083" elapsed="5.948379">Setup failed:
SessionNotCreatedException: Message: session not created: Chrome failed to start: exited normally.
  (session not created: DevToolsActivePort file doesn't exist)
  (The process started from chrome location /usr/bin/google-chrome is no longer running, so ChromeDriver is assuming that Chrome has crashed.)
Stacktrace:
#0 0x55ec6af94e33 &lt;unknown&gt;
#1 0x55ec6ac84567 &lt;unknown&gt;
#2 0x55ec6acb89a9 &lt;unknown&gt;
#3 0x55ec6acb48c0 &lt;unknown&gt;
#4 0x55ec6acfd71d &lt;unknown&gt;
#5 0x55ec6acf1103 &lt;unknown&gt;
#6 0x55ec6acc21ba &lt;unknown&gt;
#7 0x55ec6acc2b8e &lt;unknown&gt;
#8 0x55ec6af5959b &lt;unknown&gt;
#9 0x55ec6af5d34b &lt;unknown&gt;
#10 0x55ec6af45681 &lt;unknown&gt;
#11 0x55ec6af5deb2 &lt;unknown&gt;
#12 0x55ec6af2a6af &lt;unknown&gt;
#13 0x55ec6af84428 &lt;unknown&gt;
#14 0x55ec6af84600 &lt;unknown&gt;
#15 0x55ec6af93f84 &lt;unknown&gt;
#16 0x7fbf27c94ac3 &lt;unknown&gt;
</status>
</test>
<test id="s1-s1-t2" name="Cenario 02 - Importar planilha com novos registros" line="32">
<kw name="Acessar o site Fast2 Mine" owner="base" type="SETUP">
<kw name="Evaluate" owner="BuiltIn">
<msg time="2024-05-07T19:04:31.877092" level="INFO">${chrome_options} = &lt;selenium.webdriver.chrome.options.Options object at 0x7f1266c87d10&gt;</msg>
<var>${chrome_options}</var>
<arg>sys.modules['selenium.webdriver'].ChromeOptions()</arg>
<arg>sys, selenium.webdriver</arg>
<doc>Evaluates the given expression in Python and returns the result.</doc>
<status status="PASS" start="2024-05-07T19:04:31.876816" elapsed="0.000305"/>
</kw>
<kw name="Create Dictionary" owner="BuiltIn">
<msg time="2024-05-07T19:04:31.877544" level="INFO">${prefs} = {'download.default_directory': 'C:\\Fast2mine - miningcontrol\\fast2_mine_main\\fast2mine\\resources\\data', 'download.prompt_for_download': 'False'}</msg>
<var>${prefs}</var>
<arg>download.default_directory=${download_path}</arg>
<arg>download.prompt_for_download=False</arg>
<doc>Creates and returns a dictionary based on the given ``items``.</doc>
<status status="PASS" start="2024-05-07T19:04:31.877263" elapsed="0.000347"/>
</kw>
<kw name="Call Method" owner="BuiltIn">
<arg>${chrome_options}</arg>
<arg>add_experimental_option</arg>
<arg>prefs</arg>
<arg>${prefs}</arg>
<doc>Calls the named method of the given object with the provided arguments.</doc>
<status status="PASS" start="2024-05-07T19:04:31.877738" elapsed="0.000149"/>
</kw>
<kw name="Call Method" owner="BuiltIn">
<arg>${chrome_options}</arg>
<arg>add_argument</arg>
<arg>--safebrowsing-disable-download-protection</arg>
<doc>Calls the named method of the given object with the provided arguments.</doc>
<status status="PASS" start="2024-05-07T19:04:31.878002" elapsed="0.000115"/>
</kw>
<kw name="Open Browser" owner="SeleniumLibrary">
<msg time="2024-05-07T19:04:31.878475" level="INFO">Opening browser 'chrome' to base url 'https://homologacao-dev.miningcontrol.cloud/login'.</msg>
<msg time="2024-05-07T19:04:32.061787" level="INFO">Cannot capture screenshot because no browser is open.</msg>
<msg time="2024-05-07T19:04:32.061960" level="FAIL">SessionNotCreatedException: Message: session not created: Chrome failed to start: exited normally.
  (session not created: DevToolsActivePort file doesn't exist)
  (The process started from chrome location /usr/bin/google-chrome is no longer running, so ChromeDriver is assuming that Chrome has crashed.)
Stacktrace:
#0 0x5605068fee33 &lt;unknown&gt;
#1 0x5605065ee567 &lt;unknown&gt;
#2 0x5605066229a9 &lt;unknown&gt;
#3 0x56050661e8c0 &lt;unknown&gt;
#4 0x56050666771d &lt;unknown&gt;
#5 0x56050665b103 &lt;unknown&gt;
#6 0x56050662c1ba &lt;unknown&gt;
#7 0x56050662cb8e &lt;unknown&gt;
#8 0x5605068c359b &lt;unknown&gt;
#9 0x5605068c734b &lt;unknown&gt;
#10 0x5605068af681 &lt;unknown&gt;
#11 0x5605068c7eb2 &lt;unknown&gt;
#12 0x5605068946af &lt;unknown&gt;
#13 0x5605068ee428 &lt;unknown&gt;
#14 0x5605068ee600 &lt;unknown&gt;
#15 0x5605068fdf84 &lt;unknown&gt;
#16 0x7f1e2d694ac3 &lt;unknown&gt;
</msg>
<arg>${url_base}</arg>
<arg>browser=chrome</arg>
<arg>options=${chrome_options}</arg>
<doc>Opens a new browser instance to the optional ``url``.</doc>
<status status="FAIL" start="2024-05-07T19:04:31.878253" elapsed="0.184585">SessionNotCreatedException: Message: session not created: Chrome failed to start: exited normally.
  (session not created: DevToolsActivePort file doesn't exist)
  (The process started from chrome location /usr/bin/google-chrome is no longer running, so ChromeDriver is assuming that Chrome has crashed.)
Stacktrace:
#0 0x5605068fee33 &lt;unknown&gt;
#1 0x5605065ee567 &lt;unknown&gt;
#2 0x5605066229a9 &lt;unknown&gt;
#3 0x56050661e8c0 &lt;unknown&gt;
#4 0x56050666771d &lt;unknown&gt;
#5 0x56050665b103 &lt;unknown&gt;
#6 0x56050662c1ba &lt;unknown&gt;
#7 0x56050662cb8e &lt;unknown&gt;
#8 0x5605068c359b &lt;unknown&gt;
#9 0x5605068c734b &lt;unknown&gt;
#10 0x5605068af681 &lt;unknown&gt;
#11 0x5605068c7eb2 &lt;unknown&gt;
#12 0x5605068946af &lt;unknown&gt;
#13 0x5605068ee428 &lt;unknown&gt;
#14 0x5605068ee600 &lt;unknown&gt;
#15 0x5605068fdf84 &lt;unknown&gt;
#16 0x7f1e2d694ac3 &lt;unknown&gt;
</status>
</kw>
<kw name="Maximize Browser Window" owner="SeleniumLibrary">
<doc>Maximizes current browser window.</doc>
<status status="NOT RUN" start="2024-05-07T19:04:32.063079" elapsed="0.000034"/>
</kw>
<status status="FAIL" start="2024-05-07T19:04:31.874396" elapsed="0.188839">SessionNotCreatedException: Message: session not created: Chrome failed to start: exited normally.
  (session not created: DevToolsActivePort file doesn't exist)
  (The process started from chrome location /usr/bin/google-chrome is no longer running, so ChromeDriver is assuming that Chrome has crashed.)
Stacktrace:
#0 0x5605068fee33 &lt;unknown&gt;
#1 0x5605065ee567 &lt;unknown&gt;
#2 0x5605066229a9 &lt;unknown&gt;
#3 0x56050661e8c0 &lt;unknown&gt;
#4 0x56050666771d &lt;unknown&gt;
#5 0x56050665b103 &lt;unknown&gt;
#6 0x56050662c1ba &lt;unknown&gt;
#7 0x56050662cb8e &lt;unknown&gt;
#8 0x5605068c359b &lt;unknown&gt;
#9 0x5605068c734b &lt;unknown&gt;
#10 0x5605068af681 &lt;unknown&gt;
#11 0x5605068c7eb2 &lt;unknown&gt;
#12 0x5605068946af &lt;unknown&gt;
#13 0x5605068ee428 &lt;unknown&gt;
#14 0x5605068ee600 &lt;unknown&gt;
#15 0x5605068fdf84 &lt;unknown&gt;
#16 0x7f1e2d694ac3 &lt;unknown&gt;
</status>
</kw>
<kw name="Fechar o navegador" owner="base" type="TEARDOWN">
<kw name="Capture Page Screenshot" owner="SeleniumLibrary">
<msg time="2024-05-07T19:04:32.063906" level="INFO">Cannot capture screenshot because no browser is open.</msg>
<doc>Takes a screenshot of the current page and embeds it into a log file.</doc>
<status status="PASS" start="2024-05-07T19:04:32.063805" elapsed="0.000147"/>
</kw>
<kw name="Close Browser" owner="SeleniumLibrary">
<doc>Closes the current browser.</doc>
<status status="PASS" start="2024-05-07T19:04:32.064060" elapsed="0.000087"/>
</kw>
<status status="PASS" start="2024-05-07T19:04:32.063525" elapsed="0.000678"/>
</kw>
<tag>grupo_1</tag>
<status status="FAIL" start="2024-05-07T19:04:31.873807" elapsed="0.190440">Setup failed:
SessionNotCreatedException: Message: session not created: Chrome failed to start: exited normally.
  (session not created: DevToolsActivePort file doesn't exist)
  (The process started from chrome location /usr/bin/google-chrome is no longer running, so ChromeDriver is assuming that Chrome has crashed.)
Stacktrace:
#0 0x5605068fee33 &lt;unknown&gt;
#1 0x5605065ee567 &lt;unknown&gt;
#2 0x5605066229a9 &lt;unknown&gt;
#3 0x56050661e8c0 &lt;unknown&gt;
#4 0x56050666771d &lt;unknown&gt;
#5 0x56050665b103 &lt;unknown&gt;
#6 0x56050662c1ba &lt;unknown&gt;
#7 0x56050662cb8e &lt;unknown&gt;
#8 0x5605068c359b &lt;unknown&gt;
#9 0x5605068c734b &lt;unknown&gt;
#10 0x5605068af681 &lt;unknown&gt;
#11 0x5605068c7eb2 &lt;unknown&gt;
#12 0x5605068946af &lt;unknown&gt;
#13 0x5605068ee428 &lt;unknown&gt;
#14 0x5605068ee600 &lt;unknown&gt;
#15 0x5605068fdf84 &lt;unknown&gt;
#16 0x7f1e2d694ac3 &lt;unknown&gt;
</status>
</test>
<test id="s1-s1-t3" name="Cenário 03 - Editar Registros" line="44">
<kw name="Acessar o site Fast2 Mine" owner="base" type="SETUP">
<kw name="Evaluate" owner="BuiltIn">
<msg time="2024-05-07T19:04:32.065872" level="INFO">${chrome_options} = &lt;selenium.webdriver.chrome.options.Options object at 0x7f1266c8ffb0&gt;</msg>
<var>${chrome_options}</var>
<arg>sys.modules['selenium.webdriver'].ChromeOptions()</arg>
<arg>sys, selenium.webdriver</arg>
<doc>Evaluates the given expression in Python and returns the result.</doc>
<status status="PASS" start="2024-05-07T19:04:32.065525" elapsed="0.000389"/>
</kw>
<kw name="Create Dictionary" owner="BuiltIn">
<msg time="2024-05-07T19:04:32.066466" level="INFO">${prefs} = {'download.default_directory': 'C:\\Fast2mine - miningcontrol\\fast2_mine_main\\fast2mine\\resources\\data', 'download.prompt_for_download': 'False'}</msg>
<var>${prefs}</var>
<arg>download.default_directory=${download_path}</arg>
<arg>download.prompt_for_download=False</arg>
<doc>Creates and returns a dictionary based on the given ``items``.</doc>
<status status="PASS" start="2024-05-07T19:04:32.066114" elapsed="0.000392"/>
</kw>
<kw name="Call Method" owner="BuiltIn">
<arg>${chrome_options}</arg>
<arg>add_experimental_option</arg>
<arg>prefs</arg>
<arg>${prefs}</arg>
<doc>Calls the named method of the given object with the provided arguments.</doc>
<status status="PASS" start="2024-05-07T19:04:32.066685" elapsed="0.000214"/>
</kw>
<kw name="Call Method" owner="BuiltIn">
<arg>${chrome_options}</arg>
<arg>add_argument</arg>
<arg>--safebrowsing-disable-download-protection</arg>
<doc>Calls the named method of the given object with the provided arguments.</doc>
<status status="PASS" start="2024-05-07T19:04:32.067025" elapsed="0.000114"/>
</kw>
<kw name="Open Browser" owner="SeleniumLibrary">
<msg time="2024-05-07T19:04:32.067485" level="INFO">Opening browser 'chrome' to base url 'https://homologacao-dev.miningcontrol.cloud/login'.</msg>
<msg time="2024-05-07T19:04:32.252984" level="INFO">Cannot capture screenshot because no browser is open.</msg>
<msg time="2024-05-07T19:04:32.253146" level="FAIL">SessionNotCreatedException: Message: session not created: Chrome failed to start: exited normally.
  (session not created: DevToolsActivePort file doesn't exist)
  (The process started from chrome location /usr/bin/google-chrome is no longer running, so ChromeDriver is assuming that Chrome has crashed.)
Stacktrace:
#0 0x559c90d44e33 &lt;unknown&gt;
#1 0x559c90a34567 &lt;unknown&gt;
#2 0x559c90a689a9 &lt;unknown&gt;
#3 0x559c90a648c0 &lt;unknown&gt;
#4 0x559c90aad71d &lt;unknown&gt;
#5 0x559c90aa1103 &lt;unknown&gt;
#6 0x559c90a721ba &lt;unknown&gt;
#7 0x559c90a72b8e &lt;unknown&gt;
#8 0x559c90d0959b &lt;unknown&gt;
#9 0x559c90d0d34b &lt;unknown&gt;
#10 0x559c90cf5681 &lt;unknown&gt;
#11 0x559c90d0deb2 &lt;unknown&gt;
#12 0x559c90cda6af &lt;unknown&gt;
#13 0x559c90d34428 &lt;unknown&gt;
#14 0x559c90d34600 &lt;unknown&gt;
#15 0x559c90d43f84 &lt;unknown&gt;
#16 0x7f5425694ac3 &lt;unknown&gt;
</msg>
<arg>${url_base}</arg>
<arg>browser=chrome</arg>
<arg>options=${chrome_options}</arg>
<doc>Opens a new browser instance to the optional ``url``.</doc>
<status status="FAIL" start="2024-05-07T19:04:32.067273" elapsed="0.186709">SessionNotCreatedException: Message: session not created: Chrome failed to start: exited normally.
  (session not created: DevToolsActivePort file doesn't exist)
  (The process started from chrome location /usr/bin/google-chrome is no longer running, so ChromeDriver is assuming that Chrome has crashed.)
Stacktrace:
#0 0x559c90d44e33 &lt;unknown&gt;
#1 0x559c90a34567 &lt;unknown&gt;
#2 0x559c90a689a9 &lt;unknown&gt;
#3 0x559c90a648c0 &lt;unknown&gt;
#4 0x559c90aad71d &lt;unknown&gt;
#5 0x559c90aa1103 &lt;unknown&gt;
#6 0x559c90a721ba &lt;unknown&gt;
#7 0x559c90a72b8e &lt;unknown&gt;
#8 0x559c90d0959b &lt;unknown&gt;
#9 0x559c90d0d34b &lt;unknown&gt;
#10 0x559c90cf5681 &lt;unknown&gt;
#11 0x559c90d0deb2 &lt;unknown&gt;
#12 0x559c90cda6af &lt;unknown&gt;
#13 0x559c90d34428 &lt;unknown&gt;
#14 0x559c90d34600 &lt;unknown&gt;
#15 0x559c90d43f84 &lt;unknown&gt;
#16 0x7f5425694ac3 &lt;unknown&gt;
</status>
</kw>
<kw name="Maximize Browser Window" owner="SeleniumLibrary">
<doc>Maximizes current browser window.</doc>
<status status="NOT RUN" start="2024-05-07T19:04:32.254210" elapsed="0.000034"/>
</kw>
<status status="FAIL" start="2024-05-07T19:04:32.065123" elapsed="0.189237">SessionNotCreatedException: Message: session not created: Chrome failed to start: exited normally.
  (session not created: DevToolsActivePort file doesn't exist)
  (The process started from chrome location /usr/bin/google-chrome is no longer running, so ChromeDriver is assuming that Chrome has crashed.)
Stacktrace:
#0 0x559c90d44e33 &lt;unknown&gt;
#1 0x559c90a34567 &lt;unknown&gt;
#2 0x559c90a689a9 &lt;unknown&gt;
#3 0x559c90a648c0 &lt;unknown&gt;
#4 0x559c90aad71d &lt;unknown&gt;
#5 0x559c90aa1103 &lt;unknown&gt;
#6 0x559c90a721ba &lt;unknown&gt;
#7 0x559c90a72b8e &lt;unknown&gt;
#8 0x559c90d0959b &lt;unknown&gt;
#9 0x559c90d0d34b &lt;unknown&gt;
#10 0x559c90cf5681 &lt;unknown&gt;
#11 0x559c90d0deb2 &lt;unknown&gt;
#12 0x559c90cda6af &lt;unknown&gt;
#13 0x559c90d34428 &lt;unknown&gt;
#14 0x559c90d34600 &lt;unknown&gt;
#15 0x559c90d43f84 &lt;unknown&gt;
#16 0x7f5425694ac3 &lt;unknown&gt;
</status>
</kw>
<kw name="Fechar o navegador" owner="base" type="TEARDOWN">
<kw name="Capture Page Screenshot" owner="SeleniumLibrary">
<msg time="2024-05-07T19:04:32.255002" level="INFO">Cannot capture screenshot because no browser is open.</msg>
<doc>Takes a screenshot of the current page and embeds it into a log file.</doc>
<status status="PASS" start="2024-05-07T19:04:32.254904" elapsed="0.000141"/>
</kw>
<kw name="Close Browser" owner="SeleniumLibrary">
<doc>Closes the current browser.</doc>
<status status="PASS" start="2024-05-07T19:04:32.255153" elapsed="0.000085"/>
</kw>
<status status="PASS" start="2024-05-07T19:04:32.254629" elapsed="0.000663"/>
</kw>
<tag>grupo_2</tag>
<status status="FAIL" start="2024-05-07T19:04:32.064585" elapsed="0.190748">Setup failed:
SessionNotCreatedException: Message: session not created: Chrome failed to start: exited normally.
  (session not created: DevToolsActivePort file doesn't exist)
  (The process started from chrome location /usr/bin/google-chrome is no longer running, so ChromeDriver is assuming that Chrome has crashed.)
Stacktrace:
#0 0x559c90d44e33 &lt;unknown&gt;
#1 0x559c90a34567 &lt;unknown&gt;
#2 0x559c90a689a9 &lt;unknown&gt;
#3 0x559c90a648c0 &lt;unknown&gt;
#4 0x559c90aad71d &lt;unknown&gt;
#5 0x559c90aa1103 &lt;unknown&gt;
#6 0x559c90a721ba &lt;unknown&gt;
#7 0x559c90a72b8e &lt;unknown&gt;
#8 0x559c90d0959b &lt;unknown&gt;
#9 0x559c90d0d34b &lt;unknown&gt;
#10 0x559c90cf5681 &lt;unknown&gt;
#11 0x559c90d0deb2 &lt;unknown&gt;
#12 0x559c90cda6af &lt;unknown&gt;
#13 0x559c90d34428 &lt;unknown&gt;
#14 0x559c90d34600 &lt;unknown&gt;
#15 0x559c90d43f84 &lt;unknown&gt;
#16 0x7f5425694ac3 &lt;unknown&gt;
</status>
</test>
<test id="s1-s1-t4" name="Cenario 04 - Inserir novos registros na aba operador" line="60">
<kw name="Acessar o site Fast2 Mine" owner="base" type="SETUP">
<kw name="Evaluate" owner="BuiltIn">
<msg time="2024-05-07T19:04:32.257953" level="INFO">${chrome_options} = &lt;selenium.webdriver.chrome.options.Options object at 0x7f1266c8c080&gt;</msg>
<var>${chrome_options}</var>
<arg>sys.modules['selenium.webdriver'].ChromeOptions()</arg>
<arg>sys, selenium.webdriver</arg>
<doc>Evaluates the given expression in Python and returns the result.</doc>
<status status="PASS" start="2024-05-07T19:04:32.256658" elapsed="0.001337"/>
</kw>
<kw name="Create Dictionary" owner="BuiltIn">
<msg time="2024-05-07T19:04:32.258445" level="INFO">${prefs} = {'download.default_directory': 'C:\\Fast2mine - miningcontrol\\fast2_mine_main\\fast2mine\\resources\\data', 'download.prompt_for_download': 'False'}</msg>
<var>${prefs}</var>
<arg>download.default_directory=${download_path}</arg>
<arg>download.prompt_for_download=False</arg>
<doc>Creates and returns a dictionary based on the given ``items``.</doc>
<status status="PASS" start="2024-05-07T19:04:32.258197" elapsed="0.000272"/>
</kw>
<kw name="Call Method" owner="BuiltIn">
<arg>${chrome_options}</arg>
<arg>add_experimental_option</arg>
<arg>prefs</arg>
<arg>${prefs}</arg>
<doc>Calls the named method of the given object with the provided arguments.</doc>
<status status="PASS" start="2024-05-07T19:04:32.258584" elapsed="0.000140"/>
</kw>
<kw name="Call Method" owner="BuiltIn">
<arg>${chrome_options}</arg>
<arg>add_argument</arg>
<arg>--safebrowsing-disable-download-protection</arg>
<doc>Calls the named method of the given object with the provided arguments.</doc>
<status status="PASS" start="2024-05-07T19:04:32.258833" elapsed="0.000109"/>
</kw>
<kw name="Open Browser" owner="SeleniumLibrary">
<msg time="2024-05-07T19:04:32.259280" level="INFO">Opening browser 'chrome' to base url 'https://homologacao-dev.miningcontrol.cloud/login'.</msg>
<msg time="2024-05-07T19:04:32.444807" level="INFO">Cannot capture screenshot because no browser is open.</msg>
<msg time="2024-05-07T19:04:32.444990" level="FAIL">SessionNotCreatedException: Message: session not created: Chrome failed to start: exited normally.
  (session not created: DevToolsActivePort file doesn't exist)
  (The process started from chrome location /usr/bin/google-chrome is no longer running, so ChromeDriver is assuming that Chrome has crashed.)
Stacktrace:
#0 0x55ab71f1ce33 &lt;unknown&gt;
#1 0x55ab71c0c567 &lt;unknown&gt;
#2 0x55ab71c409a9 &lt;unknown&gt;
#3 0x55ab71c3c8c0 &lt;unknown&gt;
#4 0x55ab71c8571d &lt;unknown&gt;
#5 0x55ab71c79103 &lt;unknown&gt;
#6 0x55ab71c4a1ba &lt;unknown&gt;
#7 0x55ab71c4ab8e &lt;unknown&gt;
#8 0x55ab71ee159b &lt;unknown&gt;
#9 0x55ab71ee534b &lt;unknown&gt;
#10 0x55ab71ecd681 &lt;unknown&gt;
#11 0x55ab71ee5eb2 &lt;unknown&gt;
#12 0x55ab71eb26af &lt;unknown&gt;
#13 0x55ab71f0c428 &lt;unknown&gt;
#14 0x55ab71f0c600 &lt;unknown&gt;
#15 0x55ab71f1bf84 &lt;unknown&gt;
#16 0x7fda14894ac3 &lt;unknown&gt;
</msg>
<arg>${url_base}</arg>
<arg>browser=chrome</arg>
<arg>options=${chrome_options}</arg>
<doc>Opens a new browser instance to the optional ``url``.</doc>
<status status="FAIL" start="2024-05-07T19:04:32.259072" elapsed="0.187021">SessionNotCreatedException: Message: session not created: Chrome failed to start: exited normally.
  (session not created: DevToolsActivePort file doesn't exist)
  (The process started from chrome location /usr/bin/google-chrome is no longer running, so ChromeDriver is assuming that Chrome has crashed.)
Stacktrace:
#0 0x55ab71f1ce33 &lt;unknown&gt;
#1 0x55ab71c0c567 &lt;unknown&gt;
#2 0x55ab71c409a9 &lt;unknown&gt;
#3 0x55ab71c3c8c0 &lt;unknown&gt;
#4 0x55ab71c8571d &lt;unknown&gt;
#5 0x55ab71c79103 &lt;unknown&gt;
#6 0x55ab71c4a1ba &lt;unknown&gt;
#7 0x55ab71c4ab8e &lt;unknown&gt;
#8 0x55ab71ee159b &lt;unknown&gt;
#9 0x55ab71ee534b &lt;unknown&gt;
#10 0x55ab71ecd681 &lt;unknown&gt;
#11 0x55ab71ee5eb2 &lt;unknown&gt;
#12 0x55ab71eb26af &lt;unknown&gt;
#13 0x55ab71f0c428 &lt;unknown&gt;
#14 0x55ab71f0c600 &lt;unknown&gt;
#15 0x55ab71f1bf84 &lt;unknown&gt;
#16 0x7fda14894ac3 &lt;unknown&gt;
</status>
</kw>
<kw name="Maximize Browser Window" owner="SeleniumLibrary">
<doc>Maximizes current browser window.</doc>
<status status="NOT RUN" start="2024-05-07T19:04:32.446367" elapsed="0.000045"/>
</kw>
<status status="FAIL" start="2024-05-07T19:04:32.256331" elapsed="0.190225">SessionNotCreatedException: Message: session not created: Chrome failed to start: exited normally.
  (session not created: DevToolsActivePort file doesn't exist)
  (The process started from chrome location /usr/bin/google-chrome is no longer running, so ChromeDriver is assuming that Chrome has crashed.)
Stacktrace:
#0 0x55ab71f1ce33 &lt;unknown&gt;
#1 0x55ab71c0c567 &lt;unknown&gt;
#2 0x55ab71c409a9 &lt;unknown&gt;
#3 0x55ab71c3c8c0 &lt;unknown&gt;
#4 0x55ab71c8571d &lt;unknown&gt;
#5 0x55ab71c79103 &lt;unknown&gt;
#6 0x55ab71c4a1ba &lt;unknown&gt;
#7 0x55ab71c4ab8e &lt;unknown&gt;
#8 0x55ab71ee159b &lt;unknown&gt;
#9 0x55ab71ee534b &lt;unknown&gt;
#10 0x55ab71ecd681 &lt;unknown&gt;
#11 0x55ab71ee5eb2 &lt;unknown&gt;
#12 0x55ab71eb26af &lt;unknown&gt;
#13 0x55ab71f0c428 &lt;unknown&gt;
#14 0x55ab71f0c600 &lt;unknown&gt;
#15 0x55ab71f1bf84 &lt;unknown&gt;
#16 0x7fda14894ac3 &lt;unknown&gt;
</status>
</kw>
<kw name="Fechar o navegador" owner="base" type="TEARDOWN">
<kw name="Capture Page Screenshot" owner="SeleniumLibrary">
<msg time="2024-05-07T19:04:32.447333" level="INFO">Cannot capture screenshot because no browser is open.</msg>
<doc>Takes a screenshot of the current page and embeds it into a log file.</doc>
<status status="PASS" start="2024-05-07T19:04:32.447216" elapsed="0.000173"/>
</kw>
<kw name="Close Browser" owner="SeleniumLibrary">
<doc>Closes the current browser.</doc>
<status status="PASS" start="2024-05-07T19:04:32.447512" elapsed="0.000094"/>
</kw>
<status status="PASS" start="2024-05-07T19:04:32.446880" elapsed="0.000783"/>
</kw>
<tag>Operador</tag>
<status status="FAIL" start="2024-05-07T19:04:32.255758" elapsed="0.191954">Setup failed:
SessionNotCreatedException: Message: session not created: Chrome failed to start: exited normally.
  (session not created: DevToolsActivePort file doesn't exist)
  (The process started from chrome location /usr/bin/google-chrome is no longer running, so ChromeDriver is assuming that Chrome has crashed.)
Stacktrace:
#0 0x55ab71f1ce33 &lt;unknown&gt;
#1 0x55ab71c0c567 &lt;unknown&gt;
#2 0x55ab71c409a9 &lt;unknown&gt;
#3 0x55ab71c3c8c0 &lt;unknown&gt;
#4 0x55ab71c8571d &lt;unknown&gt;
#5 0x55ab71c79103 &lt;unknown&gt;
#6 0x55ab71c4a1ba &lt;unknown&gt;
#7 0x55ab71c4ab8e &lt;unknown&gt;
#8 0x55ab71ee159b &lt;unknown&gt;
#9 0x55ab71ee534b &lt;unknown&gt;
#10 0x55ab71ecd681 &lt;unknown&gt;
#11 0x55ab71ee5eb2 &lt;unknown&gt;
#12 0x55ab71eb26af &lt;unknown&gt;
#13 0x55ab71f0c428 &lt;unknown&gt;
#14 0x55ab71f0c600 &lt;unknown&gt;
#15 0x55ab71f1bf84 &lt;unknown&gt;
#16 0x7fda14894ac3 &lt;unknown&gt;
</status>
</test>
<test id="s1-s1-t5" name="Cenario 05 - Importar planilha com novos registros" line="73">
<kw name="Acessar o site Fast2 Mine" owner="base" type="SETUP">
<kw name="Evaluate" owner="BuiltIn">
<msg time="2024-05-07T19:04:32.449257" level="INFO">${chrome_options} = &lt;selenium.webdriver.chrome.options.Options object at 0x7f1266c94380&gt;</msg>
<var>${chrome_options}</var>
<arg>sys.modules['selenium.webdriver'].ChromeOptions()</arg>
<arg>sys, selenium.webdriver</arg>
<doc>Evaluates the given expression in Python and returns the result.</doc>
<status status="PASS" start="2024-05-07T19:04:32.448926" elapsed="0.000373"/>
</kw>
<kw name="Create Dictionary" owner="BuiltIn">
<msg time="2024-05-07T19:04:32.449878" level="INFO">${prefs} = {'download.default_directory': 'C:\\Fast2mine - miningcontrol\\fast2_mine_main\\fast2mine\\resources\\data', 'download.prompt_for_download': 'False'}</msg>
<var>${prefs}</var>
<arg>download.default_directory=${download_path}</arg>
<arg>download.prompt_for_download=False</arg>
<doc>Creates and returns a dictionary based on the given ``items``.</doc>
<status status="PASS" start="2024-05-07T19:04:32.449529" elapsed="0.000388"/>
</kw>
<kw name="Call Method" owner="BuiltIn">
<arg>${chrome_options}</arg>
<arg>add_experimental_option</arg>
<arg>prefs</arg>
<arg>${prefs}</arg>
<doc>Calls the named method of the given object with the provided arguments.</doc>
<status status="PASS" start="2024-05-07T19:04:32.450092" elapsed="0.000211"/>
</kw>
<kw name="Call Method" owner="BuiltIn">
<arg>${chrome_options}</arg>
<arg>add_argument</arg>
<arg>--safebrowsing-disable-download-protection</arg>
<doc>Calls the named method of the given object with the provided arguments.</doc>
<status status="PASS" start="2024-05-07T19:04:32.450461" elapsed="0.000119"/>
</kw>
<kw name="Open Browser" owner="SeleniumLibrary">
<msg time="2024-05-07T19:04:32.450914" level="INFO">Opening browser 'chrome' to base url 'https://homologacao-dev.miningcontrol.cloud/login'.</msg>
<msg time="2024-05-07T19:04:32.633768" level="INFO">Cannot capture screenshot because no browser is open.</msg>
<msg time="2024-05-07T19:04:32.633929" level="FAIL">SessionNotCreatedException: Message: session not created: Chrome failed to start: exited normally.
  (session not created: DevToolsActivePort file doesn't exist)
  (The process started from chrome location /usr/bin/google-chrome is no longer running, so ChromeDriver is assuming that Chrome has crashed.)
Stacktrace:
#0 0x55b2ef16ee33 &lt;unknown&gt;
#1 0x55b2eee5e567 &lt;unknown&gt;
#2 0x55b2eee929a9 &lt;unknown&gt;
#3 0x55b2eee8e8c0 &lt;unknown&gt;
#4 0x55b2eeed771d &lt;unknown&gt;
#5 0x55b2eeecb103 &lt;unknown&gt;
#6 0x55b2eee9c1ba &lt;unknown&gt;
#7 0x55b2eee9cb8e &lt;unknown&gt;
#8 0x55b2ef13359b &lt;unknown&gt;
#9 0x55b2ef13734b &lt;unknown&gt;
#10 0x55b2ef11f681 &lt;unknown&gt;
#11 0x55b2ef137eb2 &lt;unknown&gt;
#12 0x55b2ef1046af &lt;unknown&gt;
#13 0x55b2ef15e428 &lt;unknown&gt;
#14 0x55b2ef15e600 &lt;unknown&gt;
#15 0x55b2ef16df84 &lt;unknown&gt;
#16 0x7ff764694ac3 &lt;unknown&gt;
</msg>
<arg>${url_base}</arg>
<arg>browser=chrome</arg>
<arg>options=${chrome_options}</arg>
<doc>Opens a new browser instance to the optional ``url``.</doc>
<status status="FAIL" start="2024-05-07T19:04:32.450711" elapsed="0.184035">SessionNotCreatedException: Message: session not created: Chrome failed to start: exited normally.
  (session not created: DevToolsActivePort file doesn't exist)
  (The process started from chrome location /usr/bin/google-chrome is no longer running, so ChromeDriver is assuming that Chrome has crashed.)
Stacktrace:
#0 0x55b2ef16ee33 &lt;unknown&gt;
#1 0x55b2eee5e567 &lt;unknown&gt;
#2 0x55b2eee929a9 &lt;unknown&gt;
#3 0x55b2eee8e8c0 &lt;unknown&gt;
#4 0x55b2eeed771d &lt;unknown&gt;
#5 0x55b2eeecb103 &lt;unknown&gt;
#6 0x55b2eee9c1ba &lt;unknown&gt;
#7 0x55b2eee9cb8e &lt;unknown&gt;
#8 0x55b2ef13359b &lt;unknown&gt;
#9 0x55b2ef13734b &lt;unknown&gt;
#10 0x55b2ef11f681 &lt;unknown&gt;
#11 0x55b2ef137eb2 &lt;unknown&gt;
#12 0x55b2ef1046af &lt;unknown&gt;
#13 0x55b2ef15e428 &lt;unknown&gt;
#14 0x55b2ef15e600 &lt;unknown&gt;
#15 0x55b2ef16df84 &lt;unknown&gt;
#16 0x7ff764694ac3 &lt;unknown&gt;
</status>
</kw>
<kw name="Maximize Browser Window" owner="SeleniumLibrary">
<doc>Maximizes current browser window.</doc>
<status status="NOT RUN" start="2024-05-07T19:04:32.635031" elapsed="0.000034"/>
</kw>
<status status="FAIL" start="2024-05-07T19:04:32.448610" elapsed="0.186576">SessionNotCreatedException: Message: session not created: Chrome failed to start: exited normally.
  (session not created: DevToolsActivePort file doesn't exist)
  (The process started from chrome location /usr/bin/google-chrome is no longer running, so ChromeDriver is assuming that Chrome has crashed.)
Stacktrace:
#0 0x55b2ef16ee33 &lt;unknown&gt;
#1 0x55b2eee5e567 &lt;unknown&gt;
#2 0x55b2eee929a9 &lt;unknown&gt;
#3 0x55b2eee8e8c0 &lt;unknown&gt;
#4 0x55b2eeed771d &lt;unknown&gt;
#5 0x55b2eeecb103 &lt;unknown&gt;
#6 0x55b2eee9c1ba &lt;unknown&gt;
#7 0x55b2eee9cb8e &lt;unknown&gt;
#8 0x55b2ef13359b &lt;unknown&gt;
#9 0x55b2ef13734b &lt;unknown&gt;
#10 0x55b2ef11f681 &lt;unknown&gt;
#11 0x55b2ef137eb2 &lt;unknown&gt;
#12 0x55b2ef1046af &lt;unknown&gt;
#13 0x55b2ef15e428 &lt;unknown&gt;
#14 0x55b2ef15e600 &lt;unknown&gt;
#15 0x55b2ef16df84 &lt;unknown&gt;
#16 0x7ff764694ac3 &lt;unknown&gt;
</status>
</kw>
<kw name="Fechar o navegador" owner="base" type="TEARDOWN">
<kw name="Capture Page Screenshot" owner="SeleniumLibrary">
<msg time="2024-05-07T19:04:32.635821" level="INFO">Cannot capture screenshot because no browser is open.</msg>
<doc>Takes a screenshot of the current page and embeds it into a log file.</doc>
<status status="PASS" start="2024-05-07T19:04:32.635728" elapsed="0.000136"/>
</kw>
<kw name="Close Browser" owner="SeleniumLibrary">
<doc>Closes the current browser.</doc>
<status status="PASS" start="2024-05-07T19:04:32.635969" elapsed="0.000082"/>
</kw>
<status status="PASS" start="2024-05-07T19:04:32.635455" elapsed="0.000649"/>
</kw>
<tag>importar planilha</tag>
<status status="FAIL" start="2024-05-07T19:04:32.448037" elapsed="0.188107">Setup failed:
SessionNotCreatedException: Message: session not created: Chrome failed to start: exited normally.
  (session not created: DevToolsActivePort file doesn't exist)
  (The process started from chrome location /usr/bin/google-chrome is no longer running, so ChromeDriver is assuming that Chrome has crashed.)
Stacktrace:
#0 0x55b2ef16ee33 &lt;unknown&gt;
#1 0x55b2eee5e567 &lt;unknown&gt;
#2 0x55b2eee929a9 &lt;unknown&gt;
#3 0x55b2eee8e8c0 &lt;unknown&gt;
#4 0x55b2eeed771d &lt;unknown&gt;
#5 0x55b2eeecb103 &lt;unknown&gt;
#6 0x55b2eee9c1ba &lt;unknown&gt;
#7 0x55b2eee9cb8e &lt;unknown&gt;
#8 0x55b2ef13359b &lt;unknown&gt;
#9 0x55b2ef13734b &lt;unknown&gt;
#10 0x55b2ef11f681 &lt;unknown&gt;
#11 0x55b2ef137eb2 &lt;unknown&gt;
#12 0x55b2ef1046af &lt;unknown&gt;
#13 0x55b2ef15e428 &lt;unknown&gt;
#14 0x55b2ef15e600 &lt;unknown&gt;
#15 0x55b2ef16df84 &lt;unknown&gt;
#16 0x7ff764694ac3 &lt;unknown&gt;
</status>
</test>
<test id="s1-s1-t6" name="Cenário 06 - Editar Registros" line="85">
<kw name="Acessar o site Fast2 Mine" owner="base" type="SETUP">
<kw name="Evaluate" owner="BuiltIn">
<msg time="2024-05-07T19:04:32.637274" level="INFO">${chrome_options} = &lt;selenium.webdriver.chrome.options.Options object at 0x7f1266c96990&gt;</msg>
<var>${chrome_options}</var>
<arg>sys.modules['selenium.webdriver'].ChromeOptions()</arg>
<arg>sys, selenium.webdriver</arg>
<doc>Evaluates the given expression in Python and returns the result.</doc>
<status status="PASS" start="2024-05-07T19:04:32.637037" elapsed="0.000265"/>
</kw>
<kw name="Create Dictionary" owner="BuiltIn">
<msg time="2024-05-07T19:04:32.638399" level="INFO">${prefs} = {'download.default_directory': 'C:\\Fast2mine - miningcontrol\\fast2_mine_main\\fast2mine\\resources\\data', 'download.prompt_for_download': 'False'}</msg>
<var>${prefs}</var>
<arg>download.default_directory=${download_path}</arg>
<arg>download.prompt_for_download=False</arg>
<doc>Creates and returns a dictionary based on the given ``items``.</doc>
<status status="PASS" start="2024-05-07T19:04:32.637487" elapsed="0.000940"/>
</kw>
<kw name="Call Method" owner="BuiltIn">
<arg>${chrome_options}</arg>
<arg>add_experimental_option</arg>
<arg>prefs</arg>
<arg>${prefs}</arg>
<doc>Calls the named method of the given object with the provided arguments.</doc>
<status status="PASS" start="2024-05-07T19:04:32.638550" elapsed="0.000145"/>
</kw>
<kw name="Call Method" owner="BuiltIn">
<arg>${chrome_options}</arg>
<arg>add_argument</arg>
<arg>--safebrowsing-disable-download-protection</arg>
<doc>Calls the named method of the given object with the provided arguments.</doc>
<status status="PASS" start="2024-05-07T19:04:32.638808" elapsed="0.000112"/>
</kw>
<kw name="Open Browser" owner="SeleniumLibrary">
<msg time="2024-05-07T19:04:32.639262" level="INFO">Opening browser 'chrome' to base url 'https://homologacao-dev.miningcontrol.cloud/login'.</msg>
<msg time="2024-05-07T19:04:32.822789" level="INFO">Cannot capture screenshot because no browser is open.</msg>
<msg time="2024-05-07T19:04:32.822947" level="FAIL">SessionNotCreatedException: Message: session not created: Chrome failed to start: exited normally.
  (session not created: DevToolsActivePort file doesn't exist)
  (The process started from chrome location /usr/bin/google-chrome is no longer running, so ChromeDriver is assuming that Chrome has crashed.)
Stacktrace:
#0 0x559f7b81ce33 &lt;unknown&gt;
#1 0x559f7b50c567 &lt;unknown&gt;
#2 0x559f7b5409a9 &lt;unknown&gt;
#3 0x559f7b53c8c0 &lt;unknown&gt;
#4 0x559f7b58571d &lt;unknown&gt;
#5 0x559f7b579103 &lt;unknown&gt;
#6 0x559f7b54a1ba &lt;unknown&gt;
#7 0x559f7b54ab8e &lt;unknown&gt;
#8 0x559f7b7e159b &lt;unknown&gt;
#9 0x559f7b7e534b &lt;unknown&gt;
#10 0x559f7b7cd681 &lt;unknown&gt;
#11 0x559f7b7e5eb2 &lt;unknown&gt;
#12 0x559f7b7b26af &lt;unknown&gt;
#13 0x559f7b80c428 &lt;unknown&gt;
#14 0x559f7b80c600 &lt;unknown&gt;
#15 0x559f7b81bf84 &lt;unknown&gt;
#16 0x7f0a45c94ac3 &lt;unknown&gt;
</msg>
<arg>${url_base}</arg>
<arg>browser=chrome</arg>
<arg>options=${chrome_options}</arg>
<doc>Opens a new browser instance to the optional ``url``.</doc>
<status status="FAIL" start="2024-05-07T19:04:32.639052" elapsed="0.184686">SessionNotCreatedException: Message: session not created: Chrome failed to start: exited normally.
  (session not created: DevToolsActivePort file doesn't exist)
  (The process started from chrome location /usr/bin/google-chrome is no longer running, so ChromeDriver is assuming that Chrome has crashed.)
Stacktrace:
#0 0x559f7b81ce33 &lt;unknown&gt;
#1 0x559f7b50c567 &lt;unknown&gt;
#2 0x559f7b5409a9 &lt;unknown&gt;
#3 0x559f7b53c8c0 &lt;unknown&gt;
#4 0x559f7b58571d &lt;unknown&gt;
#5 0x559f7b579103 &lt;unknown&gt;
#6 0x559f7b54a1ba &lt;unknown&gt;
#7 0x559f7b54ab8e &lt;unknown&gt;
#8 0x559f7b7e159b &lt;unknown&gt;
#9 0x559f7b7e534b &lt;unknown&gt;
#10 0x559f7b7cd681 &lt;unknown&gt;
#11 0x559f7b7e5eb2 &lt;unknown&gt;
#12 0x559f7b7b26af &lt;unknown&gt;
#13 0x559f7b80c428 &lt;unknown&gt;
#14 0x559f7b80c600 &lt;unknown&gt;
#15 0x559f7b81bf84 &lt;unknown&gt;
#16 0x7f0a45c94ac3 &lt;unknown&gt;
</status>
</kw>
<kw name="Maximize Browser Window" owner="SeleniumLibrary">
<doc>Maximizes current browser window.</doc>
<status status="NOT RUN" start="2024-05-07T19:04:32.823957" elapsed="0.000032"/>
</kw>
<status status="FAIL" start="2024-05-07T19:04:32.636820" elapsed="0.187327">SessionNotCreatedException: Message: session not created: Chrome failed to start: exited normally.
  (session not created: DevToolsActivePort file doesn't exist)
  (The process started from chrome location /usr/bin/google-chrome is no longer running, so ChromeDriver is assuming that Chrome has crashed.)
Stacktrace:
#0 0x559f7b81ce33 &lt;unknown&gt;
#1 0x559f7b50c567 &lt;unknown&gt;
#2 0x559f7b5409a9 &lt;unknown&gt;
#3 0x559f7b53c8c0 &lt;unknown&gt;
#4 0x559f7b58571d &lt;unknown&gt;
#5 0x559f7b579103 &lt;unknown&gt;
#6 0x559f7b54a1ba &lt;unknown&gt;
#7 0x559f7b54ab8e &lt;unknown&gt;
#8 0x559f7b7e159b &lt;unknown&gt;
#9 0x559f7b7e534b &lt;unknown&gt;
#10 0x559f7b7cd681 &lt;unknown&gt;
#11 0x559f7b7e5eb2 &lt;unknown&gt;
#12 0x559f7b7b26af &lt;unknown&gt;
#13 0x559f7b80c428 &lt;unknown&gt;
#14 0x559f7b80c600 &lt;unknown&gt;
#15 0x559f7b81bf84 &lt;unknown&gt;
#16 0x7f0a45c94ac3 &lt;unknown&gt;
</status>
</kw>
<kw name="Fechar o navegador" owner="base" type="TEARDOWN">
<kw name="Capture Page Screenshot" owner="SeleniumLibrary">
<msg time="2024-05-07T19:04:32.824781" level="INFO">Cannot capture screenshot because no browser is open.</msg>
<doc>Takes a screenshot of the current page and embeds it into a log file.</doc>
<status status="PASS" start="2024-05-07T19:04:32.824686" elapsed="0.000138"/>
</kw>
<kw name="Close Browser" owner="SeleniumLibrary">
<doc>Closes the current browser.</doc>
<status status="PASS" start="2024-05-07T19:04:32.824930" elapsed="0.000083"/>
</kw>
<status status="PASS" start="2024-05-07T19:04:32.824412" elapsed="0.000656"/>
</kw>
<status status="FAIL" start="2024-05-07T19:04:32.636469" elapsed="0.188639">Setup failed:
SessionNotCreatedException: Message: session not created: Chrome failed to start: exited normally.
  (session not created: DevToolsActivePort file doesn't exist)
  (The process started from chrome location /usr/bin/google-chrome is no longer running, so ChromeDriver is assuming that Chrome has crashed.)
Stacktrace:
#0 0x559f7b81ce33 &lt;unknown&gt;
#1 0x559f7b50c567 &lt;unknown&gt;
#2 0x559f7b5409a9 &lt;unknown&gt;
#3 0x559f7b53c8c0 &lt;unknown&gt;
#4 0x559f7b58571d &lt;unknown&gt;
#5 0x559f7b579103 &lt;unknown&gt;
#6 0x559f7b54a1ba &lt;unknown&gt;
#7 0x559f7b54ab8e &lt;unknown&gt;
#8 0x559f7b7e159b &lt;unknown&gt;
#9 0x559f7b7e534b &lt;unknown&gt;
#10 0x559f7b7cd681 &lt;unknown&gt;
#11 0x559f7b7e5eb2 &lt;unknown&gt;
#12 0x559f7b7b26af &lt;unknown&gt;
#13 0x559f7b80c428 &lt;unknown&gt;
#14 0x559f7b80c600 &lt;unknown&gt;
#15 0x559f7b81bf84 &lt;unknown&gt;
#16 0x7f0a45c94ac3 &lt;unknown&gt;
</status>
</test>
<doc>Arquivo com os casos de testes que serão usados na área do Operador</doc>
<status status="FAIL" start="2024-05-07T19:04:25.474204" elapsed="7.351480"/>
</suite>
<suite id="s1-s2" name="menu Turno" source="/home/runner/work/fast2mine/fast2mine/test_cases/menu_Turno.robot">
<test id="s1-s2-t1" name="Cenario 01 - Inserir novos registros na aba Grupo de Turno" line="17">
<kw name="Acessar o site Fast2 Mine" owner="base" type="SETUP">
<kw name="Evaluate" owner="BuiltIn">
<msg time="2024-05-07T19:04:32.854460" level="INFO">${chrome_options} = &lt;selenium.webdriver.chrome.options.Options object at 0x7f1266c9a9f0&gt;</msg>
<var>${chrome_options}</var>
<arg>sys.modules['selenium.webdriver'].ChromeOptions()</arg>
<arg>sys, selenium.webdriver</arg>
<doc>Evaluates the given expression in Python and returns the result.</doc>
<status status="PASS" start="2024-05-07T19:04:32.854203" elapsed="0.000289"/>
</kw>
<kw name="Create Dictionary" owner="BuiltIn">
<msg time="2024-05-07T19:04:32.854869" level="INFO">${prefs} = {'download.default_directory': 'C:\\Fast2mine - miningcontrol\\fast2_mine_main\\fast2mine\\resources\\data', 'download.prompt_for_download': 'False'}</msg>
<var>${prefs}</var>
<arg>download.default_directory=${download_path}</arg>
<arg>download.prompt_for_download=False</arg>
<doc>Creates and returns a dictionary based on the given ``items``.</doc>
<status status="PASS" start="2024-05-07T19:04:32.854639" elapsed="0.000255"/>
</kw>
<kw name="Call Method" owner="BuiltIn">
<arg>${chrome_options}</arg>
<arg>add_experimental_option</arg>
<arg>prefs</arg>
<arg>${prefs}</arg>
<doc>Calls the named method of the given object with the provided arguments.</doc>
<status status="PASS" start="2024-05-07T19:04:32.855020" elapsed="0.000140"/>
</kw>
<kw name="Call Method" owner="BuiltIn">
<arg>${chrome_options}</arg>
<arg>add_argument</arg>
<arg>--safebrowsing-disable-download-protection</arg>
<doc>Calls the named method of the given object with the provided arguments.</doc>
<status status="PASS" start="2024-05-07T19:04:32.855271" elapsed="0.000109"/>
</kw>
<kw name="Open Browser" owner="SeleniumLibrary">
<msg time="2024-05-07T19:04:32.855731" level="INFO">Opening browser 'chrome' to base url 'https://homologacao-dev.miningcontrol.cloud/login'.</msg>
<msg time="2024-05-07T19:04:33.039120" level="INFO">Cannot capture screenshot because no browser is open.</msg>
<msg time="2024-05-07T19:04:33.039287" level="FAIL">SessionNotCreatedException: Message: session not created: Chrome failed to start: exited normally.
  (session not created: DevToolsActivePort file doesn't exist)
  (The process started from chrome location /usr/bin/google-chrome is no longer running, so ChromeDriver is assuming that Chrome has crashed.)
Stacktrace:
#0 0x55c3b5206e33 &lt;unknown&gt;
#1 0x55c3b4ef6567 &lt;unknown&gt;
#2 0x55c3b4f2a9a9 &lt;unknown&gt;
#3 0x55c3b4f268c0 &lt;unknown&gt;
#4 0x55c3b4f6f71d &lt;unknown&gt;
#5 0x55c3b4f63103 &lt;unknown&gt;
#6 0x55c3b4f341ba &lt;unknown&gt;
#7 0x55c3b4f34b8e &lt;unknown&gt;
#8 0x55c3b51cb59b &lt;unknown&gt;
#9 0x55c3b51cf34b &lt;unknown&gt;
#10 0x55c3b51b7681 &lt;unknown&gt;
#11 0x55c3b51cfeb2 &lt;unknown&gt;
#12 0x55c3b519c6af &lt;unknown&gt;
#13 0x55c3b51f6428 &lt;unknown&gt;
#14 0x55c3b51f6600 &lt;unknown&gt;
#15 0x55c3b5205f84 &lt;unknown&gt;
#16 0x7fce36094ac3 &lt;unknown&gt;
</msg>
<arg>${url_base}</arg>
<arg>browser=chrome</arg>
<arg>options=${chrome_options}</arg>
<doc>Opens a new browser instance to the optional ``url``.</doc>
<status status="FAIL" start="2024-05-07T19:04:32.855515" elapsed="0.184599">SessionNotCreatedException: Message: session not created: Chrome failed to start: exited normally.
  (session not created: DevToolsActivePort file doesn't exist)
  (The process started from chrome location /usr/bin/google-chrome is no longer running, so ChromeDriver is assuming that Chrome has crashed.)
Stacktrace:
#0 0x55c3b5206e33 &lt;unknown&gt;
#1 0x55c3b4ef6567 &lt;unknown&gt;
#2 0x55c3b4f2a9a9 &lt;unknown&gt;
#3 0x55c3b4f268c0 &lt;unknown&gt;
#4 0x55c3b4f6f71d &lt;unknown&gt;
#5 0x55c3b4f63103 &lt;unknown&gt;
#6 0x55c3b4f341ba &lt;unknown&gt;
#7 0x55c3b4f34b8e &lt;unknown&gt;
#8 0x55c3b51cb59b &lt;unknown&gt;
#9 0x55c3b51cf34b &lt;unknown&gt;
#10 0x55c3b51b7681 &lt;unknown&gt;
#11 0x55c3b51cfeb2 &lt;unknown&gt;
#12 0x55c3b519c6af &lt;unknown&gt;
#13 0x55c3b51f6428 &lt;unknown&gt;
#14 0x55c3b51f6600 &lt;unknown&gt;
#15 0x55c3b5205f84 &lt;unknown&gt;
#16 0x7fce36094ac3 &lt;unknown&gt;
</status>
</kw>
<kw name="Maximize Browser Window" owner="SeleniumLibrary">
<doc>Maximizes current browser window.</doc>
<status status="NOT RUN" start="2024-05-07T19:04:33.040357" elapsed="0.000034"/>
</kw>
<status status="FAIL" start="2024-05-07T19:04:32.853910" elapsed="0.186603">SessionNotCreatedException: Message: session not created: Chrome failed to start: exited normally.
  (session not created: DevToolsActivePort file doesn't exist)
  (The process started from chrome location /usr/bin/google-chrome is no longer running, so ChromeDriver is assuming that Chrome has crashed.)
Stacktrace:
#0 0x55c3b5206e33 &lt;unknown&gt;
#1 0x55c3b4ef6567 &lt;unknown&gt;
#2 0x55c3b4f2a9a9 &lt;unknown&gt;
#3 0x55c3b4f268c0 &lt;unknown&gt;
#4 0x55c3b4f6f71d &lt;unknown&gt;
#5 0x55c3b4f63103 &lt;unknown&gt;
#6 0x55c3b4f341ba &lt;unknown&gt;
#7 0x55c3b4f34b8e &lt;unknown&gt;
#8 0x55c3b51cb59b &lt;unknown&gt;
#9 0x55c3b51cf34b &lt;unknown&gt;
#10 0x55c3b51b7681 &lt;unknown&gt;
#11 0x55c3b51cfeb2 &lt;unknown&gt;
#12 0x55c3b519c6af &lt;unknown&gt;
#13 0x55c3b51f6428 &lt;unknown&gt;
#14 0x55c3b51f6600 &lt;unknown&gt;
#15 0x55c3b5205f84 &lt;unknown&gt;
#16 0x7fce36094ac3 &lt;unknown&gt;
</status>
</kw>
<kw name="Fechar o navegador" owner="base" type="TEARDOWN">
<kw name="Capture Page Screenshot" owner="SeleniumLibrary">
<msg time="2024-05-07T19:04:33.041229" level="INFO">Cannot capture screenshot because no browser is open.</msg>
<doc>Takes a screenshot of the current page and embeds it into a log file.</doc>
<status status="PASS" start="2024-05-07T19:04:33.041128" elapsed="0.000146"/>
</kw>
<kw name="Close Browser" owner="SeleniumLibrary">
<doc>Closes the current browser.</doc>
<status status="PASS" start="2024-05-07T19:04:33.041432" elapsed="0.000102"/>
</kw>
<status status="PASS" start="2024-05-07T19:04:33.040843" elapsed="0.000748"/>
</kw>
<tag>grupo</tag>
<status status="FAIL" start="2024-05-07T19:04:32.853166" elapsed="0.188470">Setup failed:
SessionNotCreatedException: Message: session not created: Chrome failed to start: exited normally.
  (session not created: DevToolsActivePort file doesn't exist)
  (The process started from chrome location /usr/bin/google-chrome is no longer running, so ChromeDriver is assuming that Chrome has crashed.)
Stacktrace:
#0 0x55c3b5206e33 &lt;unknown&gt;
#1 0x55c3b4ef6567 &lt;unknown&gt;
#2 0x55c3b4f2a9a9 &lt;unknown&gt;
#3 0x55c3b4f268c0 &lt;unknown&gt;
#4 0x55c3b4f6f71d &lt;unknown&gt;
#5 0x55c3b4f63103 &lt;unknown&gt;
#6 0x55c3b4f341ba &lt;unknown&gt;
#7 0x55c3b4f34b8e &lt;unknown&gt;
#8 0x55c3b51cb59b &lt;unknown&gt;
#9 0x55c3b51cf34b &lt;unknown&gt;
#10 0x55c3b51b7681 &lt;unknown&gt;
#11 0x55c3b51cfeb2 &lt;unknown&gt;
#12 0x55c3b519c6af &lt;unknown&gt;
#13 0x55c3b51f6428 &lt;unknown&gt;
#14 0x55c3b51f6600 &lt;unknown&gt;
#15 0x55c3b5205f84 &lt;unknown&gt;
#16 0x7fce36094ac3 &lt;unknown&gt;
</status>
</test>
<test id="s1-s2-t2" name="Cenario 02 - Inserir novos registros na aba Cadastro de Turno" line="28">
<kw name="Acessar o site Fast2 Mine" owner="base" type="SETUP">
<kw name="Evaluate" owner="BuiltIn">
<msg time="2024-05-07T19:04:33.043242" level="INFO">${chrome_options} = &lt;selenium.webdriver.chrome.options.Options object at 0x7f1266c9bd10&gt;</msg>
<var>${chrome_options}</var>
<arg>sys.modules['selenium.webdriver'].ChromeOptions()</arg>
<arg>sys, selenium.webdriver</arg>
<doc>Evaluates the given expression in Python and returns the result.</doc>
<status status="PASS" start="2024-05-07T19:04:33.042900" elapsed="0.000384"/>
</kw>
<kw name="Create Dictionary" owner="BuiltIn">
<msg time="2024-05-07T19:04:33.043855" level="INFO">${prefs} = {'download.default_directory': 'C:\\Fast2mine - miningcontrol\\fast2_mine_main\\fast2mine\\resources\\data', 'download.prompt_for_download': 'False'}</msg>
<var>${prefs}</var>
<arg>download.default_directory=${download_path}</arg>
<arg>download.prompt_for_download=False</arg>
<doc>Creates and returns a dictionary based on the given ``items``.</doc>
<status status="PASS" start="2024-05-07T19:04:33.043492" elapsed="0.000403"/>
</kw>
<kw name="Call Method" owner="BuiltIn">
<arg>${chrome_options}</arg>
<arg>add_experimental_option</arg>
<arg>prefs</arg>
<arg>${prefs}</arg>
<doc>Calls the named method of the given object with the provided arguments.</doc>
<status status="PASS" start="2024-05-07T19:04:33.044080" elapsed="0.000214"/>
</kw>
<kw name="Call Method" owner="BuiltIn">
<arg>${chrome_options}</arg>
<arg>add_argument</arg>
<arg>--safebrowsing-disable-download-protection</arg>
<doc>Calls the named method of the given object with the provided arguments.</doc>
<status status="PASS" start="2024-05-07T19:04:33.044414" elapsed="0.000114"/>
</kw>
<kw name="Open Browser" owner="SeleniumLibrary">
<msg time="2024-05-07T19:04:33.044875" level="INFO">Opening browser 'chrome' to base url 'https://homologacao-dev.miningcontrol.cloud/login'.</msg>
<msg time="2024-05-07T19:04:33.230160" level="INFO">Cannot capture screenshot because no browser is open.</msg>
<msg time="2024-05-07T19:04:33.230333" level="FAIL">SessionNotCreatedException: Message: session not created: Chrome failed to start: exited normally.
  (session not created: DevToolsActivePort file doesn't exist)
  (The process started from chrome location /usr/bin/google-chrome is no longer running, so ChromeDriver is assuming that Chrome has crashed.)
Stacktrace:
#0 0x55c1307b0e33 &lt;unknown&gt;
#1 0x55c1304a0567 &lt;unknown&gt;
#2 0x55c1304d49a9 &lt;unknown&gt;
#3 0x55c1304d08c0 &lt;unknown&gt;
#4 0x55c13051971d &lt;unknown&gt;
#5 0x55c13050d103 &lt;unknown&gt;
#6 0x55c1304de1ba &lt;unknown&gt;
#7 0x55c1304deb8e &lt;unknown&gt;
#8 0x55c13077559b &lt;unknown&gt;
#9 0x55c13077934b &lt;unknown&gt;
#10 0x55c130761681 &lt;unknown&gt;
#11 0x55c130779eb2 &lt;unknown&gt;
#12 0x55c1307466af &lt;unknown&gt;
#13 0x55c1307a0428 &lt;unknown&gt;
#14 0x55c1307a0600 &lt;unknown&gt;
#15 0x55c1307aff84 &lt;unknown&gt;
#16 0x7f7167a94ac3 &lt;unknown&gt;
</msg>
<arg>${url_base}</arg>
<arg>browser=chrome</arg>
<arg>options=${chrome_options}</arg>
<doc>Opens a new browser instance to the optional ``url``.</doc>
<status status="FAIL" start="2024-05-07T19:04:33.044664" elapsed="0.186530">SessionNotCreatedException: Message: session not created: Chrome failed to start: exited normally.
  (session not created: DevToolsActivePort file doesn't exist)
  (The process started from chrome location /usr/bin/google-chrome is no longer running, so ChromeDriver is assuming that Chrome has crashed.)
Stacktrace:
#0 0x55c1307b0e33 &lt;unknown&gt;
#1 0x55c1304a0567 &lt;unknown&gt;
#2 0x55c1304d49a9 &lt;unknown&gt;
#3 0x55c1304d08c0 &lt;unknown&gt;
#4 0x55c13051971d &lt;unknown&gt;
#5 0x55c13050d103 &lt;unknown&gt;
#6 0x55c1304de1ba &lt;unknown&gt;
#7 0x55c1304deb8e &lt;unknown&gt;
#8 0x55c13077559b &lt;unknown&gt;
#9 0x55c13077934b &lt;unknown&gt;
#10 0x55c130761681 &lt;unknown&gt;
#11 0x55c130779eb2 &lt;unknown&gt;
#12 0x55c1307466af &lt;unknown&gt;
#13 0x55c1307a0428 &lt;unknown&gt;
#14 0x55c1307a0600 &lt;unknown&gt;
#15 0x55c1307aff84 &lt;unknown&gt;
#16 0x7f7167a94ac3 &lt;unknown&gt;
</status>
</kw>
<kw name="Maximize Browser Window" owner="SeleniumLibrary">
<doc>Maximizes current browser window.</doc>
<status status="NOT RUN" start="2024-05-07T19:04:33.231447" elapsed="0.000035"/>
</kw>
<status status="FAIL" start="2024-05-07T19:04:33.042561" elapsed="0.189044">SessionNotCreatedException: Message: session not created: Chrome failed to start: exited normally.
  (session not created: DevToolsActivePort file doesn't exist)
  (The process started from chrome location /usr/bin/google-chrome is no longer running, so ChromeDriver is assuming that Chrome has crashed.)
Stacktrace:
#0 0x55c1307b0e33 &lt;unknown&gt;
#1 0x55c1304a0567 &lt;unknown&gt;
#2 0x55c1304d49a9 &lt;unknown&gt;
#3 0x55c1304d08c0 &lt;unknown&gt;
#4 0x55c13051971d &lt;unknown&gt;
#5 0x55c13050d103 &lt;unknown&gt;
#6 0x55c1304de1ba &lt;unknown&gt;
#7 0x55c1304deb8e &lt;unknown&gt;
#8 0x55c13077559b &lt;unknown&gt;
#9 0x55c13077934b &lt;unknown&gt;
#10 0x55c130761681 &lt;unknown&gt;
#11 0x55c130779eb2 &lt;unknown&gt;
#12 0x55c1307466af &lt;unknown&gt;
#13 0x55c1307a0428 &lt;unknown&gt;
#14 0x55c1307a0600 &lt;unknown&gt;
#15 0x55c1307aff84 &lt;unknown&gt;
#16 0x7f7167a94ac3 &lt;unknown&gt;
</status>
</kw>
<kw name="Fechar o navegador" owner="base" type="TEARDOWN">
<kw name="Capture Page Screenshot" owner="SeleniumLibrary">
<msg time="2024-05-07T19:04:33.232323" level="INFO">Cannot capture screenshot because no browser is open.</msg>
<doc>Takes a screenshot of the current page and embeds it into a log file.</doc>
<status status="PASS" start="2024-05-07T19:04:33.232199" elapsed="0.000223"/>
</kw>
<kw name="Close Browser" owner="SeleniumLibrary">
<doc>Closes the current browser.</doc>
<status status="PASS" start="2024-05-07T19:04:33.232544" elapsed="0.000106"/>
</kw>
<status status="PASS" start="2024-05-07T19:04:33.231889" elapsed="0.000818"/>
</kw>
<tag>grupo_1</tag>
<status status="FAIL" start="2024-05-07T19:04:33.041951" elapsed="0.190804">Setup failed:
SessionNotCreatedException: Message: session not created: Chrome failed to start: exited normally.
  (session not created: DevToolsActivePort file doesn't exist)
  (The process started from chrome location /usr/bin/google-chrome is no longer running, so ChromeDriver is assuming that Chrome has crashed.)
Stacktrace:
#0 0x55c1307b0e33 &lt;unknown&gt;
#1 0x55c1304a0567 &lt;unknown&gt;
#2 0x55c1304d49a9 &lt;unknown&gt;
#3 0x55c1304d08c0 &lt;unknown&gt;
#4 0x55c13051971d &lt;unknown&gt;
#5 0x55c13050d103 &lt;unknown&gt;
#6 0x55c1304de1ba &lt;unknown&gt;
#7 0x55c1304deb8e &lt;unknown&gt;
#8 0x55c13077559b &lt;unknown&gt;
#9 0x55c13077934b &lt;unknown&gt;
#10 0x55c130761681 &lt;unknown&gt;
#11 0x55c130779eb2 &lt;unknown&gt;
#12 0x55c1307466af &lt;unknown&gt;
#13 0x55c1307a0428 &lt;unknown&gt;
#14 0x55c1307a0600 &lt;unknown&gt;
#15 0x55c1307aff84 &lt;unknown&gt;
#16 0x7f7167a94ac3 &lt;unknown&gt;
</status>
</test>
<test id="s1-s2-t3" name="Cenario 03 - Alterar registros diretamente na listagem" line="40">
<kw name="Acessar o site Fast2 Mine" owner="base" type="SETUP">
<kw name="Evaluate" owner="BuiltIn">
<msg time="2024-05-07T19:04:33.234325" level="INFO">${chrome_options} = &lt;selenium.webdriver.chrome.options.Options object at 0x7f1266c9a390&gt;</msg>
<var>${chrome_options}</var>
<arg>sys.modules['selenium.webdriver'].ChromeOptions()</arg>
<arg>sys, selenium.webdriver</arg>
<doc>Evaluates the given expression in Python and returns the result.</doc>
<status status="PASS" start="2024-05-07T19:04:33.234072" elapsed="0.000280"/>
</kw>
<kw name="Create Dictionary" owner="BuiltIn">
<msg time="2024-05-07T19:04:33.234725" level="INFO">${prefs} = {'download.default_directory': 'C:\\Fast2mine - miningcontrol\\fast2_mine_main\\fast2mine\\resources\\data', 'download.prompt_for_download': 'False'}</msg>
<var>${prefs}</var>
<arg>download.default_directory=${download_path}</arg>
<arg>download.prompt_for_download=False</arg>
<doc>Creates and returns a dictionary based on the given ``items``.</doc>
<status status="PASS" start="2024-05-07T19:04:33.234490" elapsed="0.000259"/>
</kw>
<kw name="Call Method" owner="BuiltIn">
<arg>${chrome_options}</arg>
<arg>add_experimental_option</arg>
<arg>prefs</arg>
<arg>${prefs}</arg>
<doc>Calls the named method of the given object with the provided arguments.</doc>
<status status="PASS" start="2024-05-07T19:04:33.234865" elapsed="0.000142"/>
</kw>
<kw name="Call Method" owner="BuiltIn">
<arg>${chrome_options}</arg>
<arg>add_argument</arg>
<arg>--safebrowsing-disable-download-protection</arg>
<doc>Calls the named method of the given object with the provided arguments.</doc>
<status status="PASS" start="2024-05-07T19:04:33.235117" elapsed="0.000109"/>
</kw>
<kw name="Open Browser" owner="SeleniumLibrary">
<msg time="2024-05-07T19:04:33.235573" level="INFO">Opening browser 'chrome' to base url 'https://homologacao-dev.miningcontrol.cloud/login'.</msg>
<msg time="2024-05-07T19:04:33.418938" level="INFO">Cannot capture screenshot because no browser is open.</msg>
<msg time="2024-05-07T19:04:33.419104" level="FAIL">SessionNotCreatedException: Message: session not created: Chrome failed to start: exited normally.
  (session not created: DevToolsActivePort file doesn't exist)
  (The process started from chrome location /usr/bin/google-chrome is no longer running, so ChromeDriver is assuming that Chrome has crashed.)
Stacktrace:
#0 0x55b987551e33 &lt;unknown&gt;
#1 0x55b987241567 &lt;unknown&gt;
#2 0x55b9872759a9 &lt;unknown&gt;
#3 0x55b9872718c0 &lt;unknown&gt;
#4 0x55b9872ba71d &lt;unknown&gt;
#5 0x55b9872ae103 &lt;unknown&gt;
#6 0x55b98727f1ba &lt;unknown&gt;
#7 0x55b98727fb8e &lt;unknown&gt;
#8 0x55b98751659b &lt;unknown&gt;
#9 0x55b98751a34b &lt;unknown&gt;
#10 0x55b987502681 &lt;unknown&gt;
#11 0x55b98751aeb2 &lt;unknown&gt;
#12 0x55b9874e76af &lt;unknown&gt;
#13 0x55b987541428 &lt;unknown&gt;
#14 0x55b987541600 &lt;unknown&gt;
#15 0x55b987550f84 &lt;unknown&gt;
#16 0x7fed3a094ac3 &lt;unknown&gt;
</msg>
<arg>${url_base}</arg>
<arg>browser=chrome</arg>
<arg>options=${chrome_options}</arg>
<doc>Opens a new browser instance to the optional ``url``.</doc>
<status status="FAIL" start="2024-05-07T19:04:33.235359" elapsed="0.184565">SessionNotCreatedException: Message: session not created: Chrome failed to start: exited normally.
  (session not created: DevToolsActivePort file doesn't exist)
  (The process started from chrome location /usr/bin/google-chrome is no longer running, so ChromeDriver is assuming that Chrome has crashed.)
Stacktrace:
#0 0x55b987551e33 &lt;unknown&gt;
#1 0x55b987241567 &lt;unknown&gt;
#2 0x55b9872759a9 &lt;unknown&gt;
#3 0x55b9872718c0 &lt;unknown&gt;
#4 0x55b9872ba71d &lt;unknown&gt;
#5 0x55b9872ae103 &lt;unknown&gt;
#6 0x55b98727f1ba &lt;unknown&gt;
#7 0x55b98727fb8e &lt;unknown&gt;
#8 0x55b98751659b &lt;unknown&gt;
#9 0x55b98751a34b &lt;unknown&gt;
#10 0x55b987502681 &lt;unknown&gt;
#11 0x55b98751aeb2 &lt;unknown&gt;
#12 0x55b9874e76af &lt;unknown&gt;
#13 0x55b987541428 &lt;unknown&gt;
#14 0x55b987541600 &lt;unknown&gt;
#15 0x55b987550f84 &lt;unknown&gt;
#16 0x7fed3a094ac3 &lt;unknown&gt;
</status>
</kw>
<kw name="Maximize Browser Window" owner="SeleniumLibrary">
<doc>Maximizes current browser window.</doc>
<status status="NOT RUN" start="2024-05-07T19:04:33.420163" elapsed="0.000033"/>
</kw>
<status status="FAIL" start="2024-05-07T19:04:33.233781" elapsed="0.186532">SessionNotCreatedException: Message: session not created: Chrome failed to start: exited normally.
  (session not created: DevToolsActivePort file doesn't exist)
  (The process started from chrome location /usr/bin/google-chrome is no longer running, so ChromeDriver is assuming that Chrome has crashed.)
Stacktrace:
#0 0x55b987551e33 &lt;unknown&gt;
#1 0x55b987241567 &lt;unknown&gt;
#2 0x55b9872759a9 &lt;unknown&gt;
#3 0x55b9872718c0 &lt;unknown&gt;
#4 0x55b9872ba71d &lt;unknown&gt;
#5 0x55b9872ae103 &lt;unknown&gt;
#6 0x55b98727f1ba &lt;unknown&gt;
#7 0x55b98727fb8e &lt;unknown&gt;
#8 0x55b98751659b &lt;unknown&gt;
#9 0x55b98751a34b &lt;unknown&gt;
#10 0x55b987502681 &lt;unknown&gt;
#11 0x55b98751aeb2 &lt;unknown&gt;
#12 0x55b9874e76af &lt;unknown&gt;
#13 0x55b987541428 &lt;unknown&gt;
#14 0x55b987541600 &lt;unknown&gt;
#15 0x55b987550f84 &lt;unknown&gt;
#16 0x7fed3a094ac3 &lt;unknown&gt;
</status>
</kw>
<kw name="Fechar o navegador" owner="base" type="TEARDOWN">
<kw name="Capture Page Screenshot" owner="SeleniumLibrary">
<msg time="2024-05-07T19:04:33.420960" level="INFO">Cannot capture screenshot because no browser is open.</msg>
<doc>Takes a screenshot of the current page and embeds it into a log file.</doc>
<status status="PASS" start="2024-05-07T19:04:33.420864" elapsed="0.000140"/>
</kw>
<kw name="Close Browser" owner="SeleniumLibrary">
<doc>Closes the current browser.</doc>
<status status="PASS" start="2024-05-07T19:04:33.421112" elapsed="0.000086"/>
</kw>
<status status="PASS" start="2024-05-07T19:04:33.420587" elapsed="0.000665"/>
</kw>
<status status="FAIL" start="2024-05-07T19:04:33.233084" elapsed="0.188209">Setup failed:
SessionNotCreatedException: Message: session not created: Chrome failed to start: exited normally.
  (session not created: DevToolsActivePort file doesn't exist)
  (The process started from chrome location /usr/bin/google-chrome is no longer running, so ChromeDriver is assuming that Chrome has crashed.)
Stacktrace:
#0 0x55b987551e33 &lt;unknown&gt;
#1 0x55b987241567 &lt;unknown&gt;
#2 0x55b9872759a9 &lt;unknown&gt;
#3 0x55b9872718c0 &lt;unknown&gt;
#4 0x55b9872ba71d &lt;unknown&gt;
#5 0x55b9872ae103 &lt;unknown&gt;
#6 0x55b98727f1ba &lt;unknown&gt;
#7 0x55b98727fb8e &lt;unknown&gt;
#8 0x55b98751659b &lt;unknown&gt;
#9 0x55b98751a34b &lt;unknown&gt;
#10 0x55b987502681 &lt;unknown&gt;
#11 0x55b98751aeb2 &lt;unknown&gt;
#12 0x55b9874e76af &lt;unknown&gt;
#13 0x55b987541428 &lt;unknown&gt;
#14 0x55b987541600 &lt;unknown&gt;
#15 0x55b987550f84 &lt;unknown&gt;
#16 0x7fed3a094ac3 &lt;unknown&gt;
</status>
</test>
<test id="s1-s2-t4" name="Cenario 5 - Inserir novos registros na aba Grupo de Equipamento" line="49">
<kw name="Acessar o site Fast2 Mine" owner="base" type="SETUP">
<kw name="Evaluate" owner="BuiltIn">
<msg time="2024-05-07T19:04:33.422594" level="INFO">${chrome_options} = &lt;selenium.webdriver.chrome.options.Options object at 0x7f1266c96ab0&gt;</msg>
<var>${chrome_options}</var>
<arg>sys.modules['selenium.webdriver'].ChromeOptions()</arg>
<arg>sys, selenium.webdriver</arg>
<doc>Evaluates the given expression in Python and returns the result.</doc>
<status status="PASS" start="2024-05-07T19:04:33.422340" elapsed="0.000281"/>
</kw>
<kw name="Create Dictionary" owner="BuiltIn">
<msg time="2024-05-07T19:04:33.422988" level="INFO">${prefs} = {'download.default_directory': 'C:\\Fast2mine - miningcontrol\\fast2_mine_main\\fast2mine\\resources\\data', 'download.prompt_for_download': 'False'}</msg>
<var>${prefs}</var>
<arg>download.default_directory=${download_path}</arg>
<arg>download.prompt_for_download=False</arg>
<doc>Creates and returns a dictionary based on the given ``items``.</doc>
<status status="PASS" start="2024-05-07T19:04:33.422754" elapsed="0.000258"/>
</kw>
<kw name="Call Method" owner="BuiltIn">
<arg>${chrome_options}</arg>
<arg>add_experimental_option</arg>
<arg>prefs</arg>
<arg>${prefs}</arg>
<doc>Calls the named method of the given object with the provided arguments.</doc>
<status status="PASS" start="2024-05-07T19:04:33.423126" elapsed="0.000136"/>
</kw>
<kw name="Call Method" owner="BuiltIn">
<arg>${chrome_options}</arg>
<arg>add_argument</arg>
<arg>--safebrowsing-disable-download-protection</arg>
<doc>Calls the named method of the given object with the provided arguments.</doc>
<status status="PASS" start="2024-05-07T19:04:33.423372" elapsed="0.000120"/>
</kw>
<kw name="Open Browser" owner="SeleniumLibrary">
<msg time="2024-05-07T19:04:33.423836" level="INFO">Opening browser 'chrome' to base url 'https://homologacao-dev.miningcontrol.cloud/login'.</msg>
<msg time="2024-05-07T19:04:33.609406" level="INFO">Cannot capture screenshot because no browser is open.</msg>
<msg time="2024-05-07T19:04:33.609577" level="FAIL">SessionNotCreatedException: Message: session not created: Chrome failed to start: exited normally.
  (session not created: DevToolsActivePort file doesn't exist)
  (The process started from chrome location /usr/bin/google-chrome is no longer running, so ChromeDriver is assuming that Chrome has crashed.)
Stacktrace:
#0 0x55feea548e33 &lt;unknown&gt;
#1 0x55feea238567 &lt;unknown&gt;
#2 0x55feea26c9a9 &lt;unknown&gt;
#3 0x55feea2688c0 &lt;unknown&gt;
#4 0x55feea2b171d &lt;unknown&gt;
#5 0x55feea2a5103 &lt;unknown&gt;
#6 0x55feea2761ba &lt;unknown&gt;
#7 0x55feea276b8e &lt;unknown&gt;
#8 0x55feea50d59b &lt;unknown&gt;
#9 0x55feea51134b &lt;unknown&gt;
#10 0x55feea4f9681 &lt;unknown&gt;
#11 0x55feea511eb2 &lt;unknown&gt;
#12 0x55feea4de6af &lt;unknown&gt;
#13 0x55feea538428 &lt;unknown&gt;
#14 0x55feea538600 &lt;unknown&gt;
#15 0x55feea547f84 &lt;unknown&gt;
#16 0x7fa8da294ac3 &lt;unknown&gt;
</msg>
<arg>${url_base}</arg>
<arg>browser=chrome</arg>
<arg>options=${chrome_options}</arg>
<doc>Opens a new browser instance to the optional ``url``.</doc>
<status status="FAIL" start="2024-05-07T19:04:33.423632" elapsed="0.186874">SessionNotCreatedException: Message: session not created: Chrome failed to start: exited normally.
  (session not created: DevToolsActivePort file doesn't exist)
  (The process started from chrome location /usr/bin/google-chrome is no longer running, so ChromeDriver is assuming that Chrome has crashed.)
Stacktrace:
#0 0x55feea548e33 &lt;unknown&gt;
#1 0x55feea238567 &lt;unknown&gt;
#2 0x55feea26c9a9 &lt;unknown&gt;
#3 0x55feea2688c0 &lt;unknown&gt;
#4 0x55feea2b171d &lt;unknown&gt;
#5 0x55feea2a5103 &lt;unknown&gt;
#6 0x55feea2761ba &lt;unknown&gt;
#7 0x55feea276b8e &lt;unknown&gt;
#8 0x55feea50d59b &lt;unknown&gt;
#9 0x55feea51134b &lt;unknown&gt;
#10 0x55feea4f9681 &lt;unknown&gt;
#11 0x55feea511eb2 &lt;unknown&gt;
#12 0x55feea4de6af &lt;unknown&gt;
#13 0x55feea538428 &lt;unknown&gt;
#14 0x55feea538600 &lt;unknown&gt;
#15 0x55feea547f84 &lt;unknown&gt;
#16 0x7fa8da294ac3 &lt;unknown&gt;
</status>
</kw>
<kw name="Maximize Browser Window" owner="SeleniumLibrary">
<doc>Maximizes current browser window.</doc>
<status status="NOT RUN" start="2024-05-07T19:04:33.610748" elapsed="0.000033"/>
</kw>
<status status="FAIL" start="2024-05-07T19:04:33.422117" elapsed="0.188791">SessionNotCreatedException: Message: session not created: Chrome failed to start: exited normally.
  (session not created: DevToolsActivePort file doesn't exist)
  (The process started from chrome location /usr/bin/google-chrome is no longer running, so ChromeDriver is assuming that Chrome has crashed.)
Stacktrace:
#0 0x55feea548e33 &lt;unknown&gt;
#1 0x55feea238567 &lt;unknown&gt;
#2 0x55feea26c9a9 &lt;unknown&gt;
#3 0x55feea2688c0 &lt;unknown&gt;
#4 0x55feea2b171d &lt;unknown&gt;
#5 0x55feea2a5103 &lt;unknown&gt;
#6 0x55feea2761ba &lt;unknown&gt;
#7 0x55feea276b8e &lt;unknown&gt;
#8 0x55feea50d59b &lt;unknown&gt;
#9 0x55feea51134b &lt;unknown&gt;
#10 0x55feea4f9681 &lt;unknown&gt;
#11 0x55feea511eb2 &lt;unknown&gt;
#12 0x55feea4de6af &lt;unknown&gt;
#13 0x55feea538428 &lt;unknown&gt;
#14 0x55feea538600 &lt;unknown&gt;
#15 0x55feea547f84 &lt;unknown&gt;
#16 0x7fa8da294ac3 &lt;unknown&gt;
</status>
</kw>
<kw name="Fechar o navegador" owner="base" type="TEARDOWN">
<kw name="Capture Page Screenshot" owner="SeleniumLibrary">
<msg time="2024-05-07T19:04:33.611609" level="INFO">Cannot capture screenshot because no browser is open.</msg>
<doc>Takes a screenshot of the current page and embeds it into a log file.</doc>
<status status="PASS" start="2024-05-07T19:04:33.611504" elapsed="0.000152"/>
</kw>
<kw name="Close Browser" owner="SeleniumLibrary">
<doc>Closes the current browser.</doc>
<status status="PASS" start="2024-05-07T19:04:33.611766" elapsed="0.000091"/>
</kw>
<status status="PASS" start="2024-05-07T19:04:33.611206" elapsed="0.000708"/>
</kw>
<tag>grupo_5</tag>
<status status="FAIL" start="2024-05-07T19:04:33.421671" elapsed="0.190289">Setup failed:
SessionNotCreatedException: Message: session not created: Chrome failed to start: exited normally.
  (session not created: DevToolsActivePort file doesn't exist)
  (The process started from chrome location /usr/bin/google-chrome is no longer running, so ChromeDriver is assuming that Chrome has crashed.)
Stacktrace:
#0 0x55feea548e33 &lt;unknown&gt;
#1 0x55feea238567 &lt;unknown&gt;
#2 0x55feea26c9a9 &lt;unknown&gt;
#3 0x55feea2688c0 &lt;unknown&gt;
#4 0x55feea2b171d &lt;unknown&gt;
#5 0x55feea2a5103 &lt;unknown&gt;
#6 0x55feea2761ba &lt;unknown&gt;
#7 0x55feea276b8e &lt;unknown&gt;
#8 0x55feea50d59b &lt;unknown&gt;
#9 0x55feea51134b &lt;unknown&gt;
#10 0x55feea4f9681 &lt;unknown&gt;
#11 0x55feea511eb2 &lt;unknown&gt;
#12 0x55feea4de6af &lt;unknown&gt;
#13 0x55feea538428 &lt;unknown&gt;
#14 0x55feea538600 &lt;unknown&gt;
#15 0x55feea547f84 &lt;unknown&gt;
#16 0x7fa8da294ac3 &lt;unknown&gt;
</status>
</test>
<doc>Arquivo com os casos de testes que serão usados na área do Operador</doc>
<status status="FAIL" start="2024-05-07T19:04:32.826311" elapsed="0.786089"/>
</suite>
<suite id="s1-s3" name="Realizar Login" source="/home/runner/work/fast2mine/fast2mine/test_cases/realizar_login.robot">
<test id="s1-s3-t1" name="Cenário 1: Login bem-sucedido" line="9">
<kw name="Acessar o site Fast2 Mine" owner="base" type="SETUP">
<kw name="Evaluate" owner="BuiltIn">
<msg time="2024-05-07T19:04:33.623171" level="INFO">${chrome_options} = &lt;selenium.webdriver.chrome.options.Options object at 0x7f1266c9e270&gt;</msg>
<var>${chrome_options}</var>
<arg>sys.modules['selenium.webdriver'].ChromeOptions()</arg>
<arg>sys, selenium.webdriver</arg>
<doc>Evaluates the given expression in Python and returns the result.</doc>
<status status="PASS" start="2024-05-07T19:04:33.622941" elapsed="0.000257"/>
</kw>
<kw name="Create Dictionary" owner="BuiltIn">
<msg time="2024-05-07T19:04:33.623556" level="INFO">${prefs} = {'download.default_directory': 'C:\\Fast2mine - miningcontrol\\fast2_mine_main\\fast2mine\\resources\\data', 'download.prompt_for_download': 'False'}</msg>
<var>${prefs}</var>
<arg>download.default_directory=${download_path}</arg>
<arg>download.prompt_for_download=False</arg>
<doc>Creates and returns a dictionary based on the given ``items``.</doc>
<status status="PASS" start="2024-05-07T19:04:33.623328" elapsed="0.000252"/>
</kw>
<kw name="Call Method" owner="BuiltIn">
<arg>${chrome_options}</arg>
<arg>add_experimental_option</arg>
<arg>prefs</arg>
<arg>${prefs}</arg>
<doc>Calls the named method of the given object with the provided arguments.</doc>
<status status="PASS" start="2024-05-07T19:04:33.623687" elapsed="0.000137"/>
</kw>
<kw name="Call Method" owner="BuiltIn">
<arg>${chrome_options}</arg>
<arg>add_argument</arg>
<arg>--safebrowsing-disable-download-protection</arg>
<doc>Calls the named method of the given object with the provided arguments.</doc>
<status status="PASS" start="2024-05-07T19:04:33.623931" elapsed="0.000109"/>
</kw>
<kw name="Open Browser" owner="SeleniumLibrary">
<msg time="2024-05-07T19:04:33.624407" level="INFO">Opening browser 'chrome' to base url 'https://homologacao-dev.miningcontrol.cloud/login'.</msg>
<msg time="2024-05-07T19:04:33.807735" level="INFO">Cannot capture screenshot because no browser is open.</msg>
<msg time="2024-05-07T19:04:33.807894" level="FAIL">SessionNotCreatedException: Message: session not created: Chrome failed to start: exited normally.
  (session not created: DevToolsActivePort file doesn't exist)
  (The process started from chrome location /usr/bin/google-chrome is no longer running, so ChromeDriver is assuming that Chrome has crashed.)
Stacktrace:
#0 0x56485a6ece33 &lt;unknown&gt;
#1 0x56485a3dc567 &lt;unknown&gt;
#2 0x56485a4109a9 &lt;unknown&gt;
#3 0x56485a40c8c0 &lt;unknown&gt;
#4 0x56485a45571d &lt;unknown&gt;
#5 0x56485a449103 &lt;unknown&gt;
#6 0x56485a41a1ba &lt;unknown&gt;
#7 0x56485a41ab8e &lt;unknown&gt;
#8 0x56485a6b159b &lt;unknown&gt;
#9 0x56485a6b534b &lt;unknown&gt;
#10 0x56485a69d681 &lt;unknown&gt;
#11 0x56485a6b5eb2 &lt;unknown&gt;
#12 0x56485a6826af &lt;unknown&gt;
#13 0x56485a6dc428 &lt;unknown&gt;
#14 0x56485a6dc600 &lt;unknown&gt;
#15 0x56485a6ebf84 &lt;unknown&gt;
#16 0x7f1936a94ac3 &lt;unknown&gt;
</msg>
<arg>${url_base}</arg>
<arg>browser=chrome</arg>
<arg>options=${chrome_options}</arg>
<doc>Opens a new browser instance to the optional ``url``.</doc>
<status status="FAIL" start="2024-05-07T19:04:33.624175" elapsed="0.184547">SessionNotCreatedException: Message: session not created: Chrome failed to start: exited normally.
  (session not created: DevToolsActivePort file doesn't exist)
  (The process started from chrome location /usr/bin/google-chrome is no longer running, so ChromeDriver is assuming that Chrome has crashed.)
Stacktrace:
#0 0x56485a6ece33 &lt;unknown&gt;
#1 0x56485a3dc567 &lt;unknown&gt;
#2 0x56485a4109a9 &lt;unknown&gt;
#3 0x56485a40c8c0 &lt;unknown&gt;
#4 0x56485a45571d &lt;unknown&gt;
#5 0x56485a449103 &lt;unknown&gt;
#6 0x56485a41a1ba &lt;unknown&gt;
#7 0x56485a41ab8e &lt;unknown&gt;
#8 0x56485a6b159b &lt;unknown&gt;
#9 0x56485a6b534b &lt;unknown&gt;
#10 0x56485a69d681 &lt;unknown&gt;
#11 0x56485a6b5eb2 &lt;unknown&gt;
#12 0x56485a6826af &lt;unknown&gt;
#13 0x56485a6dc428 &lt;unknown&gt;
#14 0x56485a6dc600 &lt;unknown&gt;
#15 0x56485a6ebf84 &lt;unknown&gt;
#16 0x7f1936a94ac3 &lt;unknown&gt;
</status>
</kw>
<kw name="Maximize Browser Window" owner="SeleniumLibrary">
<doc>Maximizes current browser window.</doc>
<status status="NOT RUN" start="2024-05-07T19:04:33.808937" elapsed="0.000032"/>
</kw>
<status status="FAIL" start="2024-05-07T19:04:33.622712" elapsed="0.186374">SessionNotCreatedException: Message: session not created: Chrome failed to start: exited normally.
  (session not created: DevToolsActivePort file doesn't exist)
  (The process started from chrome location /usr/bin/google-chrome is no longer running, so ChromeDriver is assuming that Chrome has crashed.)
Stacktrace:
#0 0x56485a6ece33 &lt;unknown&gt;
#1 0x56485a3dc567 &lt;unknown&gt;
#2 0x56485a4109a9 &lt;unknown&gt;
#3 0x56485a40c8c0 &lt;unknown&gt;
#4 0x56485a45571d &lt;unknown&gt;
#5 0x56485a449103 &lt;unknown&gt;
#6 0x56485a41a1ba &lt;unknown&gt;
#7 0x56485a41ab8e &lt;unknown&gt;
#8 0x56485a6b159b &lt;unknown&gt;
#9 0x56485a6b534b &lt;unknown&gt;
#10 0x56485a69d681 &lt;unknown&gt;
#11 0x56485a6b5eb2 &lt;unknown&gt;
#12 0x56485a6826af &lt;unknown&gt;
#13 0x56485a6dc428 &lt;unknown&gt;
#14 0x56485a6dc600 &lt;unknown&gt;
#15 0x56485a6ebf84 &lt;unknown&gt;
#16 0x7f1936a94ac3 &lt;unknown&gt;
</status>
</kw>
<kw name="Fechar o navegador" owner="base" type="TEARDOWN">
<kw name="Capture Page Screenshot" owner="SeleniumLibrary">
<msg time="2024-05-07T19:04:33.809756" level="INFO">Cannot capture screenshot because no browser is open.</msg>
<doc>Takes a screenshot of the current page and embeds it into a log file.</doc>
<status status="PASS" start="2024-05-07T19:04:33.809658" elapsed="0.000143"/>
</kw>
<kw name="Close Browser" owner="SeleniumLibrary">
<doc>Closes the current browser.</doc>
<status status="PASS" start="2024-05-07T19:04:33.809904" elapsed="0.000084"/>
</kw>
<status status="PASS" start="2024-05-07T19:04:33.809381" elapsed="0.000662"/>
</kw>
<tag>sucesso</tag>
<status status="FAIL" start="2024-05-07T19:04:33.622236" elapsed="0.187849">Setup failed:
SessionNotCreatedException: Message: session not created: Chrome failed to start: exited normally.
  (session not created: DevToolsActivePort file doesn't exist)
  (The process started from chrome location /usr/bin/google-chrome is no longer running, so ChromeDriver is assuming that Chrome has crashed.)
Stacktrace:
#0 0x56485a6ece33 &lt;unknown&gt;
#1 0x56485a3dc567 &lt;unknown&gt;
#2 0x56485a4109a9 &lt;unknown&gt;
#3 0x56485a40c8c0 &lt;unknown&gt;
#4 0x56485a45571d &lt;unknown&gt;
#5 0x56485a449103 &lt;unknown&gt;
#6 0x56485a41a1ba &lt;unknown&gt;
#7 0x56485a41ab8e &lt;unknown&gt;
#8 0x56485a6b159b &lt;unknown&gt;
#9 0x56485a6b534b &lt;unknown&gt;
#10 0x56485a69d681 &lt;unknown&gt;
#11 0x56485a6b5eb2 &lt;unknown&gt;
#12 0x56485a6826af &lt;unknown&gt;
#13 0x56485a6dc428 &lt;unknown&gt;
#14 0x56485a6dc600 &lt;unknown&gt;
#15 0x56485a6ebf84 &lt;unknown&gt;
#16 0x7f1936a94ac3 &lt;unknown&gt;
</status>
</test>
<test id="s1-s3-t2" name="Cenário 2: Login invalido" line="16">
<kw name="Acessar o site Fast2 Mine" owner="base" type="SETUP">
<kw name="Evaluate" owner="BuiltIn">
<msg time="2024-05-07T19:04:33.811550" level="INFO">${chrome_options} = &lt;selenium.webdriver.chrome.options.Options object at 0x7f1266c9fa40&gt;</msg>
<var>${chrome_options}</var>
<arg>sys.modules['selenium.webdriver'].ChromeOptions()</arg>
<arg>sys, selenium.webdriver</arg>
<doc>Evaluates the given expression in Python and returns the result.</doc>
<status status="PASS" start="2024-05-07T19:04:33.811216" elapsed="0.000375"/>
</kw>
<kw name="Create Dictionary" owner="BuiltIn">
<msg time="2024-05-07T19:04:33.812141" level="INFO">${prefs} = {'download.default_directory': 'C:\\Fast2mine - miningcontrol\\fast2_mine_main\\fast2mine\\resources\\data', 'download.prompt_for_download': 'False'}</msg>
<var>${prefs}</var>
<arg>download.default_directory=${download_path}</arg>
<arg>download.prompt_for_download=False</arg>
<doc>Creates and returns a dictionary based on the given ``items``.</doc>
<status status="PASS" start="2024-05-07T19:04:33.811782" elapsed="0.000400"/>
</kw>
<kw name="Call Method" owner="BuiltIn">
<arg>${chrome_options}</arg>
<arg>add_experimental_option</arg>
<arg>prefs</arg>
<arg>${prefs}</arg>
<doc>Calls the named method of the given object with the provided arguments.</doc>
<status status="PASS" start="2024-05-07T19:04:33.812400" elapsed="0.000213"/>
</kw>
<kw name="Call Method" owner="BuiltIn">
<arg>${chrome_options}</arg>
<arg>add_argument</arg>
<arg>--safebrowsing-disable-download-protection</arg>
<doc>Calls the named method of the given object with the provided arguments.</doc>
<status status="PASS" start="2024-05-07T19:04:33.812777" elapsed="0.000125"/>
</kw>
<kw name="Open Browser" owner="SeleniumLibrary">
<msg time="2024-05-07T19:04:33.813240" level="INFO">Opening browser 'chrome' to base url 'https://homologacao-dev.miningcontrol.cloud/login'.</msg>
<msg time="2024-05-07T19:04:34.001902" level="INFO">Cannot capture screenshot because no browser is open.</msg>
<msg time="2024-05-07T19:04:34.002084" level="FAIL">SessionNotCreatedException: Message: session not created: Chrome failed to start: exited normally.
  (session not created: DevToolsActivePort file doesn't exist)
  (The process started from chrome location /usr/bin/google-chrome is no longer running, so ChromeDriver is assuming that Chrome has crashed.)
Stacktrace:
#0 0x55c0ddabee33 &lt;unknown&gt;
#1 0x55c0dd7ae567 &lt;unknown&gt;
#2 0x55c0dd7e29a9 &lt;unknown&gt;
#3 0x55c0dd7de8c0 &lt;unknown&gt;
#4 0x55c0dd82771d &lt;unknown&gt;
#5 0x55c0dd81b103 &lt;unknown&gt;
#6 0x55c0dd7ec1ba &lt;unknown&gt;
#7 0x55c0dd7ecb8e &lt;unknown&gt;
#8 0x55c0dda8359b &lt;unknown&gt;
#9 0x55c0dda8734b &lt;unknown&gt;
#10 0x55c0dda6f681 &lt;unknown&gt;
#11 0x55c0dda87eb2 &lt;unknown&gt;
#12 0x55c0dda546af &lt;unknown&gt;
#13 0x55c0ddaae428 &lt;unknown&gt;
#14 0x55c0ddaae600 &lt;unknown&gt;
#15 0x55c0ddabdf84 &lt;unknown&gt;
#16 0x7f6bb7a94ac3 &lt;unknown&gt;
</msg>
<arg>${url_base}</arg>
<arg>browser=chrome</arg>
<arg>options=${chrome_options}</arg>
<doc>Opens a new browser instance to the optional ``url``.</doc>
<status status="FAIL" start="2024-05-07T19:04:33.813033" elapsed="0.190002">SessionNotCreatedException: Message: session not created: Chrome failed to start: exited normally.
  (session not created: DevToolsActivePort file doesn't exist)
  (The process started from chrome location /usr/bin/google-chrome is no longer running, so ChromeDriver is assuming that Chrome has crashed.)
Stacktrace:
#0 0x55c0ddabee33 &lt;unknown&gt;
#1 0x55c0dd7ae567 &lt;unknown&gt;
#2 0x55c0dd7e29a9 &lt;unknown&gt;
#3 0x55c0dd7de8c0 &lt;unknown&gt;
#4 0x55c0dd82771d &lt;unknown&gt;
#5 0x55c0dd81b103 &lt;unknown&gt;
#6 0x55c0dd7ec1ba &lt;unknown&gt;
#7 0x55c0dd7ecb8e &lt;unknown&gt;
#8 0x55c0dda8359b &lt;unknown&gt;
#9 0x55c0dda8734b &lt;unknown&gt;
#10 0x55c0dda6f681 &lt;unknown&gt;
#11 0x55c0dda87eb2 &lt;unknown&gt;
#12 0x55c0dda546af &lt;unknown&gt;
#13 0x55c0ddaae428 &lt;unknown&gt;
#14 0x55c0ddaae600 &lt;unknown&gt;
#15 0x55c0ddabdf84 &lt;unknown&gt;
#16 0x7f6bb7a94ac3 &lt;unknown&gt;
</status>
</kw>
<kw name="Maximize Browser Window" owner="SeleniumLibrary">
<doc>Maximizes current browser window.</doc>
<status status="NOT RUN" start="2024-05-07T19:04:34.003280" elapsed="0.000037"/>
</kw>
<status status="FAIL" start="2024-05-07T19:04:33.810909" elapsed="0.192550">SessionNotCreatedException: Message: session not created: Chrome failed to start: exited normally.
  (session not created: DevToolsActivePort file doesn't exist)
  (The process started from chrome location /usr/bin/google-chrome is no longer running, so ChromeDriver is assuming that Chrome has crashed.)
Stacktrace:
#0 0x55c0ddabee33 &lt;unknown&gt;
#1 0x55c0dd7ae567 &lt;unknown&gt;
#2 0x55c0dd7e29a9 &lt;unknown&gt;
#3 0x55c0dd7de8c0 &lt;unknown&gt;
#4 0x55c0dd82771d &lt;unknown&gt;
#5 0x55c0dd81b103 &lt;unknown&gt;
#6 0x55c0dd7ec1ba &lt;unknown&gt;
#7 0x55c0dd7ecb8e &lt;unknown&gt;
#8 0x55c0dda8359b &lt;unknown&gt;
#9 0x55c0dda8734b &lt;unknown&gt;
#10 0x55c0dda6f681 &lt;unknown&gt;
#11 0x55c0dda87eb2 &lt;unknown&gt;
#12 0x55c0dda546af &lt;unknown&gt;
#13 0x55c0ddaae428 &lt;unknown&gt;
#14 0x55c0ddaae600 &lt;unknown&gt;
#15 0x55c0ddabdf84 &lt;unknown&gt;
#16 0x7f6bb7a94ac3 &lt;unknown&gt;
</status>
</kw>
<kw name="Fechar o navegador" owner="base" type="TEARDOWN">
<kw name="Capture Page Screenshot" owner="SeleniumLibrary">
<msg time="2024-05-07T19:04:34.004198" level="INFO">Cannot capture screenshot because no browser is open.</msg>
<doc>Takes a screenshot of the current page and embeds it into a log file.</doc>
<status status="PASS" start="2024-05-07T19:04:34.004083" elapsed="0.000164"/>
</kw>
<kw name="Close Browser" owner="SeleniumLibrary">
<doc>Closes the current browser.</doc>
<status status="PASS" start="2024-05-07T19:04:34.004374" elapsed="0.000095"/>
</kw>
<status status="PASS" start="2024-05-07T19:04:34.003761" elapsed="0.000773"/>
</kw>
<tag>invalido</tag>
<status status="FAIL" start="2024-05-07T19:04:33.810393" elapsed="0.194183">Setup failed:
SessionNotCreatedException: Message: session not created: Chrome failed to start: exited normally.
  (session not created: DevToolsActivePort file doesn't exist)
  (The process started from chrome location /usr/bin/google-chrome is no longer running, so ChromeDriver is assuming that Chrome has crashed.)
Stacktrace:
#0 0x55c0ddabee33 &lt;unknown&gt;
#1 0x55c0dd7ae567 &lt;unknown&gt;
#2 0x55c0dd7e29a9 &lt;unknown&gt;
#3 0x55c0dd7de8c0 &lt;unknown&gt;
#4 0x55c0dd82771d &lt;unknown&gt;
#5 0x55c0dd81b103 &lt;unknown&gt;
#6 0x55c0dd7ec1ba &lt;unknown&gt;
#7 0x55c0dd7ecb8e &lt;unknown&gt;
#8 0x55c0dda8359b &lt;unknown&gt;
#9 0x55c0dda8734b &lt;unknown&gt;
#10 0x55c0dda6f681 &lt;unknown&gt;
#11 0x55c0dda87eb2 &lt;unknown&gt;
#12 0x55c0dda546af &lt;unknown&gt;
#13 0x55c0ddaae428 &lt;unknown&gt;
#14 0x55c0ddaae600 &lt;unknown&gt;
#15 0x55c0ddabdf84 &lt;unknown&gt;
#16 0x7f6bb7a94ac3 &lt;unknown&gt;
</status>
</test>
<status status="FAIL" start="2024-05-07T19:04:33.613323" elapsed="0.391666"/>
</suite>
<status status="FAIL" start="2024-05-07T19:04:25.452376" elapsed="8.553484"/>
</suite>
<statistics>
<total>
<stat pass="0" fail="12" skip="0">All Tests</stat>
</total>
<tag>
<stat pass="0" fail="2" skip="0">grupo</stat>
<stat pass="0" fail="2" skip="0">grupo_1</stat>
<stat pass="0" fail="1" skip="0">grupo_2</stat>
<stat pass="0" fail="1" skip="0">grupo_5</stat>
<stat pass="0" fail="1" skip="0">importar planilha</stat>
<stat pass="0" fail="1" skip="0">invalido</stat>
<stat pass="0" fail="1" skip="0">Operador</stat>
<stat pass="0" fail="1" skip="0">sucesso</stat>
</tag>
<suite>
<stat pass="0" fail="12" skip="0" id="s1" name="Test Cases">Test Cases</stat>
<stat pass="0" fail="6" skip="0" id="s1-s1" name="menu Operador">Test Cases.menu Operador</stat>
<stat pass="0" fail="4" skip="0" id="s1-s2" name="menu Turno">Test Cases.menu Turno</stat>
<stat pass="0" fail="2" skip="0" id="s1-s3" name="Realizar Login">Test Cases.Realizar Login</stat>
</suite>
</statistics>
<errors>
<msg time="2024-05-07T19:04:25.902232" level="ERROR">Error in file '/home/runner/work/fast2mine/fast2mine/resources/base.resource' on line 6: Importing library 'pyautogui' failed: KeyError: 'DISPLAY'
Traceback (most recent call last):
  File "/opt/hostedtoolcache/Python/3.12.3/x64/lib/python3.12/site-packages/pyautogui/__init__.py", line 246, in &lt;module&gt;
    import mouseinfo
  File "/opt/hostedtoolcache/Python/3.12.3/x64/lib/python3.12/site-packages/mouseinfo/__init__.py", line 223, in &lt;module&gt;
    _display = Display(os.environ['DISPLAY'])
                       ~~~~~~~~~~^^^^^^^^^^^
  File "&lt;frozen os&gt;", line 685, in __getitem__
PYTHONPATH:
  /opt/hostedtoolcache/Python/3.12.3/x64/bin
  /opt/hostedtoolcache/Python/3.12.3/x64/lib/python312.zip
  /opt/hostedtoolcache/Python/3.12.3/x64/lib/python3.12
  /opt/hostedtoolcache/Python/3.12.3/x64/lib/python3.12/lib-dynload
  /opt/hostedtoolcache/Python/3.12.3/x64/lib/python3.12/site-packages</msg>
<msg time="2024-05-07T19:04:25.920357" level="ERROR">Error in file '/home/runner/work/fast2mine/fast2mine/resources/pages/gerenciamento/operador.resource' on line 8: Importing library 'pyautogui' failed: KeyError: 'DISPLAY'
Traceback (most recent call last):
  File "/opt/hostedtoolcache/Python/3.12.3/x64/lib/python3.12/site-packages/pyautogui/__init__.py", line 246, in &lt;module&gt;
    import mouseinfo
  File "/opt/hostedtoolcache/Python/3.12.3/x64/lib/python3.12/site-packages/mouseinfo/__init__.py", line 223, in &lt;module&gt;
    _display = Display(os.environ['DISPLAY'])
                       ~~~~~~~~~~^^^^^^^^^^^
  File "&lt;frozen os&gt;", line 685, in __getitem__
PYTHONPATH:
  /opt/hostedtoolcache/Python/3.12.3/x64/bin
  /opt/hostedtoolcache/Python/3.12.3/x64/lib/python312.zip
  /opt/hostedtoolcache/Python/3.12.3/x64/lib/python3.12
  /opt/hostedtoolcache/Python/3.12.3/x64/lib/python3.12/lib-dynload
  /opt/hostedtoolcache/Python/3.12.3/x64/lib/python3.12/site-packages</msg>
<msg time="2024-05-07T19:04:32.832376" level="ERROR">Error in file '/home/runner/work/fast2mine/fast2mine/resources/base.resource' on line 6: Importing library 'pyautogui' failed: KeyError: 'DISPLAY'
Traceback (most recent call last):
  File "/opt/hostedtoolcache/Python/3.12.3/x64/lib/python3.12/site-packages/pyautogui/__init__.py", line 246, in &lt;module&gt;
    import mouseinfo
  File "/opt/hostedtoolcache/Python/3.12.3/x64/lib/python3.12/site-packages/mouseinfo/__init__.py", line 223, in &lt;module&gt;
    _display = Display(os.environ['DISPLAY'])
                       ~~~~~~~~~~^^^^^^^^^^^
  File "&lt;frozen os&gt;", line 685, in __getitem__
PYTHONPATH:
  /opt/hostedtoolcache/Python/3.12.3/x64/bin
  /opt/hostedtoolcache/Python/3.12.3/x64/lib/python312.zip
  /opt/hostedtoolcache/Python/3.12.3/x64/lib/python3.12
  /opt/hostedtoolcache/Python/3.12.3/x64/lib/python3.12/lib-dynload
  /opt/hostedtoolcache/Python/3.12.3/x64/lib/python3.12/site-packages</msg>
<msg time="2024-05-07T19:04:32.839714" level="ERROR">Error in file '/home/runner/work/fast2mine/fast2mine/resources/pages/gerenciamento/operador.resource' on line 8: Importing library 'pyautogui' failed: KeyError: 'DISPLAY'
Traceback (most recent call last):
  File "/opt/hostedtoolcache/Python/3.12.3/x64/lib/python3.12/site-packages/pyautogui/__init__.py", line 246, in &lt;module&gt;
    import mouseinfo
  File "/opt/hostedtoolcache/Python/3.12.3/x64/lib/python3.12/site-packages/mouseinfo/__init__.py", line 223, in &lt;module&gt;
    _display = Display(os.environ['DISPLAY'])
                       ~~~~~~~~~~^^^^^^^^^^^
  File "&lt;frozen os&gt;", line 685, in __getitem__
PYTHONPATH:
  /opt/hostedtoolcache/Python/3.12.3/x64/bin
  /opt/hostedtoolcache/Python/3.12.3/x64/lib/python312.zip
  /opt/hostedtoolcache/Python/3.12.3/x64/lib/python3.12
  /opt/hostedtoolcache/Python/3.12.3/x64/lib/python3.12/lib-dynload
  /opt/hostedtoolcache/Python/3.12.3/x64/lib/python3.12/site-packages</msg>
<msg time="2024-05-07T19:04:32.845664" level="ERROR">Error in file '/home/runner/work/fast2mine/fast2mine/resources/pages/gerenciamento/turno.resource' on line 6: Importing library 'FakerLibrary' failed: ModuleNotFoundError: No module named 'pkg_resources'
Traceback (most recent call last):
  File "/opt/hostedtoolcache/Python/3.12.3/x64/lib/python3.12/site-packages/FakerLibrary/__init__.py", line 1, in &lt;module&gt;
    import pkg_resources
PYTHONPATH:
  /opt/hostedtoolcache/Python/3.12.3/x64/bin
  /opt/hostedtoolcache/Python/3.12.3/x64/lib/python312.zip
  /opt/hostedtoolcache/Python/3.12.3/x64/lib/python3.12
  /opt/hostedtoolcache/Python/3.12.3/x64/lib/python3.12/lib-dynload
  /opt/hostedtoolcache/Python/3.12.3/x64/lib/python3.12/site-packages</msg>
<msg time="2024-05-07T19:04:32.850721" level="ERROR">Error in file '/home/runner/work/fast2mine/fast2mine/resources/pages/gerenciamento/turno.resource' on line 9: Importing library 'pyautogui' failed: KeyError: 'DISPLAY'
Traceback (most recent call last):
  File "/opt/hostedtoolcache/Python/3.12.3/x64/lib/python3.12/site-packages/pyautogui/__init__.py", line 246, in &lt;module&gt;
    import mouseinfo
  File "/opt/hostedtoolcache/Python/3.12.3/x64/lib/python3.12/site-packages/mouseinfo/__init__.py", line 223, in &lt;module&gt;
    _display = Display(os.environ['DISPLAY'])
                       ~~~~~~~~~~^^^^^^^^^^^
  File "&lt;frozen os&gt;", line 685, in __getitem__
PYTHONPATH:
  /opt/hostedtoolcache/Python/3.12.3/x64/bin
  /opt/hostedtoolcache/Python/3.12.3/x64/lib/python312.zip
  /opt/hostedtoolcache/Python/3.12.3/x64/lib/python3.12
  /opt/hostedtoolcache/Python/3.12.3/x64/lib/python3.12/lib-dynload
  /opt/hostedtoolcache/Python/3.12.3/x64/lib/python3.12/site-packages</msg>
<msg time="2024-05-07T19:04:33.619770" level="ERROR">Error in file '/home/runner/work/fast2mine/fast2mine/resources/base.resource' on line 6: Importing library 'pyautogui' failed: KeyError: 'DISPLAY'
Traceback (most recent call last):
  File "/opt/hostedtoolcache/Python/3.12.3/x64/lib/python3.12/site-packages/pyautogui/__init__.py", line 246, in &lt;module&gt;
    import mouseinfo
  File "/opt/hostedtoolcache/Python/3.12.3/x64/lib/python3.12/site-packages/mouseinfo/__init__.py", line 223, in &lt;module&gt;
    _display = Display(os.environ['DISPLAY'])
                       ~~~~~~~~~~^^^^^^^^^^^
  File "&lt;frozen os&gt;", line 685, in __getitem__
PYTHONPATH:
  /opt/hostedtoolcache/Python/3.12.3/x64/bin
  /opt/hostedtoolcache/Python/3.12.3/x64/lib/python312.zip
  /opt/hostedtoolcache/Python/3.12.3/x64/lib/python3.12
  /opt/hostedtoolcache/Python/3.12.3/x64/lib/python3.12/lib-dynload
  /opt/hostedtoolcache/Python/3.12.3/x64/lib/python3.12/site-packages</msg>
</errors>
</robot>
