<?xml version="1.0" encoding="UTF-8"?>
<robot generator="Robot 7.0 (Python 3.12.3 on linux)" generated="2024-05-04T18:20:00.768673" rpa="false" schemaversion="5">
<suite id="s1" name="index" source="/home/runner/work/fast2mine/fast2mine/test_cases">
<suite id="s1-s1" name="menu Operador" source="/home/runner/work/fast2mine/fast2mine/test_cases/menu_Operador.robot">
<test id="s1-s1-t1" name="Cenario 01 - Inserir novos registros na aba grupo" line="19">
<kw name="Acessar o site Fast2 Mine" owner="base" type="SETUP">
<kw name="Evaluate" owner="BuiltIn">
<msg time="2024-05-04T18:20:01.260347" level="INFO">${chrome_options} = &lt;selenium.webdriver.chrome.options.Options object at 0x7fba419af800&gt;</msg>
<var>${chrome_options}</var>
<arg>sys.modules['selenium.webdriver'].ChromeOptions()</arg>
<arg>sys, selenium.webdriver</arg>
<doc>Evaluates the given expression in Python and returns the result.</doc>
<status status="PASS" start="2024-05-04T18:20:01.260025" elapsed="0.000360"/>
</kw>
<kw name="Create Dictionary" owner="BuiltIn">
<msg time="2024-05-04T18:20:01.260888" level="INFO">${prefs} = {'download.default_directory': 'C:\\Fast2mine - miningcontrol\\fast2_mine_main\\fast2mine\\resources\\data', 'download.prompt_for_download': 'False'}</msg>
<var>${prefs}</var>
<arg>download.default_directory=${download_path}</arg>
<arg>download.prompt_for_download=False</arg>
<doc>Creates and returns a dictionary based on the given ``items``.</doc>
<status status="PASS" start="2024-05-04T18:20:01.260578" elapsed="0.000339"/>
</kw>
<kw name="Call Method" owner="BuiltIn">
<arg>${chrome_options}</arg>
<arg>add_experimental_option</arg>
<arg>prefs</arg>
<arg>${prefs}</arg>
<doc>Calls the named method of the given object with the provided arguments.</doc>
<status status="PASS" start="2024-05-04T18:20:01.261056" elapsed="0.000150"/>
</kw>
<kw name="Call Method" owner="BuiltIn">
<arg>${chrome_options}</arg>
<arg>add_argument</arg>
<arg>--safebrowsing-disable-download-protection</arg>
<doc>Calls the named method of the given object with the provided arguments.</doc>
<status status="PASS" start="2024-05-04T18:20:01.261319" elapsed="0.000115"/>
</kw>
<kw name="Open Browser" owner="SeleniumLibrary">
<msg time="2024-05-04T18:20:01.262039" level="INFO">Opening browser 'chrome' to base url 'https://homologacao.miningcontrol.cloud/login'.</msg>
<msg time="2024-05-04T18:20:01.783956" level="INFO">Cannot capture screenshot because no browser is open.</msg>
<msg time="2024-05-04T18:20:01.784141" level="FAIL">SessionNotCreatedException: Message: session not created: Chrome failed to start: exited normally.
  (session not created: DevToolsActivePort file doesn't exist)
  (The process started from chrome location /usr/bin/google-chrome is no longer running, so ChromeDriver is assuming that Chrome has crashed.)
Stacktrace:
#0 0x56057a651e33 &lt;unknown&gt;
#1 0x56057a341567 &lt;unknown&gt;
#2 0x56057a3759a9 &lt;unknown&gt;
#3 0x56057a3718c0 &lt;unknown&gt;
#4 0x56057a3ba71d &lt;unknown&gt;
#5 0x56057a3ae103 &lt;unknown&gt;
#6 0x56057a37f1ba &lt;unknown&gt;
#7 0x56057a37fb8e &lt;unknown&gt;
#8 0x56057a61659b &lt;unknown&gt;
#9 0x56057a61a34b &lt;unknown&gt;
#10 0x56057a602681 &lt;unknown&gt;
#11 0x56057a61aeb2 &lt;unknown&gt;
#12 0x56057a5e76af &lt;unknown&gt;
#13 0x56057a641428 &lt;unknown&gt;
#14 0x56057a641600 &lt;unknown&gt;
#15 0x56057a650f84 &lt;unknown&gt;
#16 0x7faf84c94ac3 &lt;unknown&gt;
</msg>
<arg>${url_base}</arg>
<arg>browser=chrome</arg>
<arg>options=${chrome_options}</arg>
<doc>Opens a new browser instance to the optional ``url``.</doc>
<status status="FAIL" start="2024-05-04T18:20:01.261575" elapsed="0.524178">SessionNotCreatedException: Message: session not created: Chrome failed to start: exited normally.
  (session not created: DevToolsActivePort file doesn't exist)
  (The process started from chrome location /usr/bin/google-chrome is no longer running, so ChromeDriver is assuming that Chrome has crashed.)
Stacktrace:
#0 0x56057a651e33 &lt;unknown&gt;
#1 0x56057a341567 &lt;unknown&gt;
#2 0x56057a3759a9 &lt;unknown&gt;
#3 0x56057a3718c0 &lt;unknown&gt;
#4 0x56057a3ba71d &lt;unknown&gt;
#5 0x56057a3ae103 &lt;unknown&gt;
#6 0x56057a37f1ba &lt;unknown&gt;
#7 0x56057a37fb8e &lt;unknown&gt;
#8 0x56057a61659b &lt;unknown&gt;
#9 0x56057a61a34b &lt;unknown&gt;
#10 0x56057a602681 &lt;unknown&gt;
#11 0x56057a61aeb2 &lt;unknown&gt;
#12 0x56057a5e76af &lt;unknown&gt;
#13 0x56057a641428 &lt;unknown&gt;
#14 0x56057a641600 &lt;unknown&gt;
#15 0x56057a650f84 &lt;unknown&gt;
#16 0x7faf84c94ac3 &lt;unknown&gt;
</status>
</kw>
<kw name="Maximize Browser Window" owner="SeleniumLibrary">
<doc>Maximizes current browser window.</doc>
<status status="NOT RUN" start="2024-05-04T18:20:01.786014" elapsed="0.000038"/>
</kw>
<status status="FAIL" start="2024-05-04T18:20:01.259199" elapsed="0.526995">SessionNotCreatedException: Message: session not created: Chrome failed to start: exited normally.
  (session not created: DevToolsActivePort file doesn't exist)
  (The process started from chrome location /usr/bin/google-chrome is no longer running, so ChromeDriver is assuming that Chrome has crashed.)
Stacktrace:
#0 0x56057a651e33 &lt;unknown&gt;
#1 0x56057a341567 &lt;unknown&gt;
#2 0x56057a3759a9 &lt;unknown&gt;
#3 0x56057a3718c0 &lt;unknown&gt;
#4 0x56057a3ba71d &lt;unknown&gt;
#5 0x56057a3ae103 &lt;unknown&gt;
#6 0x56057a37f1ba &lt;unknown&gt;
#7 0x56057a37fb8e &lt;unknown&gt;
#8 0x56057a61659b &lt;unknown&gt;
#9 0x56057a61a34b &lt;unknown&gt;
#10 0x56057a602681 &lt;unknown&gt;
#11 0x56057a61aeb2 &lt;unknown&gt;
#12 0x56057a5e76af &lt;unknown&gt;
#13 0x56057a641428 &lt;unknown&gt;
#14 0x56057a641600 &lt;unknown&gt;
#15 0x56057a650f84 &lt;unknown&gt;
#16 0x7faf84c94ac3 &lt;unknown&gt;
</status>
</kw>
<kw name="Fechar o navegador" owner="base" type="TEARDOWN">
<kw name="Close Browser" owner="SeleniumLibrary">
<doc>Closes the current browser.</doc>
<status status="PASS" start="2024-05-04T18:20:01.786784" elapsed="0.000115"/>
</kw>
<status status="PASS" start="2024-05-04T18:20:01.786497" elapsed="0.000466"/>
</kw>
<tag>grupo</tag>
<status status="FAIL" start="2024-05-04T18:20:01.258445" elapsed="0.528565">Setup failed:
SessionNotCreatedException: Message: session not created: Chrome failed to start: exited normally.
  (session not created: DevToolsActivePort file doesn't exist)
  (The process started from chrome location /usr/bin/google-chrome is no longer running, so ChromeDriver is assuming that Chrome has crashed.)
Stacktrace:
#0 0x56057a651e33 &lt;unknown&gt;
#1 0x56057a341567 &lt;unknown&gt;
#2 0x56057a3759a9 &lt;unknown&gt;
#3 0x56057a3718c0 &lt;unknown&gt;
#4 0x56057a3ba71d &lt;unknown&gt;
#5 0x56057a3ae103 &lt;unknown&gt;
#6 0x56057a37f1ba &lt;unknown&gt;
#7 0x56057a37fb8e &lt;unknown&gt;
#8 0x56057a61659b &lt;unknown&gt;
#9 0x56057a61a34b &lt;unknown&gt;
#10 0x56057a602681 &lt;unknown&gt;
#11 0x56057a61aeb2 &lt;unknown&gt;
#12 0x56057a5e76af &lt;unknown&gt;
#13 0x56057a641428 &lt;unknown&gt;
#14 0x56057a641600 &lt;unknown&gt;
#15 0x56057a650f84 &lt;unknown&gt;
#16 0x7faf84c94ac3 &lt;unknown&gt;
</status>
</test>
<test id="s1-s1-t2" name="Cenario 02 - Importar planilha com novos registros" line="32">
<kw name="Acessar o site Fast2 Mine" owner="base" type="SETUP">
<kw name="Evaluate" owner="BuiltIn">
<msg time="2024-05-04T18:20:01.788741" level="INFO">${chrome_options} = &lt;selenium.webdriver.chrome.options.Options object at 0x7fba419b38c0&gt;</msg>
<var>${chrome_options}</var>
<arg>sys.modules['selenium.webdriver'].ChromeOptions()</arg>
<arg>sys, selenium.webdriver</arg>
<doc>Evaluates the given expression in Python and returns the result.</doc>
<status status="PASS" start="2024-05-04T18:20:01.788419" elapsed="0.000359"/>
</kw>
<kw name="Create Dictionary" owner="BuiltIn">
<msg time="2024-05-04T18:20:01.789463" level="INFO">${prefs} = {'download.default_directory': 'C:\\Fast2mine - miningcontrol\\fast2_mine_main\\fast2mine\\resources\\data', 'download.prompt_for_download': 'False'}</msg>
<var>${prefs}</var>
<arg>download.default_directory=${download_path}</arg>
<arg>download.prompt_for_download=False</arg>
<doc>Creates and returns a dictionary based on the given ``items``.</doc>
<status status="PASS" start="2024-05-04T18:20:01.788973" elapsed="0.000528"/>
</kw>
<kw name="Call Method" owner="BuiltIn">
<arg>${chrome_options}</arg>
<arg>add_experimental_option</arg>
<arg>prefs</arg>
<arg>${prefs}</arg>
<doc>Calls the named method of the given object with the provided arguments.</doc>
<status status="PASS" start="2024-05-04T18:20:01.789746" elapsed="0.000233"/>
</kw>
<kw name="Call Method" owner="BuiltIn">
<arg>${chrome_options}</arg>
<arg>add_argument</arg>
<arg>--safebrowsing-disable-download-protection</arg>
<doc>Calls the named method of the given object with the provided arguments.</doc>
<status status="PASS" start="2024-05-04T18:20:01.790153" elapsed="0.000186"/>
</kw>
<kw name="Open Browser" owner="SeleniumLibrary">
<msg time="2024-05-04T18:20:01.790817" level="INFO">Opening browser 'chrome' to base url 'https://homologacao.miningcontrol.cloud/login'.</msg>
<msg time="2024-05-04T18:20:01.976454" level="INFO">Cannot capture screenshot because no browser is open.</msg>
<msg time="2024-05-04T18:20:01.976627" level="FAIL">SessionNotCreatedException: Message: session not created: Chrome failed to start: exited normally.
  (session not created: DevToolsActivePort file doesn't exist)
  (The process started from chrome location /usr/bin/google-chrome is no longer running, so ChromeDriver is assuming that Chrome has crashed.)
Stacktrace:
#0 0x5566277f8e33 &lt;unknown&gt;
#1 0x5566274e8567 &lt;unknown&gt;
#2 0x55662751c9a9 &lt;unknown&gt;
#3 0x5566275188c0 &lt;unknown&gt;
#4 0x55662756171d &lt;unknown&gt;
#5 0x556627555103 &lt;unknown&gt;
#6 0x5566275261ba &lt;unknown&gt;
#7 0x556627526b8e &lt;unknown&gt;
#8 0x5566277bd59b &lt;unknown&gt;
#9 0x5566277c134b &lt;unknown&gt;
#10 0x5566277a9681 &lt;unknown&gt;
#11 0x5566277c1eb2 &lt;unknown&gt;
#12 0x55662778e6af &lt;unknown&gt;
#13 0x5566277e8428 &lt;unknown&gt;
#14 0x5566277e8600 &lt;unknown&gt;
#15 0x5566277f7f84 &lt;unknown&gt;
#16 0x7fa7ec294ac3 &lt;unknown&gt;
</msg>
<arg>${url_base}</arg>
<arg>browser=chrome</arg>
<arg>options=${chrome_options}</arg>
<doc>Opens a new browser instance to the optional ``url``.</doc>
<status status="FAIL" start="2024-05-04T18:20:01.790578" elapsed="0.186937">SessionNotCreatedException: Message: session not created: Chrome failed to start: exited normally.
  (session not created: DevToolsActivePort file doesn't exist)
  (The process started from chrome location /usr/bin/google-chrome is no longer running, so ChromeDriver is assuming that Chrome has crashed.)
Stacktrace:
#0 0x5566277f8e33 &lt;unknown&gt;
#1 0x5566274e8567 &lt;unknown&gt;
#2 0x55662751c9a9 &lt;unknown&gt;
#3 0x5566275188c0 &lt;unknown&gt;
#4 0x55662756171d &lt;unknown&gt;
#5 0x556627555103 &lt;unknown&gt;
#6 0x5566275261ba &lt;unknown&gt;
#7 0x556627526b8e &lt;unknown&gt;
#8 0x5566277bd59b &lt;unknown&gt;
#9 0x5566277c134b &lt;unknown&gt;
#10 0x5566277a9681 &lt;unknown&gt;
#11 0x5566277c1eb2 &lt;unknown&gt;
#12 0x55662778e6af &lt;unknown&gt;
#13 0x5566277e8428 &lt;unknown&gt;
#14 0x5566277e8600 &lt;unknown&gt;
#15 0x5566277f7f84 &lt;unknown&gt;
#16 0x7fa7ec294ac3 &lt;unknown&gt;
</status>
</kw>
<kw name="Maximize Browser Window" owner="SeleniumLibrary">
<doc>Maximizes current browser window.</doc>
<status status="NOT RUN" start="2024-05-04T18:20:01.977753" elapsed="0.000033"/>
</kw>
<status status="FAIL" start="2024-05-04T18:20:01.788090" elapsed="0.189860">SessionNotCreatedException: Message: session not created: Chrome failed to start: exited normally.
  (session not created: DevToolsActivePort file doesn't exist)
  (The process started from chrome location /usr/bin/google-chrome is no longer running, so ChromeDriver is assuming that Chrome has crashed.)
Stacktrace:
#0 0x5566277f8e33 &lt;unknown&gt;
#1 0x5566274e8567 &lt;unknown&gt;
#2 0x55662751c9a9 &lt;unknown&gt;
#3 0x5566275188c0 &lt;unknown&gt;
#4 0x55662756171d &lt;unknown&gt;
#5 0x556627555103 &lt;unknown&gt;
#6 0x5566275261ba &lt;unknown&gt;
#7 0x556627526b8e &lt;unknown&gt;
#8 0x5566277bd59b &lt;unknown&gt;
#9 0x5566277c134b &lt;unknown&gt;
#10 0x5566277a9681 &lt;unknown&gt;
#11 0x5566277c1eb2 &lt;unknown&gt;
#12 0x55662778e6af &lt;unknown&gt;
#13 0x5566277e8428 &lt;unknown&gt;
#14 0x5566277e8600 &lt;unknown&gt;
#15 0x5566277f7f84 &lt;unknown&gt;
#16 0x7fa7ec294ac3 &lt;unknown&gt;
</status>
</kw>
<kw name="Fechar o navegador" owner="base" type="TEARDOWN">
<kw name="Close Browser" owner="SeleniumLibrary">
<doc>Closes the current browser.</doc>
<status status="PASS" start="2024-05-04T18:20:01.978523" elapsed="0.000121"/>
</kw>
<status status="PASS" start="2024-05-04T18:20:01.978238" elapsed="0.000470"/>
</kw>
<tag>grupo_1</tag>
<status status="FAIL" start="2024-05-04T18:20:01.787470" elapsed="0.191284">Setup failed:
SessionNotCreatedException: Message: session not created: Chrome failed to start: exited normally.
  (session not created: DevToolsActivePort file doesn't exist)
  (The process started from chrome location /usr/bin/google-chrome is no longer running, so ChromeDriver is assuming that Chrome has crashed.)
Stacktrace:
#0 0x5566277f8e33 &lt;unknown&gt;
#1 0x5566274e8567 &lt;unknown&gt;
#2 0x55662751c9a9 &lt;unknown&gt;
#3 0x5566275188c0 &lt;unknown&gt;
#4 0x55662756171d &lt;unknown&gt;
#5 0x556627555103 &lt;unknown&gt;
#6 0x5566275261ba &lt;unknown&gt;
#7 0x556627526b8e &lt;unknown&gt;
#8 0x5566277bd59b &lt;unknown&gt;
#9 0x5566277c134b &lt;unknown&gt;
#10 0x5566277a9681 &lt;unknown&gt;
#11 0x5566277c1eb2 &lt;unknown&gt;
#12 0x55662778e6af &lt;unknown&gt;
#13 0x5566277e8428 &lt;unknown&gt;
#14 0x5566277e8600 &lt;unknown&gt;
#15 0x5566277f7f84 &lt;unknown&gt;
#16 0x7fa7ec294ac3 &lt;unknown&gt;
</status>
</test>
<test id="s1-s1-t3" name="Cenário 03 - Editar Registros" line="44">
<kw name="Acessar o site Fast2 Mine" owner="base" type="SETUP">
<kw name="Evaluate" owner="BuiltIn">
<msg time="2024-05-04T18:20:01.980522" level="INFO">${chrome_options} = &lt;selenium.webdriver.chrome.options.Options object at 0x7fba419b2a50&gt;</msg>
<var>${chrome_options}</var>
<arg>sys.modules['selenium.webdriver'].ChromeOptions()</arg>
<arg>sys, selenium.webdriver</arg>
<doc>Evaluates the given expression in Python and returns the result.</doc>
<status status="PASS" start="2024-05-04T18:20:01.980269" elapsed="0.000280"/>
</kw>
<kw name="Create Dictionary" owner="BuiltIn">
<msg time="2024-05-04T18:20:01.980908" level="INFO">${prefs} = {'download.default_directory': 'C:\\Fast2mine - miningcontrol\\fast2_mine_main\\fast2mine\\resources\\data', 'download.prompt_for_download': 'False'}</msg>
<var>${prefs}</var>
<arg>download.default_directory=${download_path}</arg>
<arg>download.prompt_for_download=False</arg>
<doc>Creates and returns a dictionary based on the given ``items``.</doc>
<status status="PASS" start="2024-05-04T18:20:01.980681" elapsed="0.000252"/>
</kw>
<kw name="Call Method" owner="BuiltIn">
<arg>${chrome_options}</arg>
<arg>add_experimental_option</arg>
<arg>prefs</arg>
<arg>${prefs}</arg>
<doc>Calls the named method of the given object with the provided arguments.</doc>
<status status="PASS" start="2024-05-04T18:20:01.981043" elapsed="0.000144"/>
</kw>
<kw name="Call Method" owner="BuiltIn">
<arg>${chrome_options}</arg>
<arg>add_argument</arg>
<arg>--safebrowsing-disable-download-protection</arg>
<doc>Calls the named method of the given object with the provided arguments.</doc>
<status status="PASS" start="2024-05-04T18:20:01.981297" elapsed="0.000111"/>
</kw>
<kw name="Open Browser" owner="SeleniumLibrary">
<msg time="2024-05-04T18:20:01.981751" level="INFO">Opening browser 'chrome' to base url 'https://homologacao.miningcontrol.cloud/login'.</msg>
<msg time="2024-05-04T18:20:02.164670" level="INFO">Cannot capture screenshot because no browser is open.</msg>
<msg time="2024-05-04T18:20:02.164841" level="FAIL">SessionNotCreatedException: Message: session not created: Chrome failed to start: exited normally.
  (session not created: DevToolsActivePort file doesn't exist)
  (The process started from chrome location /usr/bin/google-chrome is no longer running, so ChromeDriver is assuming that Chrome has crashed.)
Stacktrace:
#0 0x5644bdca0e33 &lt;unknown&gt;
#1 0x5644bd990567 &lt;unknown&gt;
#2 0x5644bd9c49a9 &lt;unknown&gt;
#3 0x5644bd9c08c0 &lt;unknown&gt;
#4 0x5644bda0971d &lt;unknown&gt;
#5 0x5644bd9fd103 &lt;unknown&gt;
#6 0x5644bd9ce1ba &lt;unknown&gt;
#7 0x5644bd9ceb8e &lt;unknown&gt;
#8 0x5644bdc6559b &lt;unknown&gt;
#9 0x5644bdc6934b &lt;unknown&gt;
#10 0x5644bdc51681 &lt;unknown&gt;
#11 0x5644bdc69eb2 &lt;unknown&gt;
#12 0x5644bdc366af &lt;unknown&gt;
#13 0x5644bdc90428 &lt;unknown&gt;
#14 0x5644bdc90600 &lt;unknown&gt;
#15 0x5644bdc9ff84 &lt;unknown&gt;
#16 0x7fdb4a494ac3 &lt;unknown&gt;
</msg>
<arg>${url_base}</arg>
<arg>browser=chrome</arg>
<arg>options=${chrome_options}</arg>
<doc>Opens a new browser instance to the optional ``url``.</doc>
<status status="FAIL" start="2024-05-04T18:20:01.981538" elapsed="0.184183">SessionNotCreatedException: Message: session not created: Chrome failed to start: exited normally.
  (session not created: DevToolsActivePort file doesn't exist)
  (The process started from chrome location /usr/bin/google-chrome is no longer running, so ChromeDriver is assuming that Chrome has crashed.)
Stacktrace:
#0 0x5644bdca0e33 &lt;unknown&gt;
#1 0x5644bd990567 &lt;unknown&gt;
#2 0x5644bd9c49a9 &lt;unknown&gt;
#3 0x5644bd9c08c0 &lt;unknown&gt;
#4 0x5644bda0971d &lt;unknown&gt;
#5 0x5644bd9fd103 &lt;unknown&gt;
#6 0x5644bd9ce1ba &lt;unknown&gt;
#7 0x5644bd9ceb8e &lt;unknown&gt;
#8 0x5644bdc6559b &lt;unknown&gt;
#9 0x5644bdc6934b &lt;unknown&gt;
#10 0x5644bdc51681 &lt;unknown&gt;
#11 0x5644bdc69eb2 &lt;unknown&gt;
#12 0x5644bdc366af &lt;unknown&gt;
#13 0x5644bdc90428 &lt;unknown&gt;
#14 0x5644bdc90600 &lt;unknown&gt;
#15 0x5644bdc9ff84 &lt;unknown&gt;
#16 0x7fdb4a494ac3 &lt;unknown&gt;
</status>
</kw>
<kw name="Maximize Browser Window" owner="SeleniumLibrary">
<doc>Maximizes current browser window.</doc>
<status status="NOT RUN" start="2024-05-04T18:20:02.165982" elapsed="0.000037"/>
</kw>
<status status="FAIL" start="2024-05-04T18:20:01.980034" elapsed="0.186111">SessionNotCreatedException: Message: session not created: Chrome failed to start: exited normally.
  (session not created: DevToolsActivePort file doesn't exist)
  (The process started from chrome location /usr/bin/google-chrome is no longer running, so ChromeDriver is assuming that Chrome has crashed.)
Stacktrace:
#0 0x5644bdca0e33 &lt;unknown&gt;
#1 0x5644bd990567 &lt;unknown&gt;
#2 0x5644bd9c49a9 &lt;unknown&gt;
#3 0x5644bd9c08c0 &lt;unknown&gt;
#4 0x5644bda0971d &lt;unknown&gt;
#5 0x5644bd9fd103 &lt;unknown&gt;
#6 0x5644bd9ce1ba &lt;unknown&gt;
#7 0x5644bd9ceb8e &lt;unknown&gt;
#8 0x5644bdc6559b &lt;unknown&gt;
#9 0x5644bdc6934b &lt;unknown&gt;
#10 0x5644bdc51681 &lt;unknown&gt;
#11 0x5644bdc69eb2 &lt;unknown&gt;
#12 0x5644bdc366af &lt;unknown&gt;
#13 0x5644bdc90428 &lt;unknown&gt;
#14 0x5644bdc90600 &lt;unknown&gt;
#15 0x5644bdc9ff84 &lt;unknown&gt;
#16 0x7fdb4a494ac3 &lt;unknown&gt;
</status>
</kw>
<kw name="Fechar o navegador" owner="base" type="TEARDOWN">
<kw name="Close Browser" owner="SeleniumLibrary">
<doc>Closes the current browser.</doc>
<status status="PASS" start="2024-05-04T18:20:02.166713" elapsed="0.000121"/>
</kw>
<status status="PASS" start="2024-05-04T18:20:02.166427" elapsed="0.000470"/>
</kw>
<tag>grupo_2</tag>
<status status="FAIL" start="2024-05-04T18:20:01.979641" elapsed="0.187302">Setup failed:
SessionNotCreatedException: Message: session not created: Chrome failed to start: exited normally.
  (session not created: DevToolsActivePort file doesn't exist)
  (The process started from chrome location /usr/bin/google-chrome is no longer running, so ChromeDriver is assuming that Chrome has crashed.)
Stacktrace:
#0 0x5644bdca0e33 &lt;unknown&gt;
#1 0x5644bd990567 &lt;unknown&gt;
#2 0x5644bd9c49a9 &lt;unknown&gt;
#3 0x5644bd9c08c0 &lt;unknown&gt;
#4 0x5644bda0971d &lt;unknown&gt;
#5 0x5644bd9fd103 &lt;unknown&gt;
#6 0x5644bd9ce1ba &lt;unknown&gt;
#7 0x5644bd9ceb8e &lt;unknown&gt;
#8 0x5644bdc6559b &lt;unknown&gt;
#9 0x5644bdc6934b &lt;unknown&gt;
#10 0x5644bdc51681 &lt;unknown&gt;
#11 0x5644bdc69eb2 &lt;unknown&gt;
#12 0x5644bdc366af &lt;unknown&gt;
#13 0x5644bdc90428 &lt;unknown&gt;
#14 0x5644bdc90600 &lt;unknown&gt;
#15 0x5644bdc9ff84 &lt;unknown&gt;
#16 0x7fdb4a494ac3 &lt;unknown&gt;
</status>
</test>
<test id="s1-s1-t4" name="Cenario 04 - Inserir novos registros na aba operador" line="60">
<kw name="Acessar o site Fast2 Mine" owner="base" type="SETUP">
<kw name="Evaluate" owner="BuiltIn">
<msg time="2024-05-04T18:20:02.168531" level="INFO">${chrome_options} = &lt;selenium.webdriver.chrome.options.Options object at 0x7fba419b8a10&gt;</msg>
<var>${chrome_options}</var>
<arg>sys.modules['selenium.webdriver'].ChromeOptions()</arg>
<arg>sys, selenium.webdriver</arg>
<doc>Evaluates the given expression in Python and returns the result.</doc>
<status status="PASS" start="2024-05-04T18:20:02.168188" elapsed="0.000386"/>
</kw>
<kw name="Create Dictionary" owner="BuiltIn">
<msg time="2024-05-04T18:20:02.169127" level="INFO">${prefs} = {'download.default_directory': 'C:\\Fast2mine - miningcontrol\\fast2_mine_main\\fast2mine\\resources\\data', 'download.prompt_for_download': 'False'}</msg>
<var>${prefs}</var>
<arg>download.default_directory=${download_path}</arg>
<arg>download.prompt_for_download=False</arg>
<doc>Creates and returns a dictionary based on the given ``items``.</doc>
<status status="PASS" start="2024-05-04T18:20:02.168776" elapsed="0.000393"/>
</kw>
<kw name="Call Method" owner="BuiltIn">
<arg>${chrome_options}</arg>
<arg>add_experimental_option</arg>
<arg>prefs</arg>
<arg>${prefs}</arg>
<doc>Calls the named method of the given object with the provided arguments.</doc>
<status status="PASS" start="2024-05-04T18:20:02.169355" elapsed="0.000210"/>
</kw>
<kw name="Call Method" owner="BuiltIn">
<arg>${chrome_options}</arg>
<arg>add_argument</arg>
<arg>--safebrowsing-disable-download-protection</arg>
<doc>Calls the named method of the given object with the provided arguments.</doc>
<status status="PASS" start="2024-05-04T18:20:02.169685" elapsed="0.000117"/>
</kw>
<kw name="Open Browser" owner="SeleniumLibrary">
<msg time="2024-05-04T18:20:02.170192" level="INFO">Opening browser 'chrome' to base url 'https://homologacao.miningcontrol.cloud/login'.</msg>
<msg time="2024-05-04T18:20:02.354308" level="INFO">Cannot capture screenshot because no browser is open.</msg>
<msg time="2024-05-04T18:20:02.354483" level="FAIL">SessionNotCreatedException: Message: session not created: Chrome failed to start: exited normally.
  (session not created: DevToolsActivePort file doesn't exist)
  (The process started from chrome location /usr/bin/google-chrome is no longer running, so ChromeDriver is assuming that Chrome has crashed.)
Stacktrace:
#0 0x55f025654e33 &lt;unknown&gt;
#1 0x55f025344567 &lt;unknown&gt;
#2 0x55f0253789a9 &lt;unknown&gt;
#3 0x55f0253748c0 &lt;unknown&gt;
#4 0x55f0253bd71d &lt;unknown&gt;
#5 0x55f0253b1103 &lt;unknown&gt;
#6 0x55f0253821ba &lt;unknown&gt;
#7 0x55f025382b8e &lt;unknown&gt;
#8 0x55f02561959b &lt;unknown&gt;
#9 0x55f02561d34b &lt;unknown&gt;
#10 0x55f025605681 &lt;unknown&gt;
#11 0x55f02561deb2 &lt;unknown&gt;
#12 0x55f0255ea6af &lt;unknown&gt;
#13 0x55f025644428 &lt;unknown&gt;
#14 0x55f025644600 &lt;unknown&gt;
#15 0x55f025653f84 &lt;unknown&gt;
#16 0x7f25b7894ac3 &lt;unknown&gt;
</msg>
<arg>${url_base}</arg>
<arg>browser=chrome</arg>
<arg>options=${chrome_options}</arg>
<doc>Opens a new browser instance to the optional ``url``.</doc>
<status status="FAIL" start="2024-05-04T18:20:02.169965" elapsed="0.185352">SessionNotCreatedException: Message: session not created: Chrome failed to start: exited normally.
  (session not created: DevToolsActivePort file doesn't exist)
  (The process started from chrome location /usr/bin/google-chrome is no longer running, so ChromeDriver is assuming that Chrome has crashed.)
Stacktrace:
#0 0x55f025654e33 &lt;unknown&gt;
#1 0x55f025344567 &lt;unknown&gt;
#2 0x55f0253789a9 &lt;unknown&gt;
#3 0x55f0253748c0 &lt;unknown&gt;
#4 0x55f0253bd71d &lt;unknown&gt;
#5 0x55f0253b1103 &lt;unknown&gt;
#6 0x55f0253821ba &lt;unknown&gt;
#7 0x55f025382b8e &lt;unknown&gt;
#8 0x55f02561959b &lt;unknown&gt;
#9 0x55f02561d34b &lt;unknown&gt;
#10 0x55f025605681 &lt;unknown&gt;
#11 0x55f02561deb2 &lt;unknown&gt;
#12 0x55f0255ea6af &lt;unknown&gt;
#13 0x55f025644428 &lt;unknown&gt;
#14 0x55f025644600 &lt;unknown&gt;
#15 0x55f025653f84 &lt;unknown&gt;
#16 0x7f25b7894ac3 &lt;unknown&gt;
</status>
</kw>
<kw name="Maximize Browser Window" owner="SeleniumLibrary">
<doc>Maximizes current browser window.</doc>
<status status="NOT RUN" start="2024-05-04T18:20:02.355605" elapsed="0.000035"/>
</kw>
<status status="FAIL" start="2024-05-04T18:20:02.167855" elapsed="0.187913">SessionNotCreatedException: Message: session not created: Chrome failed to start: exited normally.
  (session not created: DevToolsActivePort file doesn't exist)
  (The process started from chrome location /usr/bin/google-chrome is no longer running, so ChromeDriver is assuming that Chrome has crashed.)
Stacktrace:
#0 0x55f025654e33 &lt;unknown&gt;
#1 0x55f025344567 &lt;unknown&gt;
#2 0x55f0253789a9 &lt;unknown&gt;
#3 0x55f0253748c0 &lt;unknown&gt;
#4 0x55f0253bd71d &lt;unknown&gt;
#5 0x55f0253b1103 &lt;unknown&gt;
#6 0x55f0253821ba &lt;unknown&gt;
#7 0x55f025382b8e &lt;unknown&gt;
#8 0x55f02561959b &lt;unknown&gt;
#9 0x55f02561d34b &lt;unknown&gt;
#10 0x55f025605681 &lt;unknown&gt;
#11 0x55f02561deb2 &lt;unknown&gt;
#12 0x55f0255ea6af &lt;unknown&gt;
#13 0x55f025644428 &lt;unknown&gt;
#14 0x55f025644600 &lt;unknown&gt;
#15 0x55f025653f84 &lt;unknown&gt;
#16 0x7f25b7894ac3 &lt;unknown&gt;
</status>
</kw>
<kw name="Fechar o navegador" owner="base" type="TEARDOWN">
<kw name="Close Browser" owner="SeleniumLibrary">
<doc>Closes the current browser.</doc>
<status status="PASS" start="2024-05-04T18:20:02.356338" elapsed="0.000122"/>
</kw>
<status status="PASS" start="2024-05-04T18:20:02.356044" elapsed="0.000476"/>
</kw>
<tag>Operador</tag>
<status status="FAIL" start="2024-05-04T18:20:02.167264" elapsed="0.189303">Setup failed:
SessionNotCreatedException: Message: session not created: Chrome failed to start: exited normally.
  (session not created: DevToolsActivePort file doesn't exist)
  (The process started from chrome location /usr/bin/google-chrome is no longer running, so ChromeDriver is assuming that Chrome has crashed.)
Stacktrace:
#0 0x55f025654e33 &lt;unknown&gt;
#1 0x55f025344567 &lt;unknown&gt;
#2 0x55f0253789a9 &lt;unknown&gt;
#3 0x55f0253748c0 &lt;unknown&gt;
#4 0x55f0253bd71d &lt;unknown&gt;
#5 0x55f0253b1103 &lt;unknown&gt;
#6 0x55f0253821ba &lt;unknown&gt;
#7 0x55f025382b8e &lt;unknown&gt;
#8 0x55f02561959b &lt;unknown&gt;
#9 0x55f02561d34b &lt;unknown&gt;
#10 0x55f025605681 &lt;unknown&gt;
#11 0x55f02561deb2 &lt;unknown&gt;
#12 0x55f0255ea6af &lt;unknown&gt;
#13 0x55f025644428 &lt;unknown&gt;
#14 0x55f025644600 &lt;unknown&gt;
#15 0x55f025653f84 &lt;unknown&gt;
#16 0x7f25b7894ac3 &lt;unknown&gt;
</status>
</test>
<test id="s1-s1-t5" name="Cenario 05 - Importar planilha com novos registros" line="73">
<kw name="Acessar o site Fast2 Mine" owner="base" type="SETUP">
<kw name="Evaluate" owner="BuiltIn">
<msg time="2024-05-04T18:20:02.358004" level="INFO">${chrome_options} = &lt;selenium.webdriver.chrome.options.Options object at 0x7fba419ae930&gt;</msg>
<var>${chrome_options}</var>
<arg>sys.modules['selenium.webdriver'].ChromeOptions()</arg>
<arg>sys, selenium.webdriver</arg>
<doc>Evaluates the given expression in Python and returns the result.</doc>
<status status="PASS" start="2024-05-04T18:20:02.357708" elapsed="0.000325"/>
</kw>
<kw name="Create Dictionary" owner="BuiltIn">
<msg time="2024-05-04T18:20:02.358411" level="INFO">${prefs} = {'download.default_directory': 'C:\\Fast2mine - miningcontrol\\fast2_mine_main\\fast2mine\\resources\\data', 'download.prompt_for_download': 'False'}</msg>
<var>${prefs}</var>
<arg>download.default_directory=${download_path}</arg>
<arg>download.prompt_for_download=False</arg>
<doc>Creates and returns a dictionary based on the given ``items``.</doc>
<status status="PASS" start="2024-05-04T18:20:02.358173" elapsed="0.000263"/>
</kw>
<kw name="Call Method" owner="BuiltIn">
<arg>${chrome_options}</arg>
<arg>add_experimental_option</arg>
<arg>prefs</arg>
<arg>${prefs}</arg>
<doc>Calls the named method of the given object with the provided arguments.</doc>
<status status="PASS" start="2024-05-04T18:20:02.358551" elapsed="0.000145"/>
</kw>
<kw name="Call Method" owner="BuiltIn">
<arg>${chrome_options}</arg>
<arg>add_argument</arg>
<arg>--safebrowsing-disable-download-protection</arg>
<doc>Calls the named method of the given object with the provided arguments.</doc>
<status status="PASS" start="2024-05-04T18:20:02.358806" elapsed="0.000114"/>
</kw>
<kw name="Open Browser" owner="SeleniumLibrary">
<msg time="2024-05-04T18:20:02.359280" level="INFO">Opening browser 'chrome' to base url 'https://homologacao.miningcontrol.cloud/login'.</msg>
<msg time="2024-05-04T18:20:02.541166" level="INFO">Cannot capture screenshot because no browser is open.</msg>
<msg time="2024-05-04T18:20:02.541329" level="FAIL">SessionNotCreatedException: Message: session not created: Chrome failed to start: exited normally.
  (session not created: DevToolsActivePort file doesn't exist)
  (The process started from chrome location /usr/bin/google-chrome is no longer running, so ChromeDriver is assuming that Chrome has crashed.)
Stacktrace:
#0 0x55b91523ee33 &lt;unknown&gt;
#1 0x55b914f2e567 &lt;unknown&gt;
#2 0x55b914f629a9 &lt;unknown&gt;
#3 0x55b914f5e8c0 &lt;unknown&gt;
#4 0x55b914fa771d &lt;unknown&gt;
#5 0x55b914f9b103 &lt;unknown&gt;
#6 0x55b914f6c1ba &lt;unknown&gt;
#7 0x55b914f6cb8e &lt;unknown&gt;
#8 0x55b91520359b &lt;unknown&gt;
#9 0x55b91520734b &lt;unknown&gt;
#10 0x55b9151ef681 &lt;unknown&gt;
#11 0x55b915207eb2 &lt;unknown&gt;
#12 0x55b9151d46af &lt;unknown&gt;
#13 0x55b91522e428 &lt;unknown&gt;
#14 0x55b91522e600 &lt;unknown&gt;
#15 0x55b91523df84 &lt;unknown&gt;
#16 0x7f1784294ac3 &lt;unknown&gt;
</msg>
<arg>${url_base}</arg>
<arg>browser=chrome</arg>
<arg>options=${chrome_options}</arg>
<doc>Opens a new browser instance to the optional ``url``.</doc>
<status status="FAIL" start="2024-05-04T18:20:02.359053" elapsed="0.183126">SessionNotCreatedException: Message: session not created: Chrome failed to start: exited normally.
  (session not created: DevToolsActivePort file doesn't exist)
  (The process started from chrome location /usr/bin/google-chrome is no longer running, so ChromeDriver is assuming that Chrome has crashed.)
Stacktrace:
#0 0x55b91523ee33 &lt;unknown&gt;
#1 0x55b914f2e567 &lt;unknown&gt;
#2 0x55b914f629a9 &lt;unknown&gt;
#3 0x55b914f5e8c0 &lt;unknown&gt;
#4 0x55b914fa771d &lt;unknown&gt;
#5 0x55b914f9b103 &lt;unknown&gt;
#6 0x55b914f6c1ba &lt;unknown&gt;
#7 0x55b914f6cb8e &lt;unknown&gt;
#8 0x55b91520359b &lt;unknown&gt;
#9 0x55b91520734b &lt;unknown&gt;
#10 0x55b9151ef681 &lt;unknown&gt;
#11 0x55b915207eb2 &lt;unknown&gt;
#12 0x55b9151d46af &lt;unknown&gt;
#13 0x55b91522e428 &lt;unknown&gt;
#14 0x55b91522e600 &lt;unknown&gt;
#15 0x55b91523df84 &lt;unknown&gt;
#16 0x7f1784294ac3 &lt;unknown&gt;
</status>
</kw>
<kw name="Maximize Browser Window" owner="SeleniumLibrary">
<doc>Maximizes current browser window.</doc>
<status status="NOT RUN" start="2024-05-04T18:20:02.542413" elapsed="0.000032"/>
</kw>
<status status="FAIL" start="2024-05-04T18:20:02.357457" elapsed="0.185108">SessionNotCreatedException: Message: session not created: Chrome failed to start: exited normally.
  (session not created: DevToolsActivePort file doesn't exist)
  (The process started from chrome location /usr/bin/google-chrome is no longer running, so ChromeDriver is assuming that Chrome has crashed.)
Stacktrace:
#0 0x55b91523ee33 &lt;unknown&gt;
#1 0x55b914f2e567 &lt;unknown&gt;
#2 0x55b914f629a9 &lt;unknown&gt;
#3 0x55b914f5e8c0 &lt;unknown&gt;
#4 0x55b914fa771d &lt;unknown&gt;
#5 0x55b914f9b103 &lt;unknown&gt;
#6 0x55b914f6c1ba &lt;unknown&gt;
#7 0x55b914f6cb8e &lt;unknown&gt;
#8 0x55b91520359b &lt;unknown&gt;
#9 0x55b91520734b &lt;unknown&gt;
#10 0x55b9151ef681 &lt;unknown&gt;
#11 0x55b915207eb2 &lt;unknown&gt;
#12 0x55b9151d46af &lt;unknown&gt;
#13 0x55b91522e428 &lt;unknown&gt;
#14 0x55b91522e600 &lt;unknown&gt;
#15 0x55b91523df84 &lt;unknown&gt;
#16 0x7f1784294ac3 &lt;unknown&gt;
</status>
</kw>
<kw name="Fechar o navegador" owner="base" type="TEARDOWN">
<kw name="Close Browser" owner="SeleniumLibrary">
<doc>Closes the current browser.</doc>
<status status="PASS" start="2024-05-04T18:20:02.543158" elapsed="0.000116"/>
</kw>
<status status="PASS" start="2024-05-04T18:20:02.542880" elapsed="0.000454"/>
</kw>
<tag>importar planilha</tag>
<status status="FAIL" start="2024-05-04T18:20:02.356899" elapsed="0.186480">Setup failed:
SessionNotCreatedException: Message: session not created: Chrome failed to start: exited normally.
  (session not created: DevToolsActivePort file doesn't exist)
  (The process started from chrome location /usr/bin/google-chrome is no longer running, so ChromeDriver is assuming that Chrome has crashed.)
Stacktrace:
#0 0x55b91523ee33 &lt;unknown&gt;
#1 0x55b914f2e567 &lt;unknown&gt;
#2 0x55b914f629a9 &lt;unknown&gt;
#3 0x55b914f5e8c0 &lt;unknown&gt;
#4 0x55b914fa771d &lt;unknown&gt;
#5 0x55b914f9b103 &lt;unknown&gt;
#6 0x55b914f6c1ba &lt;unknown&gt;
#7 0x55b914f6cb8e &lt;unknown&gt;
#8 0x55b91520359b &lt;unknown&gt;
#9 0x55b91520734b &lt;unknown&gt;
#10 0x55b9151ef681 &lt;unknown&gt;
#11 0x55b915207eb2 &lt;unknown&gt;
#12 0x55b9151d46af &lt;unknown&gt;
#13 0x55b91522e428 &lt;unknown&gt;
#14 0x55b91522e600 &lt;unknown&gt;
#15 0x55b91523df84 &lt;unknown&gt;
#16 0x7f1784294ac3 &lt;unknown&gt;
</status>
</test>
<test id="s1-s1-t6" name="Cenário 06 - Editar Registros" line="85">
<kw name="Acessar o site Fast2 Mine" owner="base" type="SETUP">
<kw name="Evaluate" owner="BuiltIn">
<msg time="2024-05-04T18:20:02.544570" level="INFO">${chrome_options} = &lt;selenium.webdriver.chrome.options.Options object at 0x7fba419b8350&gt;</msg>
<var>${chrome_options}</var>
<arg>sys.modules['selenium.webdriver'].ChromeOptions()</arg>
<arg>sys, selenium.webdriver</arg>
<doc>Evaluates the given expression in Python and returns the result.</doc>
<status status="PASS" start="2024-05-04T18:20:02.544326" elapsed="0.000271"/>
</kw>
<kw name="Create Dictionary" owner="BuiltIn">
<msg time="2024-05-04T18:20:02.544976" level="INFO">${prefs} = {'download.default_directory': 'C:\\Fast2mine - miningcontrol\\fast2_mine_main\\fast2mine\\resources\\data', 'download.prompt_for_download': 'False'}</msg>
<var>${prefs}</var>
<arg>download.default_directory=${download_path}</arg>
<arg>download.prompt_for_download=False</arg>
<doc>Creates and returns a dictionary based on the given ``items``.</doc>
<status status="PASS" start="2024-05-04T18:20:02.544727" elapsed="0.000275"/>
</kw>
<kw name="Call Method" owner="BuiltIn">
<arg>${chrome_options}</arg>
<arg>add_experimental_option</arg>
<arg>prefs</arg>
<arg>${prefs}</arg>
<doc>Calls the named method of the given object with the provided arguments.</doc>
<status status="PASS" start="2024-05-04T18:20:02.545118" elapsed="0.000144"/>
</kw>
<kw name="Call Method" owner="BuiltIn">
<arg>${chrome_options}</arg>
<arg>add_argument</arg>
<arg>--safebrowsing-disable-download-protection</arg>
<doc>Calls the named method of the given object with the provided arguments.</doc>
<status status="PASS" start="2024-05-04T18:20:02.545372" elapsed="0.000111"/>
</kw>
<kw name="Open Browser" owner="SeleniumLibrary">
<msg time="2024-05-04T18:20:02.545824" level="INFO">Opening browser 'chrome' to base url 'https://homologacao.miningcontrol.cloud/login'.</msg>
<msg time="2024-05-04T18:20:02.728473" level="INFO">Cannot capture screenshot because no browser is open.</msg>
<msg time="2024-05-04T18:20:02.728620" level="FAIL">SessionNotCreatedException: Message: session not created: Chrome failed to start: exited normally.
  (session not created: DevToolsActivePort file doesn't exist)
  (The process started from chrome location /usr/bin/google-chrome is no longer running, so ChromeDriver is assuming that Chrome has crashed.)
Stacktrace:
#0 0x55def05e7e33 &lt;unknown&gt;
#1 0x55def02d7567 &lt;unknown&gt;
#2 0x55def030b9a9 &lt;unknown&gt;
#3 0x55def03078c0 &lt;unknown&gt;
#4 0x55def035071d &lt;unknown&gt;
#5 0x55def0344103 &lt;unknown&gt;
#6 0x55def03151ba &lt;unknown&gt;
#7 0x55def0315b8e &lt;unknown&gt;
#8 0x55def05ac59b &lt;unknown&gt;
#9 0x55def05b034b &lt;unknown&gt;
#10 0x55def0598681 &lt;unknown&gt;
#11 0x55def05b0eb2 &lt;unknown&gt;
#12 0x55def057d6af &lt;unknown&gt;
#13 0x55def05d7428 &lt;unknown&gt;
#14 0x55def05d7600 &lt;unknown&gt;
#15 0x55def05e6f84 &lt;unknown&gt;
#16 0x7f67c7094ac3 &lt;unknown&gt;
</msg>
<arg>${url_base}</arg>
<arg>browser=chrome</arg>
<arg>options=${chrome_options}</arg>
<doc>Opens a new browser instance to the optional ``url``.</doc>
<status status="FAIL" start="2024-05-04T18:20:02.545612" elapsed="0.183817">SessionNotCreatedException: Message: session not created: Chrome failed to start: exited normally.
  (session not created: DevToolsActivePort file doesn't exist)
  (The process started from chrome location /usr/bin/google-chrome is no longer running, so ChromeDriver is assuming that Chrome has crashed.)
Stacktrace:
#0 0x55def05e7e33 &lt;unknown&gt;
#1 0x55def02d7567 &lt;unknown&gt;
#2 0x55def030b9a9 &lt;unknown&gt;
#3 0x55def03078c0 &lt;unknown&gt;
#4 0x55def035071d &lt;unknown&gt;
#5 0x55def0344103 &lt;unknown&gt;
#6 0x55def03151ba &lt;unknown&gt;
#7 0x55def0315b8e &lt;unknown&gt;
#8 0x55def05ac59b &lt;unknown&gt;
#9 0x55def05b034b &lt;unknown&gt;
#10 0x55def0598681 &lt;unknown&gt;
#11 0x55def05b0eb2 &lt;unknown&gt;
#12 0x55def057d6af &lt;unknown&gt;
#13 0x55def05d7428 &lt;unknown&gt;
#14 0x55def05d7600 &lt;unknown&gt;
#15 0x55def05e6f84 &lt;unknown&gt;
#16 0x7f67c7094ac3 &lt;unknown&gt;
</status>
</kw>
<kw name="Maximize Browser Window" owner="SeleniumLibrary">
<doc>Maximizes current browser window.</doc>
<status status="NOT RUN" start="2024-05-04T18:20:02.729643" elapsed="0.000031"/>
</kw>
<status status="FAIL" start="2024-05-04T18:20:02.544083" elapsed="0.185706">SessionNotCreatedException: Message: session not created: Chrome failed to start: exited normally.
  (session not created: DevToolsActivePort file doesn't exist)
  (The process started from chrome location /usr/bin/google-chrome is no longer running, so ChromeDriver is assuming that Chrome has crashed.)
Stacktrace:
#0 0x55def05e7e33 &lt;unknown&gt;
#1 0x55def02d7567 &lt;unknown&gt;
#2 0x55def030b9a9 &lt;unknown&gt;
#3 0x55def03078c0 &lt;unknown&gt;
#4 0x55def035071d &lt;unknown&gt;
#5 0x55def0344103 &lt;unknown&gt;
#6 0x55def03151ba &lt;unknown&gt;
#7 0x55def0315b8e &lt;unknown&gt;
#8 0x55def05ac59b &lt;unknown&gt;
#9 0x55def05b034b &lt;unknown&gt;
#10 0x55def0598681 &lt;unknown&gt;
#11 0x55def05b0eb2 &lt;unknown&gt;
#12 0x55def057d6af &lt;unknown&gt;
#13 0x55def05d7428 &lt;unknown&gt;
#14 0x55def05d7600 &lt;unknown&gt;
#15 0x55def05e6f84 &lt;unknown&gt;
#16 0x7f67c7094ac3 &lt;unknown&gt;
</status>
</kw>
<kw name="Fechar o navegador" owner="base" type="TEARDOWN">
<kw name="Close Browser" owner="SeleniumLibrary">
<doc>Closes the current browser.</doc>
<status status="PASS" start="2024-05-04T18:20:02.730338" elapsed="0.000106"/>
</kw>
<status status="PASS" start="2024-05-04T18:20:02.730073" elapsed="0.000430"/>
</kw>
<status status="FAIL" start="2024-05-04T18:20:02.543710" elapsed="0.186836">Setup failed:
SessionNotCreatedException: Message: session not created: Chrome failed to start: exited normally.
  (session not created: DevToolsActivePort file doesn't exist)
  (The process started from chrome location /usr/bin/google-chrome is no longer running, so ChromeDriver is assuming that Chrome has crashed.)
Stacktrace:
#0 0x55def05e7e33 &lt;unknown&gt;
#1 0x55def02d7567 &lt;unknown&gt;
#2 0x55def030b9a9 &lt;unknown&gt;
#3 0x55def03078c0 &lt;unknown&gt;
#4 0x55def035071d &lt;unknown&gt;
#5 0x55def0344103 &lt;unknown&gt;
#6 0x55def03151ba &lt;unknown&gt;
#7 0x55def0315b8e &lt;unknown&gt;
#8 0x55def05ac59b &lt;unknown&gt;
#9 0x55def05b034b &lt;unknown&gt;
#10 0x55def0598681 &lt;unknown&gt;
#11 0x55def05b0eb2 &lt;unknown&gt;
#12 0x55def057d6af &lt;unknown&gt;
#13 0x55def05d7428 &lt;unknown&gt;
#14 0x55def05d7600 &lt;unknown&gt;
#15 0x55def05e6f84 &lt;unknown&gt;
#16 0x7f67c7094ac3 &lt;unknown&gt;
</status>
</test>
<doc>Arquivo com os casos de testes que serão usados na área do Operador</doc>
<status status="FAIL" start="2024-05-04T18:20:00.790508" elapsed="1.940639"/>
</suite>
<suite id="s1-s2" name="menu Turno" source="/home/runner/work/fast2mine/fast2mine/test_cases/menu_Turno.robot">
<test id="s1-s2-t1" name="Cenario 01 - Inserir novos registros na aba Grupo de Turno" line="17">
<kw name="Acessar o site Fast2 Mine" owner="base" type="SETUP">
<kw name="Evaluate" owner="BuiltIn">
<msg time="2024-05-04T18:20:02.752365" level="INFO">${chrome_options} = &lt;selenium.webdriver.chrome.options.Options object at 0x7fba419be660&gt;</msg>
<var>${chrome_options}</var>
<arg>sys.modules['selenium.webdriver'].ChromeOptions()</arg>
<arg>sys, selenium.webdriver</arg>
<doc>Evaluates the given expression in Python and returns the result.</doc>
<status status="PASS" start="2024-05-04T18:20:02.752131" elapsed="0.000262"/>
</kw>
<kw name="Create Dictionary" owner="BuiltIn">
<msg time="2024-05-04T18:20:02.752747" level="INFO">${prefs} = {'download.default_directory': 'C:\\Fast2mine - miningcontrol\\fast2_mine_main\\fast2mine\\resources\\data', 'download.prompt_for_download': 'False'}</msg>
<var>${prefs}</var>
<arg>download.default_directory=${download_path}</arg>
<arg>download.prompt_for_download=False</arg>
<doc>Creates and returns a dictionary based on the given ``items``.</doc>
<status status="PASS" start="2024-05-04T18:20:02.752526" elapsed="0.000245"/>
</kw>
<kw name="Call Method" owner="BuiltIn">
<arg>${chrome_options}</arg>
<arg>add_experimental_option</arg>
<arg>prefs</arg>
<arg>${prefs}</arg>
<doc>Calls the named method of the given object with the provided arguments.</doc>
<status status="PASS" start="2024-05-04T18:20:02.752886" elapsed="0.000139"/>
</kw>
<kw name="Call Method" owner="BuiltIn">
<arg>${chrome_options}</arg>
<arg>add_argument</arg>
<arg>--safebrowsing-disable-download-protection</arg>
<doc>Calls the named method of the given object with the provided arguments.</doc>
<status status="PASS" start="2024-05-04T18:20:02.753139" elapsed="0.000110"/>
</kw>
<kw name="Open Browser" owner="SeleniumLibrary">
<msg time="2024-05-04T18:20:02.753587" level="INFO">Opening browser 'chrome' to base url 'https://homologacao.miningcontrol.cloud/login'.</msg>
<msg time="2024-05-04T18:20:02.935247" level="INFO">Cannot capture screenshot because no browser is open.</msg>
<msg time="2024-05-04T18:20:02.935436" level="FAIL">SessionNotCreatedException: Message: session not created: Chrome failed to start: exited normally.
  (session not created: DevToolsActivePort file doesn't exist)
  (The process started from chrome location /usr/bin/google-chrome is no longer running, so ChromeDriver is assuming that Chrome has crashed.)
Stacktrace:
#0 0x556a8cdb5e33 &lt;unknown&gt;
#1 0x556a8caa5567 &lt;unknown&gt;
#2 0x556a8cad99a9 &lt;unknown&gt;
#3 0x556a8cad58c0 &lt;unknown&gt;
#4 0x556a8cb1e71d &lt;unknown&gt;
#5 0x556a8cb12103 &lt;unknown&gt;
#6 0x556a8cae31ba &lt;unknown&gt;
#7 0x556a8cae3b8e &lt;unknown&gt;
#8 0x556a8cd7a59b &lt;unknown&gt;
#9 0x556a8cd7e34b &lt;unknown&gt;
#10 0x556a8cd66681 &lt;unknown&gt;
#11 0x556a8cd7eeb2 &lt;unknown&gt;
#12 0x556a8cd4b6af &lt;unknown&gt;
#13 0x556a8cda5428 &lt;unknown&gt;
#14 0x556a8cda5600 &lt;unknown&gt;
#15 0x556a8cdb4f84 &lt;unknown&gt;
#16 0x7f8376e94ac3 &lt;unknown&gt;
</msg>
<arg>${url_base}</arg>
<arg>browser=chrome</arg>
<arg>options=${chrome_options}</arg>
<doc>Opens a new browser instance to the optional ``url``.</doc>
<status status="FAIL" start="2024-05-04T18:20:02.753380" elapsed="0.183042">SessionNotCreatedException: Message: session not created: Chrome failed to start: exited normally.
  (session not created: DevToolsActivePort file doesn't exist)
  (The process started from chrome location /usr/bin/google-chrome is no longer running, so ChromeDriver is assuming that Chrome has crashed.)
Stacktrace:
#0 0x556a8cdb5e33 &lt;unknown&gt;
#1 0x556a8caa5567 &lt;unknown&gt;
#2 0x556a8cad99a9 &lt;unknown&gt;
#3 0x556a8cad58c0 &lt;unknown&gt;
#4 0x556a8cb1e71d &lt;unknown&gt;
#5 0x556a8cb12103 &lt;unknown&gt;
#6 0x556a8cae31ba &lt;unknown&gt;
#7 0x556a8cae3b8e &lt;unknown&gt;
#8 0x556a8cd7a59b &lt;unknown&gt;
#9 0x556a8cd7e34b &lt;unknown&gt;
#10 0x556a8cd66681 &lt;unknown&gt;
#11 0x556a8cd7eeb2 &lt;unknown&gt;
#12 0x556a8cd4b6af &lt;unknown&gt;
#13 0x556a8cda5428 &lt;unknown&gt;
#14 0x556a8cda5600 &lt;unknown&gt;
#15 0x556a8cdb4f84 &lt;unknown&gt;
#16 0x7f8376e94ac3 &lt;unknown&gt;
</status>
</kw>
<kw name="Maximize Browser Window" owner="SeleniumLibrary">
<doc>Maximizes current browser window.</doc>
<status status="NOT RUN" start="2024-05-04T18:20:02.936686" elapsed="0.000040"/>
</kw>
<status status="FAIL" start="2024-05-04T18:20:02.751893" elapsed="0.184982">SessionNotCreatedException: Message: session not created: Chrome failed to start: exited normally.
  (session not created: DevToolsActivePort file doesn't exist)
  (The process started from chrome location /usr/bin/google-chrome is no longer running, so ChromeDriver is assuming that Chrome has crashed.)
Stacktrace:
#0 0x556a8cdb5e33 &lt;unknown&gt;
#1 0x556a8caa5567 &lt;unknown&gt;
#2 0x556a8cad99a9 &lt;unknown&gt;
#3 0x556a8cad58c0 &lt;unknown&gt;
#4 0x556a8cb1e71d &lt;unknown&gt;
#5 0x556a8cb12103 &lt;unknown&gt;
#6 0x556a8cae31ba &lt;unknown&gt;
#7 0x556a8cae3b8e &lt;unknown&gt;
#8 0x556a8cd7a59b &lt;unknown&gt;
#9 0x556a8cd7e34b &lt;unknown&gt;
#10 0x556a8cd66681 &lt;unknown&gt;
#11 0x556a8cd7eeb2 &lt;unknown&gt;
#12 0x556a8cd4b6af &lt;unknown&gt;
#13 0x556a8cda5428 &lt;unknown&gt;
#14 0x556a8cda5600 &lt;unknown&gt;
#15 0x556a8cdb4f84 &lt;unknown&gt;
#16 0x7f8376e94ac3 &lt;unknown&gt;
</status>
</kw>
<kw name="Fechar o navegador" owner="base" type="TEARDOWN">
<kw name="Close Browser" owner="SeleniumLibrary">
<doc>Closes the current browser.</doc>
<status status="PASS" start="2024-05-04T18:20:02.938287" elapsed="0.000125"/>
</kw>
<status status="PASS" start="2024-05-04T18:20:02.937200" elapsed="0.001300"/>
</kw>
<tag>grupo</tag>
<status status="FAIL" start="2024-05-04T18:20:02.751450" elapsed="0.187110">Setup failed:
SessionNotCreatedException: Message: session not created: Chrome failed to start: exited normally.
  (session not created: DevToolsActivePort file doesn't exist)
  (The process started from chrome location /usr/bin/google-chrome is no longer running, so ChromeDriver is assuming that Chrome has crashed.)
Stacktrace:
#0 0x556a8cdb5e33 &lt;unknown&gt;
#1 0x556a8caa5567 &lt;unknown&gt;
#2 0x556a8cad99a9 &lt;unknown&gt;
#3 0x556a8cad58c0 &lt;unknown&gt;
#4 0x556a8cb1e71d &lt;unknown&gt;
#5 0x556a8cb12103 &lt;unknown&gt;
#6 0x556a8cae31ba &lt;unknown&gt;
#7 0x556a8cae3b8e &lt;unknown&gt;
#8 0x556a8cd7a59b &lt;unknown&gt;
#9 0x556a8cd7e34b &lt;unknown&gt;
#10 0x556a8cd66681 &lt;unknown&gt;
#11 0x556a8cd7eeb2 &lt;unknown&gt;
#12 0x556a8cd4b6af &lt;unknown&gt;
#13 0x556a8cda5428 &lt;unknown&gt;
#14 0x556a8cda5600 &lt;unknown&gt;
#15 0x556a8cdb4f84 &lt;unknown&gt;
#16 0x7f8376e94ac3 &lt;unknown&gt;
</status>
</test>
<test id="s1-s2-t2" name="Cenario 02 - Inserir novos registros na aba Cadastro de Turno" line="28">
<kw name="Acessar o site Fast2 Mine" owner="base" type="SETUP">
<kw name="Evaluate" owner="BuiltIn">
<msg time="2024-05-04T18:20:02.939762" level="INFO">${chrome_options} = &lt;selenium.webdriver.chrome.options.Options object at 0x7fba419be5a0&gt;</msg>
<var>${chrome_options}</var>
<arg>sys.modules['selenium.webdriver'].ChromeOptions()</arg>
<arg>sys, selenium.webdriver</arg>
<doc>Evaluates the given expression in Python and returns the result.</doc>
<status status="PASS" start="2024-05-04T18:20:02.939520" elapsed="0.000309"/>
</kw>
<kw name="Create Dictionary" owner="BuiltIn">
<msg time="2024-05-04T18:20:02.940203" level="INFO">${prefs} = {'download.default_directory': 'C:\\Fast2mine - miningcontrol\\fast2_mine_main\\fast2mine\\resources\\data', 'download.prompt_for_download': 'False'}</msg>
<var>${prefs}</var>
<arg>download.default_directory=${download_path}</arg>
<arg>download.prompt_for_download=False</arg>
<doc>Creates and returns a dictionary based on the given ``items``.</doc>
<status status="PASS" start="2024-05-04T18:20:02.939971" elapsed="0.000257"/>
</kw>
<kw name="Call Method" owner="BuiltIn">
<arg>${chrome_options}</arg>
<arg>add_experimental_option</arg>
<arg>prefs</arg>
<arg>${prefs}</arg>
<doc>Calls the named method of the given object with the provided arguments.</doc>
<status status="PASS" start="2024-05-04T18:20:02.940347" elapsed="0.000147"/>
</kw>
<kw name="Call Method" owner="BuiltIn">
<arg>${chrome_options}</arg>
<arg>add_argument</arg>
<arg>--safebrowsing-disable-download-protection</arg>
<doc>Calls the named method of the given object with the provided arguments.</doc>
<status status="PASS" start="2024-05-04T18:20:02.940625" elapsed="0.000118"/>
</kw>
<kw name="Open Browser" owner="SeleniumLibrary">
<msg time="2024-05-04T18:20:02.941097" level="INFO">Opening browser 'chrome' to base url 'https://homologacao.miningcontrol.cloud/login'.</msg>
<msg time="2024-05-04T18:20:03.122563" level="INFO">Cannot capture screenshot because no browser is open.</msg>
<msg time="2024-05-04T18:20:03.122720" level="FAIL">SessionNotCreatedException: Message: session not created: Chrome failed to start: exited normally.
  (session not created: DevToolsActivePort file doesn't exist)
  (The process started from chrome location /usr/bin/google-chrome is no longer running, so ChromeDriver is assuming that Chrome has crashed.)
Stacktrace:
#0 0x55ede14dae33 &lt;unknown&gt;
#1 0x55ede11ca567 &lt;unknown&gt;
#2 0x55ede11fe9a9 &lt;unknown&gt;
#3 0x55ede11fa8c0 &lt;unknown&gt;
#4 0x55ede124371d &lt;unknown&gt;
#5 0x55ede1237103 &lt;unknown&gt;
#6 0x55ede12081ba &lt;unknown&gt;
#7 0x55ede1208b8e &lt;unknown&gt;
#8 0x55ede149f59b &lt;unknown&gt;
#9 0x55ede14a334b &lt;unknown&gt;
#10 0x55ede148b681 &lt;unknown&gt;
#11 0x55ede14a3eb2 &lt;unknown&gt;
#12 0x55ede14706af &lt;unknown&gt;
#13 0x55ede14ca428 &lt;unknown&gt;
#14 0x55ede14ca600 &lt;unknown&gt;
#15 0x55ede14d9f84 &lt;unknown&gt;
#16 0x7fb062694ac3 &lt;unknown&gt;
</msg>
<arg>${url_base}</arg>
<arg>browser=chrome</arg>
<arg>options=${chrome_options}</arg>
<doc>Opens a new browser instance to the optional ``url``.</doc>
<status status="FAIL" start="2024-05-04T18:20:02.940880" elapsed="0.182638">SessionNotCreatedException: Message: session not created: Chrome failed to start: exited normally.
  (session not created: DevToolsActivePort file doesn't exist)
  (The process started from chrome location /usr/bin/google-chrome is no longer running, so ChromeDriver is assuming that Chrome has crashed.)
Stacktrace:
#0 0x55ede14dae33 &lt;unknown&gt;
#1 0x55ede11ca567 &lt;unknown&gt;
#2 0x55ede11fe9a9 &lt;unknown&gt;
#3 0x55ede11fa8c0 &lt;unknown&gt;
#4 0x55ede124371d &lt;unknown&gt;
#5 0x55ede1237103 &lt;unknown&gt;
#6 0x55ede12081ba &lt;unknown&gt;
#7 0x55ede1208b8e &lt;unknown&gt;
#8 0x55ede149f59b &lt;unknown&gt;
#9 0x55ede14a334b &lt;unknown&gt;
#10 0x55ede148b681 &lt;unknown&gt;
#11 0x55ede14a3eb2 &lt;unknown&gt;
#12 0x55ede14706af &lt;unknown&gt;
#13 0x55ede14ca428 &lt;unknown&gt;
#14 0x55ede14ca600 &lt;unknown&gt;
#15 0x55ede14d9f84 &lt;unknown&gt;
#16 0x7fb062694ac3 &lt;unknown&gt;
</status>
</kw>
<kw name="Maximize Browser Window" owner="SeleniumLibrary">
<doc>Maximizes current browser window.</doc>
<status status="NOT RUN" start="2024-05-04T18:20:03.123744" elapsed="0.000032"/>
</kw>
<status status="FAIL" start="2024-05-04T18:20:02.939287" elapsed="0.184604">SessionNotCreatedException: Message: session not created: Chrome failed to start: exited normally.
  (session not created: DevToolsActivePort file doesn't exist)
  (The process started from chrome location /usr/bin/google-chrome is no longer running, so ChromeDriver is assuming that Chrome has crashed.)
Stacktrace:
#0 0x55ede14dae33 &lt;unknown&gt;
#1 0x55ede11ca567 &lt;unknown&gt;
#2 0x55ede11fe9a9 &lt;unknown&gt;
#3 0x55ede11fa8c0 &lt;unknown&gt;
#4 0x55ede124371d &lt;unknown&gt;
#5 0x55ede1237103 &lt;unknown&gt;
#6 0x55ede12081ba &lt;unknown&gt;
#7 0x55ede1208b8e &lt;unknown&gt;
#8 0x55ede149f59b &lt;unknown&gt;
#9 0x55ede14a334b &lt;unknown&gt;
#10 0x55ede148b681 &lt;unknown&gt;
#11 0x55ede14a3eb2 &lt;unknown&gt;
#12 0x55ede14706af &lt;unknown&gt;
#13 0x55ede14ca428 &lt;unknown&gt;
#14 0x55ede14ca600 &lt;unknown&gt;
#15 0x55ede14d9f84 &lt;unknown&gt;
#16 0x7fb062694ac3 &lt;unknown&gt;
</status>
</kw>
<kw name="Fechar o navegador" owner="base" type="TEARDOWN">
<kw name="Close Browser" owner="SeleniumLibrary">
<doc>Closes the current browser.</doc>
<status status="PASS" start="2024-05-04T18:20:03.124410" elapsed="0.000108"/>
</kw>
<status status="PASS" start="2024-05-04T18:20:03.124146" elapsed="0.000431"/>
</kw>
<tag>grupo_1</tag>
<status status="FAIL" start="2024-05-04T18:20:02.938863" elapsed="0.185755">Setup failed:
SessionNotCreatedException: Message: session not created: Chrome failed to start: exited normally.
  (session not created: DevToolsActivePort file doesn't exist)
  (The process started from chrome location /usr/bin/google-chrome is no longer running, so ChromeDriver is assuming that Chrome has crashed.)
Stacktrace:
#0 0x55ede14dae33 &lt;unknown&gt;
#1 0x55ede11ca567 &lt;unknown&gt;
#2 0x55ede11fe9a9 &lt;unknown&gt;
#3 0x55ede11fa8c0 &lt;unknown&gt;
#4 0x55ede124371d &lt;unknown&gt;
#5 0x55ede1237103 &lt;unknown&gt;
#6 0x55ede12081ba &lt;unknown&gt;
#7 0x55ede1208b8e &lt;unknown&gt;
#8 0x55ede149f59b &lt;unknown&gt;
#9 0x55ede14a334b &lt;unknown&gt;
#10 0x55ede148b681 &lt;unknown&gt;
#11 0x55ede14a3eb2 &lt;unknown&gt;
#12 0x55ede14706af &lt;unknown&gt;
#13 0x55ede14ca428 &lt;unknown&gt;
#14 0x55ede14ca600 &lt;unknown&gt;
#15 0x55ede14d9f84 &lt;unknown&gt;
#16 0x7fb062694ac3 &lt;unknown&gt;
</status>
</test>
<test id="s1-s2-t3" name="Cenario 03 - Alterar registros diretamente na listagem" line="40">
<kw name="Acessar o site Fast2 Mine" owner="base" type="SETUP">
<kw name="Evaluate" owner="BuiltIn">
<msg time="2024-05-04T18:20:03.125725" level="INFO">${chrome_options} = &lt;selenium.webdriver.chrome.options.Options object at 0x7fba419c07d0&gt;</msg>
<var>${chrome_options}</var>
<arg>sys.modules['selenium.webdriver'].ChromeOptions()</arg>
<arg>sys, selenium.webdriver</arg>
<doc>Evaluates the given expression in Python and returns the result.</doc>
<status status="PASS" start="2024-05-04T18:20:03.125475" elapsed="0.000284"/>
</kw>
<kw name="Create Dictionary" owner="BuiltIn">
<msg time="2024-05-04T18:20:03.126157" level="INFO">${prefs} = {'download.default_directory': 'C:\\Fast2mine - miningcontrol\\fast2_mine_main\\fast2mine\\resources\\data', 'download.prompt_for_download': 'False'}</msg>
<var>${prefs}</var>
<arg>download.default_directory=${download_path}</arg>
<arg>download.prompt_for_download=False</arg>
<doc>Creates and returns a dictionary based on the given ``items``.</doc>
<status status="PASS" start="2024-05-04T18:20:03.125894" elapsed="0.000288"/>
</kw>
<kw name="Call Method" owner="BuiltIn">
<arg>${chrome_options}</arg>
<arg>add_experimental_option</arg>
<arg>prefs</arg>
<arg>${prefs}</arg>
<doc>Calls the named method of the given object with the provided arguments.</doc>
<status status="PASS" start="2024-05-04T18:20:03.126315" elapsed="0.000147"/>
</kw>
<kw name="Call Method" owner="BuiltIn">
<arg>${chrome_options}</arg>
<arg>add_argument</arg>
<arg>--safebrowsing-disable-download-protection</arg>
<doc>Calls the named method of the given object with the provided arguments.</doc>
<status status="PASS" start="2024-05-04T18:20:03.126583" elapsed="0.000115"/>
</kw>
<kw name="Open Browser" owner="SeleniumLibrary">
<msg time="2024-05-04T18:20:03.127085" level="INFO">Opening browser 'chrome' to base url 'https://homologacao.miningcontrol.cloud/login'.</msg>
<msg time="2024-05-04T18:20:03.307986" level="INFO">Cannot capture screenshot because no browser is open.</msg>
<msg time="2024-05-04T18:20:03.308148" level="FAIL">SessionNotCreatedException: Message: session not created: Chrome failed to start: exited normally.
  (session not created: DevToolsActivePort file doesn't exist)
  (The process started from chrome location /usr/bin/google-chrome is no longer running, so ChromeDriver is assuming that Chrome has crashed.)
Stacktrace:
#0 0x555984106e33 &lt;unknown&gt;
#1 0x555983df6567 &lt;unknown&gt;
#2 0x555983e2a9a9 &lt;unknown&gt;
#3 0x555983e268c0 &lt;unknown&gt;
#4 0x555983e6f71d &lt;unknown&gt;
#5 0x555983e63103 &lt;unknown&gt;
#6 0x555983e341ba &lt;unknown&gt;
#7 0x555983e34b8e &lt;unknown&gt;
#8 0x5559840cb59b &lt;unknown&gt;
#9 0x5559840cf34b &lt;unknown&gt;
#10 0x5559840b7681 &lt;unknown&gt;
#11 0x5559840cfeb2 &lt;unknown&gt;
#12 0x55598409c6af &lt;unknown&gt;
#13 0x5559840f6428 &lt;unknown&gt;
#14 0x5559840f6600 &lt;unknown&gt;
#15 0x555984105f84 &lt;unknown&gt;
#16 0x7fc054494ac3 &lt;unknown&gt;
</msg>
<arg>${url_base}</arg>
<arg>browser=chrome</arg>
<arg>options=${chrome_options}</arg>
<doc>Opens a new browser instance to the optional ``url``.</doc>
<status status="FAIL" start="2024-05-04T18:20:03.126878" elapsed="0.182076">SessionNotCreatedException: Message: session not created: Chrome failed to start: exited normally.
  (session not created: DevToolsActivePort file doesn't exist)
  (The process started from chrome location /usr/bin/google-chrome is no longer running, so ChromeDriver is assuming that Chrome has crashed.)
Stacktrace:
#0 0x555984106e33 &lt;unknown&gt;
#1 0x555983df6567 &lt;unknown&gt;
#2 0x555983e2a9a9 &lt;unknown&gt;
#3 0x555983e268c0 &lt;unknown&gt;
#4 0x555983e6f71d &lt;unknown&gt;
#5 0x555983e63103 &lt;unknown&gt;
#6 0x555983e341ba &lt;unknown&gt;
#7 0x555983e34b8e &lt;unknown&gt;
#8 0x5559840cb59b &lt;unknown&gt;
#9 0x5559840cf34b &lt;unknown&gt;
#10 0x5559840b7681 &lt;unknown&gt;
#11 0x5559840cfeb2 &lt;unknown&gt;
#12 0x55598409c6af &lt;unknown&gt;
#13 0x5559840f6428 &lt;unknown&gt;
#14 0x5559840f6600 &lt;unknown&gt;
#15 0x555984105f84 &lt;unknown&gt;
#16 0x7fc054494ac3 &lt;unknown&gt;
</status>
</kw>
<kw name="Maximize Browser Window" owner="SeleniumLibrary">
<doc>Maximizes current browser window.</doc>
<status status="NOT RUN" start="2024-05-04T18:20:03.309179" elapsed="0.000033"/>
</kw>
<status status="FAIL" start="2024-05-04T18:20:03.125259" elapsed="0.184068">SessionNotCreatedException: Message: session not created: Chrome failed to start: exited normally.
  (session not created: DevToolsActivePort file doesn't exist)
  (The process started from chrome location /usr/bin/google-chrome is no longer running, so ChromeDriver is assuming that Chrome has crashed.)
Stacktrace:
#0 0x555984106e33 &lt;unknown&gt;
#1 0x555983df6567 &lt;unknown&gt;
#2 0x555983e2a9a9 &lt;unknown&gt;
#3 0x555983e268c0 &lt;unknown&gt;
#4 0x555983e6f71d &lt;unknown&gt;
#5 0x555983e63103 &lt;unknown&gt;
#6 0x555983e341ba &lt;unknown&gt;
#7 0x555983e34b8e &lt;unknown&gt;
#8 0x5559840cb59b &lt;unknown&gt;
#9 0x5559840cf34b &lt;unknown&gt;
#10 0x5559840b7681 &lt;unknown&gt;
#11 0x5559840cfeb2 &lt;unknown&gt;
#12 0x55598409c6af &lt;unknown&gt;
#13 0x5559840f6428 &lt;unknown&gt;
#14 0x5559840f6600 &lt;unknown&gt;
#15 0x555984105f84 &lt;unknown&gt;
#16 0x7fc054494ac3 &lt;unknown&gt;
</status>
</kw>
<kw name="Fechar o navegador" owner="base" type="TEARDOWN">
<kw name="Close Browser" owner="SeleniumLibrary">
<doc>Closes the current browser.</doc>
<status status="PASS" start="2024-05-04T18:20:03.309846" elapsed="0.000137"/>
</kw>
<status status="PASS" start="2024-05-04T18:20:03.309584" elapsed="0.000462"/>
</kw>
<status status="FAIL" start="2024-05-04T18:20:03.124882" elapsed="0.185205">Setup failed:
SessionNotCreatedException: Message: session not created: Chrome failed to start: exited normally.
  (session not created: DevToolsActivePort file doesn't exist)
  (The process started from chrome location /usr/bin/google-chrome is no longer running, so ChromeDriver is assuming that Chrome has crashed.)
Stacktrace:
#0 0x555984106e33 &lt;unknown&gt;
#1 0x555983df6567 &lt;unknown&gt;
#2 0x555983e2a9a9 &lt;unknown&gt;
#3 0x555983e268c0 &lt;unknown&gt;
#4 0x555983e6f71d &lt;unknown&gt;
#5 0x555983e63103 &lt;unknown&gt;
#6 0x555983e341ba &lt;unknown&gt;
#7 0x555983e34b8e &lt;unknown&gt;
#8 0x5559840cb59b &lt;unknown&gt;
#9 0x5559840cf34b &lt;unknown&gt;
#10 0x5559840b7681 &lt;unknown&gt;
#11 0x5559840cfeb2 &lt;unknown&gt;
#12 0x55598409c6af &lt;unknown&gt;
#13 0x5559840f6428 &lt;unknown&gt;
#14 0x5559840f6600 &lt;unknown&gt;
#15 0x555984105f84 &lt;unknown&gt;
#16 0x7fc054494ac3 &lt;unknown&gt;
</status>
</test>
<test id="s1-s2-t4" name="Cenario 5 - Inserir novos registros na aba Grupo de Equipamento" line="49">
<kw name="Acessar o site Fast2 Mine" owner="base" type="SETUP">
<kw name="Evaluate" owner="BuiltIn">
<msg time="2024-05-04T18:20:03.312802" level="INFO">${chrome_options} = &lt;selenium.webdriver.chrome.options.Options object at 0x7fba419bfc20&gt;</msg>
<var>${chrome_options}</var>
<arg>sys.modules['selenium.webdriver'].ChromeOptions()</arg>
<arg>sys, selenium.webdriver</arg>
<doc>Evaluates the given expression in Python and returns the result.</doc>
<status status="PASS" start="2024-05-04T18:20:03.312521" elapsed="0.000310"/>
</kw>
<kw name="Create Dictionary" owner="BuiltIn">
<msg time="2024-05-04T18:20:03.313195" level="INFO">${prefs} = {'download.default_directory': 'C:\\Fast2mine - miningcontrol\\fast2_mine_main\\fast2mine\\resources\\data', 'download.prompt_for_download': 'False'}</msg>
<var>${prefs}</var>
<arg>download.default_directory=${download_path}</arg>
<arg>download.prompt_for_download=False</arg>
<doc>Creates and returns a dictionary based on the given ``items``.</doc>
<status status="PASS" start="2024-05-04T18:20:03.312968" elapsed="0.000252"/>
</kw>
<kw name="Call Method" owner="BuiltIn">
<arg>${chrome_options}</arg>
<arg>add_experimental_option</arg>
<arg>prefs</arg>
<arg>${prefs}</arg>
<doc>Calls the named method of the given object with the provided arguments.</doc>
<status status="PASS" start="2024-05-04T18:20:03.313333" elapsed="0.000138"/>
</kw>
<kw name="Call Method" owner="BuiltIn">
<arg>${chrome_options}</arg>
<arg>add_argument</arg>
<arg>--safebrowsing-disable-download-protection</arg>
<doc>Calls the named method of the given object with the provided arguments.</doc>
<status status="PASS" start="2024-05-04T18:20:03.313580" elapsed="0.000111"/>
</kw>
<kw name="Open Browser" owner="SeleniumLibrary">
<msg time="2024-05-04T18:20:03.314059" level="INFO">Opening browser 'chrome' to base url 'https://homologacao.miningcontrol.cloud/login'.</msg>
<msg time="2024-05-04T18:20:03.496478" level="INFO">Cannot capture screenshot because no browser is open.</msg>
<msg time="2024-05-04T18:20:03.496667" level="FAIL">SessionNotCreatedException: Message: session not created: Chrome failed to start: exited normally.
  (session not created: DevToolsActivePort file doesn't exist)
  (The process started from chrome location /usr/bin/google-chrome is no longer running, so ChromeDriver is assuming that Chrome has crashed.)
Stacktrace:
#0 0x5579d8388e33 &lt;unknown&gt;
#1 0x5579d8078567 &lt;unknown&gt;
#2 0x5579d80ac9a9 &lt;unknown&gt;
#3 0x5579d80a88c0 &lt;unknown&gt;
#4 0x5579d80f171d &lt;unknown&gt;
#5 0x5579d80e5103 &lt;unknown&gt;
#6 0x5579d80b61ba &lt;unknown&gt;
#7 0x5579d80b6b8e &lt;unknown&gt;
#8 0x5579d834d59b &lt;unknown&gt;
#9 0x5579d835134b &lt;unknown&gt;
#10 0x5579d8339681 &lt;unknown&gt;
#11 0x5579d8351eb2 &lt;unknown&gt;
#12 0x5579d831e6af &lt;unknown&gt;
#13 0x5579d8378428 &lt;unknown&gt;
#14 0x5579d8378600 &lt;unknown&gt;
#15 0x5579d8387f84 &lt;unknown&gt;
#16 0x7f1a0a894ac3 &lt;unknown&gt;
</msg>
<arg>${url_base}</arg>
<arg>browser=chrome</arg>
<arg>options=${chrome_options}</arg>
<doc>Opens a new browser instance to the optional ``url``.</doc>
<status status="FAIL" start="2024-05-04T18:20:03.313820" elapsed="0.183841">SessionNotCreatedException: Message: session not created: Chrome failed to start: exited normally.
  (session not created: DevToolsActivePort file doesn't exist)
  (The process started from chrome location /usr/bin/google-chrome is no longer running, so ChromeDriver is assuming that Chrome has crashed.)
Stacktrace:
#0 0x5579d8388e33 &lt;unknown&gt;
#1 0x5579d8078567 &lt;unknown&gt;
#2 0x5579d80ac9a9 &lt;unknown&gt;
#3 0x5579d80a88c0 &lt;unknown&gt;
#4 0x5579d80f171d &lt;unknown&gt;
#5 0x5579d80e5103 &lt;unknown&gt;
#6 0x5579d80b61ba &lt;unknown&gt;
#7 0x5579d80b6b8e &lt;unknown&gt;
#8 0x5579d834d59b &lt;unknown&gt;
#9 0x5579d835134b &lt;unknown&gt;
#10 0x5579d8339681 &lt;unknown&gt;
#11 0x5579d8351eb2 &lt;unknown&gt;
#12 0x5579d831e6af &lt;unknown&gt;
#13 0x5579d8378428 &lt;unknown&gt;
#14 0x5579d8378600 &lt;unknown&gt;
#15 0x5579d8387f84 &lt;unknown&gt;
#16 0x7f1a0a894ac3 &lt;unknown&gt;
</status>
</kw>
<kw name="Maximize Browser Window" owner="SeleniumLibrary">
<doc>Maximizes current browser window.</doc>
<status status="NOT RUN" start="2024-05-04T18:20:03.498036" elapsed="0.000038"/>
</kw>
<status status="FAIL" start="2024-05-04T18:20:03.312169" elapsed="0.186055">SessionNotCreatedException: Message: session not created: Chrome failed to start: exited normally.
  (session not created: DevToolsActivePort file doesn't exist)
  (The process started from chrome location /usr/bin/google-chrome is no longer running, so ChromeDriver is assuming that Chrome has crashed.)
Stacktrace:
#0 0x5579d8388e33 &lt;unknown&gt;
#1 0x5579d8078567 &lt;unknown&gt;
#2 0x5579d80ac9a9 &lt;unknown&gt;
#3 0x5579d80a88c0 &lt;unknown&gt;
#4 0x5579d80f171d &lt;unknown&gt;
#5 0x5579d80e5103 &lt;unknown&gt;
#6 0x5579d80b61ba &lt;unknown&gt;
#7 0x5579d80b6b8e &lt;unknown&gt;
#8 0x5579d834d59b &lt;unknown&gt;
#9 0x5579d835134b &lt;unknown&gt;
#10 0x5579d8339681 &lt;unknown&gt;
#11 0x5579d8351eb2 &lt;unknown&gt;
#12 0x5579d831e6af &lt;unknown&gt;
#13 0x5579d8378428 &lt;unknown&gt;
#14 0x5579d8378600 &lt;unknown&gt;
#15 0x5579d8387f84 &lt;unknown&gt;
#16 0x7f1a0a894ac3 &lt;unknown&gt;
</status>
</kw>
<kw name="Fechar o navegador" owner="base" type="TEARDOWN">
<kw name="Close Browser" owner="SeleniumLibrary">
<doc>Closes the current browser.</doc>
<status status="PASS" start="2024-05-04T18:20:03.498872" elapsed="0.000134"/>
</kw>
<status status="PASS" start="2024-05-04T18:20:03.498541" elapsed="0.000527"/>
</kw>
<tag>grupo_5</tag>
<status status="FAIL" start="2024-05-04T18:20:03.310436" elapsed="0.188677">Setup failed:
SessionNotCreatedException: Message: session not created: Chrome failed to start: exited normally.
  (session not created: DevToolsActivePort file doesn't exist)
  (The process started from chrome location /usr/bin/google-chrome is no longer running, so ChromeDriver is assuming that Chrome has crashed.)
Stacktrace:
#0 0x5579d8388e33 &lt;unknown&gt;
#1 0x5579d8078567 &lt;unknown&gt;
#2 0x5579d80ac9a9 &lt;unknown&gt;
#3 0x5579d80a88c0 &lt;unknown&gt;
#4 0x5579d80f171d &lt;unknown&gt;
#5 0x5579d80e5103 &lt;unknown&gt;
#6 0x5579d80b61ba &lt;unknown&gt;
#7 0x5579d80b6b8e &lt;unknown&gt;
#8 0x5579d834d59b &lt;unknown&gt;
#9 0x5579d835134b &lt;unknown&gt;
#10 0x5579d8339681 &lt;unknown&gt;
#11 0x5579d8351eb2 &lt;unknown&gt;
#12 0x5579d831e6af &lt;unknown&gt;
#13 0x5579d8378428 &lt;unknown&gt;
#14 0x5579d8378600 &lt;unknown&gt;
#15 0x5579d8387f84 &lt;unknown&gt;
#16 0x7f1a0a894ac3 &lt;unknown&gt;
</status>
</test>
<doc>Arquivo com os casos de testes que serão usados na área do Operador</doc>
<status status="FAIL" start="2024-05-04T18:20:02.731987" elapsed="0.767548"/>
</suite>
<suite id="s1-s3" name="Realizar Login" source="/home/runner/work/fast2mine/fast2mine/test_cases/realizar_login.robot">
<test id="s1-s3-t1" name="Cenário 1: Login bem-sucedido" line="9">
<kw name="Acessar o site Fast2 Mine" owner="base" type="SETUP">
<kw name="Evaluate" owner="BuiltIn">
<msg time="2024-05-04T18:20:03.504205" level="INFO">${chrome_options} = &lt;selenium.webdriver.chrome.options.Options object at 0x7fba419c1730&gt;</msg>
<var>${chrome_options}</var>
<arg>sys.modules['selenium.webdriver'].ChromeOptions()</arg>
<arg>sys, selenium.webdriver</arg>
<doc>Evaluates the given expression in Python and returns the result.</doc>
<status status="PASS" start="2024-05-04T18:20:03.503976" elapsed="0.000257"/>
</kw>
<kw name="Create Dictionary" owner="BuiltIn">
<msg time="2024-05-04T18:20:03.504591" level="INFO">${prefs} = {'download.default_directory': 'C:\\Fast2mine - miningcontrol\\fast2_mine_main\\fast2mine\\resources\\data', 'download.prompt_for_download': 'False'}</msg>
<var>${prefs}</var>
<arg>download.default_directory=${download_path}</arg>
<arg>download.prompt_for_download=False</arg>
<doc>Creates and returns a dictionary based on the given ``items``.</doc>
<status status="PASS" start="2024-05-04T18:20:03.504359" elapsed="0.000257"/>
</kw>
<kw name="Call Method" owner="BuiltIn">
<arg>${chrome_options}</arg>
<arg>add_experimental_option</arg>
<arg>prefs</arg>
<arg>${prefs}</arg>
<doc>Calls the named method of the given object with the provided arguments.</doc>
<status status="PASS" start="2024-05-04T18:20:03.504725" elapsed="0.000139"/>
</kw>
<kw name="Call Method" owner="BuiltIn">
<arg>${chrome_options}</arg>
<arg>add_argument</arg>
<arg>--safebrowsing-disable-download-protection</arg>
<doc>Calls the named method of the given object with the provided arguments.</doc>
<status status="PASS" start="2024-05-04T18:20:03.504970" elapsed="0.000112"/>
</kw>
<kw name="Open Browser" owner="SeleniumLibrary">
<msg time="2024-05-04T18:20:03.505445" level="INFO">Opening browser 'chrome' to base url 'https://homologacao.miningcontrol.cloud/login'.</msg>
<msg time="2024-05-04T18:20:03.687859" level="INFO">Cannot capture screenshot because no browser is open.</msg>
<msg time="2024-05-04T18:20:03.688029" level="FAIL">SessionNotCreatedException: Message: session not created: Chrome failed to start: exited normally.
  (session not created: DevToolsActivePort file doesn't exist)
  (The process started from chrome location /usr/bin/google-chrome is no longer running, so ChromeDriver is assuming that Chrome has crashed.)
Stacktrace:
#0 0x55c9942f6e33 &lt;unknown&gt;
#1 0x55c993fe6567 &lt;unknown&gt;
#2 0x55c99401a9a9 &lt;unknown&gt;
#3 0x55c9940168c0 &lt;unknown&gt;
#4 0x55c99405f71d &lt;unknown&gt;
#5 0x55c994053103 &lt;unknown&gt;
#6 0x55c9940241ba &lt;unknown&gt;
#7 0x55c994024b8e &lt;unknown&gt;
#8 0x55c9942bb59b &lt;unknown&gt;
#9 0x55c9942bf34b &lt;unknown&gt;
#10 0x55c9942a7681 &lt;unknown&gt;
#11 0x55c9942bfeb2 &lt;unknown&gt;
#12 0x55c99428c6af &lt;unknown&gt;
#13 0x55c9942e6428 &lt;unknown&gt;
#14 0x55c9942e6600 &lt;unknown&gt;
#15 0x55c9942f5f84 &lt;unknown&gt;
#16 0x7f72d2694ac3 &lt;unknown&gt;
</msg>
<arg>${url_base}</arg>
<arg>browser=chrome</arg>
<arg>options=${chrome_options}</arg>
<doc>Opens a new browser instance to the optional ``url``.</doc>
<status status="FAIL" start="2024-05-04T18:20:03.505220" elapsed="0.183638">SessionNotCreatedException: Message: session not created: Chrome failed to start: exited normally.
  (session not created: DevToolsActivePort file doesn't exist)
  (The process started from chrome location /usr/bin/google-chrome is no longer running, so ChromeDriver is assuming that Chrome has crashed.)
Stacktrace:
#0 0x55c9942f6e33 &lt;unknown&gt;
#1 0x55c993fe6567 &lt;unknown&gt;
#2 0x55c99401a9a9 &lt;unknown&gt;
#3 0x55c9940168c0 &lt;unknown&gt;
#4 0x55c99405f71d &lt;unknown&gt;
#5 0x55c994053103 &lt;unknown&gt;
#6 0x55c9940241ba &lt;unknown&gt;
#7 0x55c994024b8e &lt;unknown&gt;
#8 0x55c9942bb59b &lt;unknown&gt;
#9 0x55c9942bf34b &lt;unknown&gt;
#10 0x55c9942a7681 &lt;unknown&gt;
#11 0x55c9942bfeb2 &lt;unknown&gt;
#12 0x55c99428c6af &lt;unknown&gt;
#13 0x55c9942e6428 &lt;unknown&gt;
#14 0x55c9942e6600 &lt;unknown&gt;
#15 0x55c9942f5f84 &lt;unknown&gt;
#16 0x7f72d2694ac3 &lt;unknown&gt;
</status>
</kw>
<kw name="Maximize Browser Window" owner="SeleniumLibrary">
<doc>Maximizes current browser window.</doc>
<status status="NOT RUN" start="2024-05-04T18:20:03.689086" elapsed="0.000034"/>
</kw>
<status status="FAIL" start="2024-05-04T18:20:03.503761" elapsed="0.185527">SessionNotCreatedException: Message: session not created: Chrome failed to start: exited normally.
  (session not created: DevToolsActivePort file doesn't exist)
  (The process started from chrome location /usr/bin/google-chrome is no longer running, so ChromeDriver is assuming that Chrome has crashed.)
Stacktrace:
#0 0x55c9942f6e33 &lt;unknown&gt;
#1 0x55c993fe6567 &lt;unknown&gt;
#2 0x55c99401a9a9 &lt;unknown&gt;
#3 0x55c9940168c0 &lt;unknown&gt;
#4 0x55c99405f71d &lt;unknown&gt;
#5 0x55c994053103 &lt;unknown&gt;
#6 0x55c9940241ba &lt;unknown&gt;
#7 0x55c994024b8e &lt;unknown&gt;
#8 0x55c9942bb59b &lt;unknown&gt;
#9 0x55c9942bf34b &lt;unknown&gt;
#10 0x55c9942a7681 &lt;unknown&gt;
#11 0x55c9942bfeb2 &lt;unknown&gt;
#12 0x55c99428c6af &lt;unknown&gt;
#13 0x55c9942e6428 &lt;unknown&gt;
#14 0x55c9942e6600 &lt;unknown&gt;
#15 0x55c9942f5f84 &lt;unknown&gt;
#16 0x7f72d2694ac3 &lt;unknown&gt;
</status>
</kw>
<kw name="Fechar o navegador" owner="base" type="TEARDOWN">
<kw name="Close Browser" owner="SeleniumLibrary">
<doc>Closes the current browser.</doc>
<status status="PASS" start="2024-05-04T18:20:03.689831" elapsed="0.000150"/>
</kw>
<status status="PASS" start="2024-05-04T18:20:03.689559" elapsed="0.000489"/>
</kw>
<tag>sucesso</tag>
<status status="FAIL" start="2024-05-04T18:20:03.503312" elapsed="0.186783">Setup failed:
SessionNotCreatedException: Message: session not created: Chrome failed to start: exited normally.
  (session not created: DevToolsActivePort file doesn't exist)
  (The process started from chrome location /usr/bin/google-chrome is no longer running, so ChromeDriver is assuming that Chrome has crashed.)
Stacktrace:
#0 0x55c9942f6e33 &lt;unknown&gt;
#1 0x55c993fe6567 &lt;unknown&gt;
#2 0x55c99401a9a9 &lt;unknown&gt;
#3 0x55c9940168c0 &lt;unknown&gt;
#4 0x55c99405f71d &lt;unknown&gt;
#5 0x55c994053103 &lt;unknown&gt;
#6 0x55c9940241ba &lt;unknown&gt;
#7 0x55c994024b8e &lt;unknown&gt;
#8 0x55c9942bb59b &lt;unknown&gt;
#9 0x55c9942bf34b &lt;unknown&gt;
#10 0x55c9942a7681 &lt;unknown&gt;
#11 0x55c9942bfeb2 &lt;unknown&gt;
#12 0x55c99428c6af &lt;unknown&gt;
#13 0x55c9942e6428 &lt;unknown&gt;
#14 0x55c9942e6600 &lt;unknown&gt;
#15 0x55c9942f5f84 &lt;unknown&gt;
#16 0x7f72d2694ac3 &lt;unknown&gt;
</status>
</test>
<test id="s1-s3-t2" name="Cenário 2: Login invalido" line="16">
<kw name="Acessar o site Fast2 Mine" owner="base" type="SETUP">
<kw name="Evaluate" owner="BuiltIn">
<msg time="2024-05-04T18:20:03.691605" level="INFO">${chrome_options} = &lt;selenium.webdriver.chrome.options.Options object at 0x7fba419bd610&gt;</msg>
<var>${chrome_options}</var>
<arg>sys.modules['selenium.webdriver'].ChromeOptions()</arg>
<arg>sys, selenium.webdriver</arg>
<doc>Evaluates the given expression in Python and returns the result.</doc>
<status status="PASS" start="2024-05-04T18:20:03.691262" elapsed="0.000386"/>
</kw>
<kw name="Create Dictionary" owner="BuiltIn">
<msg time="2024-05-04T18:20:03.692203" level="INFO">${prefs} = {'download.default_directory': 'C:\\Fast2mine - miningcontrol\\fast2_mine_main\\fast2mine\\resources\\data', 'download.prompt_for_download': 'False'}</msg>
<var>${prefs}</var>
<arg>download.default_directory=${download_path}</arg>
<arg>download.prompt_for_download=False</arg>
<doc>Creates and returns a dictionary based on the given ``items``.</doc>
<status status="PASS" start="2024-05-04T18:20:03.691847" elapsed="0.000394"/>
</kw>
<kw name="Call Method" owner="BuiltIn">
<arg>${chrome_options}</arg>
<arg>add_experimental_option</arg>
<arg>prefs</arg>
<arg>${prefs}</arg>
<doc>Calls the named method of the given object with the provided arguments.</doc>
<status status="PASS" start="2024-05-04T18:20:03.692414" elapsed="0.000215"/>
</kw>
<kw name="Call Method" owner="BuiltIn">
<arg>${chrome_options}</arg>
<arg>add_argument</arg>
<arg>--safebrowsing-disable-download-protection</arg>
<doc>Calls the named method of the given object with the provided arguments.</doc>
<status status="PASS" start="2024-05-04T18:20:03.692755" elapsed="0.000115"/>
</kw>
<kw name="Open Browser" owner="SeleniumLibrary">
<msg time="2024-05-04T18:20:03.693224" level="INFO">Opening browser 'chrome' to base url 'https://homologacao.miningcontrol.cloud/login'.</msg>
<msg time="2024-05-04T18:20:03.875861" level="INFO">Cannot capture screenshot because no browser is open.</msg>
<msg time="2024-05-04T18:20:03.876019" level="FAIL">SessionNotCreatedException: Message: session not created: Chrome failed to start: exited normally.
  (session not created: DevToolsActivePort file doesn't exist)
  (The process started from chrome location /usr/bin/google-chrome is no longer running, so ChromeDriver is assuming that Chrome has crashed.)
Stacktrace:
#0 0x558852fc4e33 &lt;unknown&gt;
#1 0x558852cb4567 &lt;unknown&gt;
#2 0x558852ce89a9 &lt;unknown&gt;
#3 0x558852ce48c0 &lt;unknown&gt;
#4 0x558852d2d71d &lt;unknown&gt;
#5 0x558852d21103 &lt;unknown&gt;
#6 0x558852cf21ba &lt;unknown&gt;
#7 0x558852cf2b8e &lt;unknown&gt;
#8 0x558852f8959b &lt;unknown&gt;
#9 0x558852f8d34b &lt;unknown&gt;
#10 0x558852f75681 &lt;unknown&gt;
#11 0x558852f8deb2 &lt;unknown&gt;
#12 0x558852f5a6af &lt;unknown&gt;
#13 0x558852fb4428 &lt;unknown&gt;
#14 0x558852fb4600 &lt;unknown&gt;
#15 0x558852fc3f84 &lt;unknown&gt;
#16 0x7f337dc94ac3 &lt;unknown&gt;
</msg>
<arg>${url_base}</arg>
<arg>browser=chrome</arg>
<arg>options=${chrome_options}</arg>
<doc>Opens a new browser instance to the optional ``url``.</doc>
<status status="FAIL" start="2024-05-04T18:20:03.693010" elapsed="0.183848">SessionNotCreatedException: Message: session not created: Chrome failed to start: exited normally.
  (session not created: DevToolsActivePort file doesn't exist)
  (The process started from chrome location /usr/bin/google-chrome is no longer running, so ChromeDriver is assuming that Chrome has crashed.)
Stacktrace:
#0 0x558852fc4e33 &lt;unknown&gt;
#1 0x558852cb4567 &lt;unknown&gt;
#2 0x558852ce89a9 &lt;unknown&gt;
#3 0x558852ce48c0 &lt;unknown&gt;
#4 0x558852d2d71d &lt;unknown&gt;
#5 0x558852d21103 &lt;unknown&gt;
#6 0x558852cf21ba &lt;unknown&gt;
#7 0x558852cf2b8e &lt;unknown&gt;
#8 0x558852f8959b &lt;unknown&gt;
#9 0x558852f8d34b &lt;unknown&gt;
#10 0x558852f75681 &lt;unknown&gt;
#11 0x558852f8deb2 &lt;unknown&gt;
#12 0x558852f5a6af &lt;unknown&gt;
#13 0x558852fb4428 &lt;unknown&gt;
#14 0x558852fb4600 &lt;unknown&gt;
#15 0x558852fc3f84 &lt;unknown&gt;
#16 0x7f337dc94ac3 &lt;unknown&gt;
</status>
</kw>
<kw name="Maximize Browser Window" owner="SeleniumLibrary">
<doc>Maximizes current browser window.</doc>
<status status="NOT RUN" start="2024-05-04T18:20:03.877082" elapsed="0.000032"/>
</kw>
<status status="FAIL" start="2024-05-04T18:20:03.690943" elapsed="0.186291">SessionNotCreatedException: Message: session not created: Chrome failed to start: exited normally.
  (session not created: DevToolsActivePort file doesn't exist)
  (The process started from chrome location /usr/bin/google-chrome is no longer running, so ChromeDriver is assuming that Chrome has crashed.)
Stacktrace:
#0 0x558852fc4e33 &lt;unknown&gt;
#1 0x558852cb4567 &lt;unknown&gt;
#2 0x558852ce89a9 &lt;unknown&gt;
#3 0x558852ce48c0 &lt;unknown&gt;
#4 0x558852d2d71d &lt;unknown&gt;
#5 0x558852d21103 &lt;unknown&gt;
#6 0x558852cf21ba &lt;unknown&gt;
#7 0x558852cf2b8e &lt;unknown&gt;
#8 0x558852f8959b &lt;unknown&gt;
#9 0x558852f8d34b &lt;unknown&gt;
#10 0x558852f75681 &lt;unknown&gt;
#11 0x558852f8deb2 &lt;unknown&gt;
#12 0x558852f5a6af &lt;unknown&gt;
#13 0x558852fb4428 &lt;unknown&gt;
#14 0x558852fb4600 &lt;unknown&gt;
#15 0x558852fc3f84 &lt;unknown&gt;
#16 0x7f337dc94ac3 &lt;unknown&gt;
</status>
</kw>
<kw name="Fechar o navegador" owner="base" type="TEARDOWN">
<kw name="Close Browser" owner="SeleniumLibrary">
<doc>Closes the current browser.</doc>
<status status="PASS" start="2024-05-04T18:20:03.877763" elapsed="0.000116"/>
</kw>
<status status="PASS" start="2024-05-04T18:20:03.877498" elapsed="0.000476"/>
</kw>
<tag>invalido</tag>
<status status="FAIL" start="2024-05-04T18:20:03.690407" elapsed="0.187613">Setup failed:
SessionNotCreatedException: Message: session not created: Chrome failed to start: exited normally.
  (session not created: DevToolsActivePort file doesn't exist)
  (The process started from chrome location /usr/bin/google-chrome is no longer running, so ChromeDriver is assuming that Chrome has crashed.)
Stacktrace:
#0 0x558852fc4e33 &lt;unknown&gt;
#1 0x558852cb4567 &lt;unknown&gt;
#2 0x558852ce89a9 &lt;unknown&gt;
#3 0x558852ce48c0 &lt;unknown&gt;
#4 0x558852d2d71d &lt;unknown&gt;
#5 0x558852d21103 &lt;unknown&gt;
#6 0x558852cf21ba &lt;unknown&gt;
#7 0x558852cf2b8e &lt;unknown&gt;
#8 0x558852f8959b &lt;unknown&gt;
#9 0x558852f8d34b &lt;unknown&gt;
#10 0x558852f75681 &lt;unknown&gt;
#11 0x558852f8deb2 &lt;unknown&gt;
#12 0x558852f5a6af &lt;unknown&gt;
#13 0x558852fb4428 &lt;unknown&gt;
#14 0x558852fb4600 &lt;unknown&gt;
#15 0x558852fc3f84 &lt;unknown&gt;
#16 0x7f337dc94ac3 &lt;unknown&gt;
</status>
</test>
<status status="FAIL" start="2024-05-04T18:20:03.500214" elapsed="0.378256"/>
</suite>
<status status="FAIL" start="2024-05-04T18:20:00.769511" elapsed="3.109753"/>
</suite>
<statistics>
<total>
<stat pass="0" fail="12" skip="0">All Tests</stat>
</total>
<tag>
<stat pass="0" fail="2" skip="0">grupo</stat>
<stat pass="0" fail="2" skip="0">grupo_1</stat>
<stat pass="0" fail="1" skip="0">grupo_2</stat>
<stat pass="0" fail="1" skip="0">grupo_5</stat>
<stat pass="0" fail="1" skip="0">importar planilha</stat>
<stat pass="0" fail="1" skip="0">invalido</stat>
<stat pass="0" fail="1" skip="0">Operador</stat>
<stat pass="0" fail="1" skip="0">sucesso</stat>
</tag>
<suite>
<stat pass="0" fail="12" skip="0" id="s1" name="index">index</stat>
<stat pass="0" fail="6" skip="0" id="s1-s1" name="menu Operador">index.menu Operador</stat>
<stat pass="0" fail="4" skip="0" id="s1-s2" name="menu Turno">index.menu Turno</stat>
<stat pass="0" fail="2" skip="0" id="s1-s3" name="Realizar Login">index.Realizar Login</stat>
</suite>
</statistics>
<errors>
<msg time="2024-05-04T18:20:01.253868" level="ERROR">Error in file '/home/runner/work/fast2mine/fast2mine/resources/pages/gerenciamento/operador.resource' on line 8: Importing library 'pyautogui' failed: KeyError: 'DISPLAY'
Traceback (most recent call last):
  File "/opt/hostedtoolcache/Python/3.12.3/x64/lib/python3.12/site-packages/pyautogui/__init__.py", line 246, in &lt;module&gt;
    import mouseinfo
  File "/opt/hostedtoolcache/Python/3.12.3/x64/lib/python3.12/site-packages/mouseinfo/__init__.py", line 223, in &lt;module&gt;
    _display = Display(os.environ['DISPLAY'])
                       ~~~~~~~~~~^^^^^^^^^^^
  File "&lt;frozen os&gt;", line 685, in __getitem__
PYTHONPATH:
  /opt/hostedtoolcache/Python/3.12.3/x64/bin
  /opt/hostedtoolcache/Python/3.12.3/x64/lib/python312.zip
  /opt/hostedtoolcache/Python/3.12.3/x64/lib/python3.12
  /opt/hostedtoolcache/Python/3.12.3/x64/lib/python3.12/lib-dynload
  /opt/hostedtoolcache/Python/3.12.3/x64/lib/python3.12/site-packages</msg>
<msg time="2024-05-04T18:20:02.740102" level="ERROR">Error in file '/home/runner/work/fast2mine/fast2mine/resources/pages/gerenciamento/operador.resource' on line 8: Importing library 'pyautogui' failed: KeyError: 'DISPLAY'
Traceback (most recent call last):
  File "/opt/hostedtoolcache/Python/3.12.3/x64/lib/python3.12/site-packages/pyautogui/__init__.py", line 246, in &lt;module&gt;
    import mouseinfo
  File "/opt/hostedtoolcache/Python/3.12.3/x64/lib/python3.12/site-packages/mouseinfo/__init__.py", line 223, in &lt;module&gt;
    _display = Display(os.environ['DISPLAY'])
                       ~~~~~~~~~~^^^^^^^^^^^
  File "&lt;frozen os&gt;", line 685, in __getitem__
PYTHONPATH:
  /opt/hostedtoolcache/Python/3.12.3/x64/bin
  /opt/hostedtoolcache/Python/3.12.3/x64/lib/python312.zip
  /opt/hostedtoolcache/Python/3.12.3/x64/lib/python3.12
  /opt/hostedtoolcache/Python/3.12.3/x64/lib/python3.12/lib-dynload
  /opt/hostedtoolcache/Python/3.12.3/x64/lib/python3.12/site-packages</msg>
<msg time="2024-05-04T18:20:02.745737" level="ERROR">Error in file '/home/runner/work/fast2mine/fast2mine/resources/pages/gerenciamento/turno.resource' on line 6: Importing library 'FakerLibrary' failed: ModuleNotFoundError: No module named 'pkg_resources'
Traceback (most recent call last):
  File "/opt/hostedtoolcache/Python/3.12.3/x64/lib/python3.12/site-packages/FakerLibrary/__init__.py", line 1, in &lt;module&gt;
    import pkg_resources
PYTHONPATH:
  /opt/hostedtoolcache/Python/3.12.3/x64/bin
  /opt/hostedtoolcache/Python/3.12.3/x64/lib/python312.zip
  /opt/hostedtoolcache/Python/3.12.3/x64/lib/python3.12
  /opt/hostedtoolcache/Python/3.12.3/x64/lib/python3.12/lib-dynload
  /opt/hostedtoolcache/Python/3.12.3/x64/lib/python3.12/site-packages</msg>
<msg time="2024-05-04T18:20:02.750236" level="ERROR">Error in file '/home/runner/work/fast2mine/fast2mine/resources/pages/gerenciamento/turno.resource' on line 9: Importing library 'pyautogui' failed: KeyError: 'DISPLAY'
Traceback (most recent call last):
  File "/opt/hostedtoolcache/Python/3.12.3/x64/lib/python3.12/site-packages/pyautogui/__init__.py", line 246, in &lt;module&gt;
    import mouseinfo
  File "/opt/hostedtoolcache/Python/3.12.3/x64/lib/python3.12/site-packages/mouseinfo/__init__.py", line 223, in &lt;module&gt;
    _display = Display(os.environ['DISPLAY'])
                       ~~~~~~~~~~^^^^^^^^^^^
  File "&lt;frozen os&gt;", line 685, in __getitem__
PYTHONPATH:
  /opt/hostedtoolcache/Python/3.12.3/x64/bin
  /opt/hostedtoolcache/Python/3.12.3/x64/lib/python312.zip
  /opt/hostedtoolcache/Python/3.12.3/x64/lib/python3.12
  /opt/hostedtoolcache/Python/3.12.3/x64/lib/python3.12/lib-dynload
  /opt/hostedtoolcache/Python/3.12.3/x64/lib/python3.12/site-packages</msg>
</errors>
</robot>
